{"D:\\SVG\\src\\lib\\engine\\a11y.ts": {"path":"D:\\SVG\\src\\lib\\engine\\a11y.ts","statementMap":{"0":{"start":{"line":2,"column":29},"end":{"line":2,"column":null}},"1":{"start":{"line":5,"column":4},"end":{"line":7,"column":null}},"2":{"start":{"line":6,"column":8},"end":{"line":6,"column":null}},"3":{"start":{"line":10,"column":4},"end":{"line":12,"column":null}},"4":{"start":{"line":11,"column":8},"end":{"line":11,"column":null}},"5":{"start":{"line":15,"column":4},"end":{"line":17,"column":null}},"6":{"start":{"line":16,"column":8},"end":{"line":16,"column":null}},"7":{"start":{"line":19,"column":4},"end":{"line":22,"column":null}}},"fnMap":{"0":{"name":"checkA11y","decl":{"start":{"line":1,"column":16},"end":{"line":1,"column":26}},"loc":{"start":{"line":1,"column":45},"end":{"line":23,"column":null}},"line":1}},"branchMap":{"0":{"loc":{"start":{"line":5,"column":4},"end":{"line":7,"column":null}},"type":"if","locations":[{"start":{"line":5,"column":4},"end":{"line":7,"column":null}},{"start":{},"end":{}}],"line":5},"1":{"loc":{"start":{"line":10,"column":4},"end":{"line":12,"column":null}},"type":"if","locations":[{"start":{"line":10,"column":4},"end":{"line":12,"column":null}},{"start":{},"end":{}}],"line":10},"2":{"loc":{"start":{"line":15,"column":4},"end":{"line":17,"column":null}},"type":"if","locations":[{"start":{"line":15,"column":4},"end":{"line":17,"column":null}},{"start":{},"end":{}}],"line":15}},"s":{"0":156,"1":156,"2":0,"3":156,"4":0,"5":156,"6":0,"7":156},"f":{"0":156},"b":{"0":[0,156],"1":[0,156],"2":[0,156]},"meta":{"lastBranch":3,"lastFunction":1,"lastStatement":8,"seen":{"f:1:16:1:26":0,"s:2:29:2:Infinity":0,"b:5:4:7:Infinity:undefined:undefined:undefined:undefined":0,"s:5:4:7:Infinity":1,"s:6:8:6:Infinity":2,"b:10:4:12:Infinity:undefined:undefined:undefined:undefined":1,"s:10:4:12:Infinity":3,"s:11:8:11:Infinity":4,"b:15:4:17:Infinity:undefined:undefined:undefined:undefined":2,"s:15:4:17:Infinity":5,"s:16:8:16:Infinity":6,"s:19:4:22:Infinity":7}}}
,"D:\\SVG\\src\\lib\\engine\\index.ts": {"path":"D:\\SVG\\src\\lib\\engine\\index.ts","statementMap":{},"fnMap":{},"branchMap":{},"s":{},"f":{},"b":{},"meta":{"lastBranch":0,"lastFunction":0,"lastStatement":0,"seen":{}}}
,"D:\\SVG\\src\\lib\\engine\\core\\palettes.ts": {"path":"D:\\SVG\\src\\lib\\engine\\core\\palettes.ts","statementMap":{"0":{"start":{"line":7,"column":35},"end":{"line":94,"column":null}},"1":{"start":{"line":97,"column":1},"end":{"line":97,"column":null}},"2":{"start":{"line":97,"column":29},"end":{"line":97,"column":40}},"3":{"start":{"line":108,"column":16},"end":{"line":108,"column":null}},"4":{"start":{"line":109,"column":1},"end":{"line":122,"column":null}},"5":{"start":{"line":111,"column":3},"end":{"line":111,"column":null}},"6":{"start":{"line":113,"column":3},"end":{"line":113,"column":null}},"7":{"start":{"line":115,"column":3},"end":{"line":115,"column":null}},"8":{"start":{"line":117,"column":3},"end":{"line":117,"column":null}},"9":{"start":{"line":119,"column":3},"end":{"line":119,"column":null}},"10":{"start":{"line":121,"column":3},"end":{"line":121,"column":null}}},"fnMap":{"0":{"name":"getPalette","decl":{"start":{"line":96,"column":16},"end":{"line":96,"column":27}},"loc":{"start":{"line":96,"column":60},"end":{"line":98,"column":null}},"line":96},"1":{"name":"(anonymous_1)","decl":{"start":{"line":97,"column":22},"end":{"line":97,"column":23}},"loc":{"start":{"line":97,"column":29},"end":{"line":97,"column":40}},"line":97},"2":{"name":"getPaletteRole","decl":{"start":{"line":103,"column":16},"end":{"line":103,"column":null}},"loc":{"start":{"line":107,"column":10},"end":{"line":123,"column":null}},"line":107}},"branchMap":{"0":{"loc":{"start":{"line":106,"column":1},"end":{"line":106,"column":null}},"type":"default-arg","locations":[{"start":{"line":106,"column":17},"end":{"line":106,"column":null}}],"line":106},"1":{"loc":{"start":{"line":109,"column":1},"end":{"line":122,"column":null}},"type":"switch","locations":[{"start":{"line":110,"column":2},"end":{"line":111,"column":null}},{"start":{"line":112,"column":2},"end":{"line":113,"column":null}},{"start":{"line":114,"column":2},"end":{"line":115,"column":null}},{"start":{"line":116,"column":2},"end":{"line":117,"column":null}},{"start":{"line":118,"column":2},"end":{"line":119,"column":null}},{"start":{"line":120,"column":2},"end":{"line":121,"column":null}}],"line":109}},"s":{"0":2,"1":129,"2":290,"3":142,"4":142,"5":52,"6":0,"7":82,"8":8,"9":0,"10":0},"f":{"0":129,"1":290,"2":142},"b":{"0":[142],"1":[52,0,82,8,0,0]},"meta":{"lastBranch":2,"lastFunction":3,"lastStatement":11,"seen":{"s:7:35:94:Infinity":0,"f:96:16:96:27":0,"s:97:1:97:Infinity":1,"f:97:22:97:23":1,"s:97:29:97:40":2,"f:103:16:103:Infinity":2,"b:106:17:106:Infinity":0,"s:108:16:108:Infinity":3,"b:110:2:111:Infinity:112:2:113:Infinity:114:2:115:Infinity:116:2:117:Infinity:118:2:119:Infinity:120:2:121:Infinity":1,"s:109:1:122:Infinity":4,"s:111:3:111:Infinity":5,"s:113:3:113:Infinity":6,"s:115:3:115:Infinity":7,"s:117:3:117:Infinity":8,"s:119:3:119:Infinity":9,"s:121:3:121:Infinity":10}}}
,"D:\\SVG\\src\\lib\\engine\\core\\registry.ts": {"path":"D:\\SVG\\src\\lib\\engine\\core\\registry.ts","statementMap":{"0":{"start":{"line":15,"column":42},"end":{"line":30,"column":null}},"1":{"start":{"line":33,"column":1},"end":{"line":33,"column":null}},"2":{"start":{"line":33,"column":31},"end":{"line":33,"column":42}},"3":{"start":{"line":37,"column":1},"end":{"line":40,"column":null}},"4":{"start":{"line":37,"column":28},"end":{"line":37,"column":49}},"5":{"start":{"line":38,"column":2},"end":{"line":38,"column":null}},"6":{"start":{"line":39,"column":2},"end":{"line":39,"column":null}},"7":{"start":{"line":41,"column":1},"end":{"line":41,"column":null}}},"fnMap":{"0":{"name":"getGenerator","decl":{"start":{"line":32,"column":16},"end":{"line":32,"column":29}},"loc":{"start":{"line":32,"column":67},"end":{"line":34,"column":null}},"line":32},"1":{"name":"(anonymous_1)","decl":{"start":{"line":33,"column":24},"end":{"line":33,"column":25}},"loc":{"start":{"line":33,"column":31},"end":{"line":33,"column":42}},"line":33},"2":{"name":"registerGenerator","decl":{"start":{"line":36,"column":16},"end":{"line":36,"column":34}},"loc":{"start":{"line":36,"column":59},"end":{"line":42,"column":null}},"line":36},"3":{"name":"(anonymous_3)","decl":{"start":{"line":37,"column":21},"end":{"line":37,"column":22}},"loc":{"start":{"line":37,"column":28},"end":{"line":37,"column":49}},"line":37}},"branchMap":{"0":{"loc":{"start":{"line":37,"column":1},"end":{"line":40,"column":null}},"type":"if","locations":[{"start":{"line":37,"column":1},"end":{"line":40,"column":null}},{"start":{},"end":{}}],"line":37}},"s":{"0":2,"1":18,"2":52,"3":0,"4":0,"5":0,"6":0,"7":0},"f":{"0":18,"1":52,"2":0,"3":0},"b":{"0":[0,0]},"meta":{"lastBranch":1,"lastFunction":4,"lastStatement":8,"seen":{"s:15:42:30:Infinity":0,"f:32:16:32:29":0,"s:33:1:33:Infinity":1,"f:33:24:33:25":1,"s:33:31:33:42":2,"f:36:16:36:34":2,"b:37:1:40:Infinity:undefined:undefined:undefined:undefined":0,"s:37:1:40:Infinity":3,"f:37:21:37:22":3,"s:37:28:37:49":4,"s:38:2:38:Infinity":5,"s:39:2:39:Infinity":6,"s:41:1:41:Infinity":7}}}
,"D:\\SVG\\src\\lib\\engine\\core\\starters.ts": {"path":"D:\\SVG\\src\\lib\\engine\\core\\starters.ts","statementMap":{"0":{"start":{"line":10,"column":52},"end":{"line":158,"column":null}}},"fnMap":{},"branchMap":{},"s":{"0":1},"f":{},"b":{},"meta":{"lastBranch":0,"lastFunction":0,"lastStatement":1,"seen":{"s:10:52:158:Infinity":0}}}
,"D:\\SVG\\src\\lib\\engine\\core\\types.ts": {"path":"D:\\SVG\\src\\lib\\engine\\core\\types.ts","statementMap":{},"fnMap":{},"branchMap":{},"s":{},"f":{},"b":{},"meta":{"lastBranch":0,"lastFunction":0,"lastStatement":0,"seen":{}}}
,"D:\\SVG\\src\\lib\\engine\\generators\\abstract.ts": {"path":"D:\\SVG\\src\\lib\\engine\\generators\\abstract.ts","statementMap":{"0":{"start":{"line":4,"column":39},"end":{"line":179,"column":null}},"1":{"start":{"line":115,"column":6},"end":{"line":115,"column":null}},"2":{"start":{"line":117,"column":16},"end":{"line":117,"column":null}},"3":{"start":{"line":118,"column":18},"end":{"line":118,"column":null}},"4":{"start":{"line":120,"column":2},"end":{"line":126,"column":null}},"5":{"start":{"line":121,"column":9},"end":{"line":121,"column":null}},"6":{"start":{"line":122,"column":3},"end":{"line":125,"column":null}},"7":{"start":{"line":123,"column":4},"end":{"line":123,"column":null}},"8":{"start":{"line":124,"column":4},"end":{"line":124,"column":null}},"9":{"start":{"line":128,"column":26},"end":{"line":128,"column":null}},"10":{"start":{"line":130,"column":10},"end":{"line":130,"column":null}},"11":{"start":{"line":131,"column":15},"end":{"line":134,"column":null}},"12":{"start":{"line":132,"column":3},"end":{"line":132,"column":null}},"13":{"start":{"line":133,"column":3},"end":{"line":133,"column":null}},"14":{"start":{"line":137,"column":19},"end":{"line":144,"column":null}},"15":{"start":{"line":138,"column":3},"end":{"line":142,"column":null}},"16":{"start":{"line":146,"column":2},"end":{"line":163,"column":null}},"17":{"start":{"line":146,"column":15},"end":{"line":146,"column":18}},"18":{"start":{"line":147,"column":11},"end":{"line":147,"column":null}},"19":{"start":{"line":148,"column":11},"end":{"line":148,"column":null}},"20":{"start":{"line":149,"column":11},"end":{"line":149,"column":null}},"21":{"start":{"line":151,"column":3},"end":{"line":159,"column":null}},"22":{"start":{"line":151,"column":16},"end":{"line":151,"column":19}},"23":{"start":{"line":152,"column":18},"end":{"line":152,"column":null}},"24":{"start":{"line":153,"column":4},"end":{"line":153,"column":null}},"25":{"start":{"line":154,"column":4},"end":{"line":154,"column":null}},"26":{"start":{"line":155,"column":4},"end":{"line":155,"column":null}},"27":{"start":{"line":158,"column":4},"end":{"line":158,"column":null}},"28":{"start":{"line":158,"column":46},"end":{"line":158,"column":null}},"29":{"start":{"line":160,"column":3},"end":{"line":162,"column":null}},"30":{"start":{"line":165,"column":2},"end":{"line":177,"column":null}}},"fnMap":{"0":{"name":"(anonymous_0)","decl":{"start":{"line":104,"column":9},"end":{"line":104,"column":10}},"loc":{"start":{"line":104,"column":27},"end":{"line":178,"column":null}},"line":104},"1":{"name":"(anonymous_1)","decl":{"start":{"line":131,"column":15},"end":{"line":131,"column":21}},"loc":{"start":{"line":131,"column":21},"end":{"line":134,"column":null}},"line":131},"2":{"name":"(anonymous_2)","decl":{"start":{"line":137,"column":19},"end":{"line":137,"column":20}},"loc":{"start":{"line":137,"column":45},"end":{"line":144,"column":null}},"line":137}},"branchMap":{"0":{"loc":{"start":{"line":120,"column":2},"end":{"line":126,"column":null}},"type":"if","locations":[{"start":{"line":120,"column":2},"end":{"line":126,"column":null}},{"start":{},"end":{}}],"line":120},"1":{"loc":{"start":{"line":122,"column":3},"end":{"line":125,"column":null}},"type":"if","locations":[{"start":{"line":122,"column":3},"end":{"line":125,"column":null}},{"start":{},"end":{}}],"line":122},"2":{"loc":{"start":{"line":158,"column":4},"end":{"line":158,"column":null}},"type":"if","locations":[{"start":{"line":158,"column":4},"end":{"line":158,"column":null}},{"start":{},"end":{}}],"line":158},"3":{"loc":{"start":{"line":158,"column":8},"end":{"line":158,"column":46}},"type":"binary-expr","locations":[{"start":{"line":158,"column":8},"end":{"line":158,"column":17}},{"start":{"line":158,"column":17},"end":{"line":158,"column":28}},{"start":{"line":158,"column":28},"end":{"line":158,"column":37}},{"start":{"line":158,"column":37},"end":{"line":158,"column":46}}],"line":158},"4":{"loc":{"start":{"line":172,"column":10},"end":{"line":172,"column":82}},"type":"cond-expr","locations":[{"start":{"line":172,"column":24},"end":{"line":172,"column":29}},{"start":{"line":172,"column":29},"end":{"line":172,"column":82}}],"line":172}},"s":{"0":2,"1":17,"2":17,"3":17,"4":17,"5":14,"6":14,"7":14,"8":14,"9":17,"10":17,"11":17,"12":1700,"13":1700,"14":17,"15":17711,"16":17,"17":17,"18":850,"19":850,"20":850,"21":850,"22":850,"23":17711,"24":17711,"25":17711,"26":17711,"27":17711,"28":379,"29":850,"30":17},"f":{"0":17,"1":1700,"2":17711},"b":{"0":[14,3],"1":[14,0],"2":[379,17332],"3":[17711,17644,17526,17374],"4":[4,13]},"meta":{"lastBranch":5,"lastFunction":3,"lastStatement":31,"seen":{"s:4:39:179:Infinity":0,"f:104:9:104:10":0,"s:115:6:115:Infinity":1,"s:117:16:117:Infinity":2,"s:118:18:118:Infinity":3,"b:120:2:126:Infinity:undefined:undefined:undefined:undefined":0,"s:120:2:126:Infinity":4,"s:121:9:121:Infinity":5,"b:122:3:125:Infinity:undefined:undefined:undefined:undefined":1,"s:122:3:125:Infinity":6,"s:123:4:123:Infinity":7,"s:124:4:124:Infinity":8,"s:128:26:128:Infinity":9,"s:130:10:130:Infinity":10,"s:131:15:134:Infinity":11,"f:131:15:131:21":1,"s:132:3:132:Infinity":12,"s:133:3:133:Infinity":13,"s:137:19:144:Infinity":14,"f:137:19:137:20":2,"s:138:3:142:Infinity":15,"s:146:2:163:Infinity":16,"s:146:15:146:18":17,"s:147:11:147:Infinity":18,"s:148:11:148:Infinity":19,"s:149:11:149:Infinity":20,"s:151:3:159:Infinity":21,"s:151:16:151:19":22,"s:152:18:152:Infinity":23,"s:153:4:153:Infinity":24,"s:154:4:154:Infinity":25,"s:155:4:155:Infinity":26,"b:158:4:158:Infinity:undefined:undefined:undefined:undefined":2,"s:158:4:158:Infinity":27,"b:158:8:158:17:158:17:158:28:158:28:158:37:158:37:158:46":3,"s:158:46:158:Infinity":28,"s:160:3:162:Infinity":29,"s:165:2:177:Infinity":30,"b:172:24:172:29:172:29:172:82":4}}}
,"D:\\SVG\\src\\lib\\engine\\generators\\animations.ts": {"path":"D:\\SVG\\src\\lib\\engine\\generators\\animations.ts","statementMap":{"0":{"start":{"line":4,"column":35},"end":{"line":117,"column":null}},"1":{"start":{"line":75,"column":3},"end":{"line":75,"column":null}},"2":{"start":{"line":77,"column":19},"end":{"line":77,"column":null}},"3":{"start":{"line":78,"column":2},"end":{"line":83,"column":null}},"4":{"start":{"line":79,"column":9},"end":{"line":79,"column":null}},"5":{"start":{"line":80,"column":3},"end":{"line":82,"column":null}},"6":{"start":{"line":81,"column":4},"end":{"line":81,"column":null}},"7":{"start":{"line":85,"column":29},"end":{"line":85,"column":null}},"8":{"start":{"line":87,"column":2},"end":{"line":102,"column":null}},"9":{"start":{"line":87,"column":15},"end":{"line":87,"column":18}},"10":{"start":{"line":88,"column":13},"end":{"line":88,"column":null}},"11":{"start":{"line":89,"column":9},"end":{"line":89,"column":null}},"12":{"start":{"line":90,"column":9},"end":{"line":90,"column":null}},"13":{"start":{"line":93,"column":3},"end":{"line":95,"column":null}},"14":{"start":{"line":98,"column":3},"end":{"line":101,"column":null}},"15":{"start":{"line":104,"column":2},"end":{"line":115,"column":null}},"16":{"start":{"line":119,"column":40},"end":{"line":251,"column":null}},"17":{"start":{"line":183,"column":18},"end":{"line":183,"column":null}},"18":{"start":{"line":184,"column":16},"end":{"line":184,"column":null}},"19":{"start":{"line":185,"column":19},"end":{"line":185,"column":null}},"20":{"start":{"line":186,"column":16},"end":{"line":186,"column":null}},"21":{"start":{"line":187,"column":16},"end":{"line":187,"column":null}},"22":{"start":{"line":190,"column":23},"end":{"line":193,"column":null}},"23":{"start":{"line":191,"column":13},"end":{"line":191,"column":null}},"24":{"start":{"line":192,"column":3},"end":{"line":192,"column":null}},"25":{"start":{"line":195,"column":16},"end":{"line":195,"column":null}},"26":{"start":{"line":196,"column":18},"end":{"line":196,"column":null}},"27":{"start":{"line":196,"column":34},"end":{"line":196,"column":null}},"28":{"start":{"line":198,"column":26},"end":{"line":198,"column":null}},"29":{"start":{"line":199,"column":22},"end":{"line":199,"column":null}},"30":{"start":{"line":201,"column":2},"end":{"line":234,"column":null}},"31":{"start":{"line":201,"column":15},"end":{"line":201,"column":18}},"32":{"start":{"line":202,"column":13},"end":{"line":202,"column":null}},"33":{"start":{"line":203,"column":9},"end":{"line":203,"column":null}},"34":{"start":{"line":204,"column":9},"end":{"line":204,"column":null}},"35":{"start":{"line":205,"column":18},"end":{"line":205,"column":null}},"36":{"start":{"line":207,"column":20},"end":{"line":207,"column":null}},"37":{"start":{"line":208,"column":3},"end":{"line":211,"column":null}},"38":{"start":{"line":208,"column":16},"end":{"line":208,"column":19}},"39":{"start":{"line":209,"column":17},"end":{"line":209,"column":null}},"40":{"start":{"line":210,"column":4},"end":{"line":210,"column":null}},"41":{"start":{"line":213,"column":3},"end":{"line":233,"column":null}},"42":{"start":{"line":236,"column":2},"end":{"line":249,"column":null}}},"fnMap":{"0":{"name":"(anonymous_0)","decl":{"start":{"line":73,"column":9},"end":{"line":73,"column":10}},"loc":{"start":{"line":73,"column":27},"end":{"line":116,"column":null}},"line":73},"1":{"name":"(anonymous_1)","decl":{"start":{"line":182,"column":9},"end":{"line":182,"column":10}},"loc":{"start":{"line":182,"column":27},"end":{"line":250,"column":null}},"line":182},"2":{"name":"(anonymous_2)","decl":{"start":{"line":190,"column":23},"end":{"line":190,"column":24}},"loc":{"start":{"line":190,"column":39},"end":{"line":193,"column":null}},"line":190},"3":{"name":"(anonymous_3)","decl":{"start":{"line":196,"column":18},"end":{"line":196,"column":19}},"loc":{"start":{"line":196,"column":34},"end":{"line":196,"column":null}},"line":196}},"branchMap":{"0":{"loc":{"start":{"line":78,"column":2},"end":{"line":83,"column":null}},"type":"if","locations":[{"start":{"line":78,"column":2},"end":{"line":83,"column":null}},{"start":{},"end":{}}],"line":78},"1":{"loc":{"start":{"line":80,"column":3},"end":{"line":82,"column":null}},"type":"if","locations":[{"start":{"line":80,"column":3},"end":{"line":82,"column":null}},{"start":{},"end":{}}],"line":80},"2":{"loc":{"start":{"line":183,"column":36},"end":{"line":183,"column":56}},"type":"binary-expr","locations":[{"start":{"line":183,"column":36},"end":{"line":183,"column":54}},{"start":{"line":183,"column":54},"end":{"line":183,"column":56}}],"line":183},"3":{"loc":{"start":{"line":184,"column":23},"end":{"line":184,"column":40}},"type":"binary-expr","locations":[{"start":{"line":184,"column":23},"end":{"line":184,"column":39}},{"start":{"line":184,"column":39},"end":{"line":184,"column":40}}],"line":184},"4":{"loc":{"start":{"line":185,"column":26},"end":{"line":185,"column":46}},"type":"binary-expr","locations":[{"start":{"line":185,"column":26},"end":{"line":185,"column":45}},{"start":{"line":185,"column":45},"end":{"line":185,"column":46}}],"line":185},"5":{"loc":{"start":{"line":186,"column":23},"end":{"line":186,"column":48}},"type":"binary-expr","locations":[{"start":{"line":186,"column":23},"end":{"line":186,"column":39}},{"start":{"line":186,"column":39},"end":{"line":186,"column":48}}],"line":186},"6":{"loc":{"start":{"line":187,"column":23},"end":{"line":187,"column":47}},"type":"binary-expr","locations":[{"start":{"line":187,"column":23},"end":{"line":187,"column":45}},{"start":{"line":187,"column":45},"end":{"line":187,"column":47}}],"line":187}},"s":{"0":2,"1":15,"2":15,"3":15,"4":13,"5":13,"6":13,"7":15,"8":15,"9":15,"10":45,"11":45,"12":45,"13":45,"14":45,"15":15,"16":2,"17":19,"18":19,"19":19,"20":19,"21":19,"22":19,"23":9265,"24":9265,"25":19,"26":19,"27":7354,"28":19,"29":19,"30":19,"31":19,"32":637,"33":637,"34":637,"35":637,"36":637,"37":637,"38":637,"39":7354,"40":7354,"41":637,"42":19},"f":{"0":15,"1":19,"2":9265,"3":7354},"b":{"0":[13,2],"1":[13,0],"2":[19,0],"3":[19,0],"4":[19,0],"5":[19,0],"6":[19,0]},"meta":{"lastBranch":7,"lastFunction":4,"lastStatement":43,"seen":{"s:4:35:117:Infinity":0,"f:73:9:73:10":0,"s:75:3:75:Infinity":1,"s:77:19:77:Infinity":2,"b:78:2:83:Infinity:undefined:undefined:undefined:undefined":0,"s:78:2:83:Infinity":3,"s:79:9:79:Infinity":4,"b:80:3:82:Infinity:undefined:undefined:undefined:undefined":1,"s:80:3:82:Infinity":5,"s:81:4:81:Infinity":6,"s:85:29:85:Infinity":7,"s:87:2:102:Infinity":8,"s:87:15:87:18":9,"s:88:13:88:Infinity":10,"s:89:9:89:Infinity":11,"s:90:9:90:Infinity":12,"s:93:3:95:Infinity":13,"s:98:3:101:Infinity":14,"s:104:2:115:Infinity":15,"s:119:40:251:Infinity":16,"f:182:9:182:10":1,"s:183:18:183:Infinity":17,"b:183:36:183:54:183:54:183:56":2,"s:184:16:184:Infinity":18,"b:184:23:184:39:184:39:184:40":3,"s:185:19:185:Infinity":19,"b:185:26:185:45:185:45:185:46":4,"s:186:16:186:Infinity":20,"b:186:23:186:39:186:39:186:48":5,"s:187:16:187:Infinity":21,"b:187:23:187:45:187:45:187:47":6,"s:190:23:193:Infinity":22,"f:190:23:190:24":2,"s:191:13:191:Infinity":23,"s:192:3:192:Infinity":24,"s:195:16:195:Infinity":25,"s:196:18:196:Infinity":26,"f:196:18:196:19":3,"s:196:34:196:Infinity":27,"s:198:26:198:Infinity":28,"s:199:22:199:Infinity":29,"s:201:2:234:Infinity":30,"s:201:15:201:18":31,"s:202:13:202:Infinity":32,"s:203:9:203:Infinity":33,"s:204:9:204:Infinity":34,"s:205:18:205:Infinity":35,"s:207:20:207:Infinity":36,"s:208:3:211:Infinity":37,"s:208:16:208:19":38,"s:209:17:209:Infinity":39,"s:210:4:210:Infinity":40,"s:213:3:233:Infinity":41,"s:236:2:249:Infinity":42}}}
,"D:\\SVG\\src\\lib\\engine\\generators\\free-draw.ts": {"path":"D:\\SVG\\src\\lib\\engine\\generators\\free-draw.ts","statementMap":{"0":{"start":{"line":3,"column":38},"end":{"line":108,"column":null}},"1":{"start":{"line":54,"column":24},"end":{"line":54,"column":null}},"2":{"start":{"line":55,"column":24},"end":{"line":55,"column":null}},"3":{"start":{"line":56,"column":22},"end":{"line":56,"column":null}},"4":{"start":{"line":57,"column":18},"end":{"line":57,"column":null}},"5":{"start":{"line":59,"column":2},"end":{"line":61,"column":null}},"6":{"start":{"line":60,"column":3},"end":{"line":60,"column":null}},"7":{"start":{"line":67,"column":18},"end":{"line":67,"column":null}},"8":{"start":{"line":67,"column":51},"end":{"line":67,"column":70}},"9":{"start":{"line":69,"column":12},"end":{"line":69,"column":null}},"10":{"start":{"line":73,"column":2},"end":{"line":104,"column":null}},"11":{"start":{"line":75,"column":3},"end":{"line":84,"column":null}},"12":{"start":{"line":76,"column":18},"end":{"line":76,"column":null}},"13":{"start":{"line":77,"column":15},"end":{"line":77,"column":null}},"14":{"start":{"line":78,"column":15},"end":{"line":78,"column":null}},"15":{"start":{"line":79,"column":15},"end":{"line":79,"column":null}},"16":{"start":{"line":80,"column":15},"end":{"line":80,"column":null}},"17":{"start":{"line":81,"column":20},"end":{"line":81,"column":null}},"18":{"start":{"line":82,"column":4},"end":{"line":82,"column":null}},"19":{"start":{"line":83,"column":4},"end":{"line":83,"column":null}},"20":{"start":{"line":86,"column":17},"end":{"line":86,"column":null}},"21":{"start":{"line":89,"column":3},"end":{"line":101,"column":null}},"22":{"start":{"line":91,"column":4},"end":{"line":91,"column":null}},"23":{"start":{"line":92,"column":4},"end":{"line":92,"column":null}},"24":{"start":{"line":93,"column":4},"end":{"line":93,"column":null}},"25":{"start":{"line":94,"column":4},"end":{"line":94,"column":null}},"26":{"start":{"line":97,"column":4},"end":{"line":97,"column":null}},"27":{"start":{"line":98,"column":4},"end":{"line":98,"column":null}},"28":{"start":{"line":99,"column":4},"end":{"line":99,"column":null}},"29":{"start":{"line":100,"column":4},"end":{"line":100,"column":null}},"30":{"start":{"line":103,"column":3},"end":{"line":103,"column":null}},"31":{"start":{"line":106,"column":2},"end":{"line":106,"column":null}}},"fnMap":{"0":{"name":"(anonymous_0)","decl":{"start":{"line":53,"column":9},"end":{"line":53,"column":10}},"loc":{"start":{"line":53,"column":21},"end":{"line":107,"column":null}},"line":53},"1":{"name":"(anonymous_1)","decl":{"start":{"line":67,"column":44},"end":{"line":67,"column":45}},"loc":{"start":{"line":67,"column":51},"end":{"line":67,"column":70}},"line":67}},"branchMap":{"0":{"loc":{"start":{"line":54,"column":31},"end":{"line":54,"column":62}},"type":"binary-expr","locations":[{"start":{"line":54,"column":31},"end":{"line":54,"column":53}},{"start":{"line":54,"column":53},"end":{"line":54,"column":62}}],"line":54},"1":{"loc":{"start":{"line":55,"column":31},"end":{"line":55,"column":56}},"type":"binary-expr","locations":[{"start":{"line":55,"column":31},"end":{"line":55,"column":53}},{"start":{"line":55,"column":53},"end":{"line":55,"column":56}}],"line":55},"2":{"loc":{"start":{"line":56,"column":29},"end":{"line":56,"column":54}},"type":"binary-expr","locations":[{"start":{"line":56,"column":29},"end":{"line":56,"column":47}},{"start":{"line":56,"column":47},"end":{"line":56,"column":54}}],"line":56},"3":{"loc":{"start":{"line":57,"column":25},"end":{"line":57,"column":46}},"type":"binary-expr","locations":[{"start":{"line":57,"column":25},"end":{"line":57,"column":44}},{"start":{"line":57,"column":44},"end":{"line":57,"column":46}}],"line":57},"4":{"loc":{"start":{"line":59,"column":2},"end":{"line":61,"column":null}},"type":"if","locations":[{"start":{"line":59,"column":2},"end":{"line":61,"column":null}},{"start":{},"end":{}}],"line":59},"5":{"loc":{"start":{"line":75,"column":3},"end":{"line":84,"column":null}},"type":"if","locations":[{"start":{"line":75,"column":3},"end":{"line":84,"column":null}},{"start":{},"end":{}}],"line":75},"6":{"loc":{"start":{"line":77,"column":15},"end":{"line":77,"column":null}},"type":"binary-expr","locations":[{"start":{"line":77,"column":15},"end":{"line":77,"column":27}},{"start":{"line":77,"column":27},"end":{"line":77,"column":null}}],"line":77},"7":{"loc":{"start":{"line":78,"column":15},"end":{"line":78,"column":null}},"type":"binary-expr","locations":[{"start":{"line":78,"column":15},"end":{"line":78,"column":27}},{"start":{"line":78,"column":27},"end":{"line":78,"column":null}}],"line":78},"8":{"loc":{"start":{"line":79,"column":15},"end":{"line":79,"column":null}},"type":"binary-expr","locations":[{"start":{"line":79,"column":15},"end":{"line":79,"column":27}},{"start":{"line":79,"column":27},"end":{"line":79,"column":null}}],"line":79},"9":{"loc":{"start":{"line":80,"column":15},"end":{"line":80,"column":null}},"type":"binary-expr","locations":[{"start":{"line":80,"column":15},"end":{"line":80,"column":27}},{"start":{"line":80,"column":27},"end":{"line":80,"column":null}}],"line":80},"10":{"loc":{"start":{"line":89,"column":3},"end":{"line":101,"column":null}},"type":"if","locations":[{"start":{"line":89,"column":3},"end":{"line":101,"column":null}},{"start":{"line":95,"column":10},"end":{"line":101,"column":null}}],"line":89},"11":{"loc":{"start":{"line":92,"column":9},"end":{"line":92,"column":null}},"type":"binary-expr","locations":[{"start":{"line":92,"column":9},"end":{"line":92,"column":29}},{"start":{"line":92,"column":29},"end":{"line":92,"column":null}}],"line":92},"12":{"loc":{"start":{"line":93,"column":10},"end":{"line":93,"column":null}},"type":"binary-expr","locations":[{"start":{"line":93,"column":10},"end":{"line":93,"column":22}},{"start":{"line":93,"column":22},"end":{"line":93,"column":null}}],"line":93}},"s":{"0":2,"1":14,"2":14,"3":14,"4":14,"5":14,"6":14,"7":0,"8":0,"9":0,"10":0,"11":0,"12":0,"13":0,"14":0,"15":0,"16":0,"17":0,"18":0,"19":0,"20":0,"21":0,"22":0,"23":0,"24":0,"25":0,"26":0,"27":0,"28":0,"29":0,"30":0,"31":0},"f":{"0":14,"1":0},"b":{"0":[14,0],"1":[14,0],"2":[14,0],"3":[14,14],"4":[14,0],"5":[0,0],"6":[0,0],"7":[0,0],"8":[0,0],"9":[0,0],"10":[0,0],"11":[0,0],"12":[0,0]},"meta":{"lastBranch":13,"lastFunction":2,"lastStatement":32,"seen":{"s:3:38:108:Infinity":0,"f:53:9:53:10":0,"s:54:24:54:Infinity":1,"b:54:31:54:53:54:53:54:62":0,"s:55:24:55:Infinity":2,"b:55:31:55:53:55:53:55:56":1,"s:56:22:56:Infinity":3,"b:56:29:56:47:56:47:56:54":2,"s:57:18:57:Infinity":4,"b:57:25:57:44:57:44:57:46":3,"b:59:2:61:Infinity:undefined:undefined:undefined:undefined":4,"s:59:2:61:Infinity":5,"s:60:3:60:Infinity":6,"s:67:18:67:Infinity":7,"f:67:44:67:45":1,"s:67:51:67:70":8,"s:69:12:69:Infinity":9,"s:73:2:104:Infinity":10,"b:75:3:84:Infinity:undefined:undefined:undefined:undefined":5,"s:75:3:84:Infinity":11,"s:76:18:76:Infinity":12,"s:77:15:77:Infinity":13,"b:77:15:77:27:77:27:77:Infinity":6,"s:78:15:78:Infinity":14,"b:78:15:78:27:78:27:78:Infinity":7,"s:79:15:79:Infinity":15,"b:79:15:79:27:79:27:79:Infinity":8,"s:80:15:80:Infinity":16,"b:80:15:80:27:80:27:80:Infinity":9,"s:81:20:81:Infinity":17,"s:82:4:82:Infinity":18,"s:83:4:83:Infinity":19,"s:86:17:86:Infinity":20,"b:89:3:101:Infinity:95:10:101:Infinity":10,"s:89:3:101:Infinity":21,"s:91:4:91:Infinity":22,"s:92:4:92:Infinity":23,"b:92:9:92:29:92:29:92:Infinity":11,"s:93:4:93:Infinity":24,"b:93:10:93:22:93:22:93:Infinity":12,"s:94:4:94:Infinity":25,"s:97:4:97:Infinity":26,"s:98:4:98:Infinity":27,"s:99:4:99:Infinity":28,"s:100:4:100:Infinity":29,"s:103:3:103:Infinity":30,"s:106:2:106:Infinity":31}}}
,"D:\\SVG\\src\\lib\\engine\\generators\\gradient.ts": {"path":"D:\\SVG\\src\\lib\\engine\\generators\\gradient.ts","statementMap":{"0":{"start":{"line":3,"column":44},"end":{"line":74,"column":null}},"1":{"start":{"line":50,"column":49},"end":{"line":50,"column":null}},"2":{"start":{"line":51,"column":17},"end":{"line":51,"column":null}},"3":{"start":{"line":54,"column":8},"end":{"line":54,"column":null}},"4":{"start":{"line":55,"column":13},"end":{"line":55,"column":null}},"5":{"start":{"line":56,"column":13},"end":{"line":56,"column":null}},"6":{"start":{"line":57,"column":13},"end":{"line":57,"column":null}},"7":{"start":{"line":58,"column":13},"end":{"line":58,"column":null}},"8":{"start":{"line":60,"column":2},"end":{"line":72,"column":null}}},"fnMap":{"0":{"name":"(anonymous_0)","decl":{"start":{"line":49,"column":9},"end":{"line":49,"column":10}},"loc":{"start":{"line":49,"column":27},"end":{"line":73,"column":null}},"line":49}},"branchMap":{"0":{"loc":{"start":{"line":70,"column":10},"end":{"line":70,"column":87}},"type":"cond-expr","locations":[{"start":{"line":70,"column":24},"end":{"line":70,"column":29}},{"start":{"line":70,"column":29},"end":{"line":70,"column":87}}],"line":70}},"s":{"0":2,"1":12,"2":12,"3":12,"4":12,"5":12,"6":12,"7":12,"8":12},"f":{"0":12},"b":{"0":[2,10]},"meta":{"lastBranch":1,"lastFunction":1,"lastStatement":9,"seen":{"s:3:44:74:Infinity":0,"f:49:9:49:10":0,"s:50:49:50:Infinity":1,"s:51:17:51:Infinity":2,"s:54:8:54:Infinity":3,"s:55:13:55:Infinity":4,"s:56:13:56:Infinity":5,"s:57:13:57:Infinity":6,"s:58:13:58:Infinity":7,"s:60:2:72:Infinity":8,"b:70:24:70:29:70:29:70:87":0}}}
,"D:\\SVG\\src\\lib\\engine\\generators\\icons.ts": {"path":"D:\\SVG\\src\\lib\\engine\\generators\\icons.ts","statementMap":{"0":{"start":{"line":3,"column":40},"end":{"line":150,"column":null}},"1":{"start":{"line":91,"column":6},"end":{"line":91,"column":null}},"2":{"start":{"line":92,"column":15},"end":{"line":92,"column":null}},"3":{"start":{"line":93,"column":28},"end":{"line":93,"column":null}},"4":{"start":{"line":95,"column":10},"end":{"line":95,"column":null}},"5":{"start":{"line":96,"column":15},"end":{"line":99,"column":null}},"6":{"start":{"line":97,"column":3},"end":{"line":97,"column":null}},"7":{"start":{"line":98,"column":3},"end":{"line":98,"column":null}},"8":{"start":{"line":101,"column":21},"end":{"line":125,"column":null}},"9":{"start":{"line":107,"column":16},"end":{"line":107,"column":null}},"10":{"start":{"line":108,"column":14},"end":{"line":108,"column":null}},"11":{"start":{"line":109,"column":14},"end":{"line":109,"column":null}},"12":{"start":{"line":110,"column":13},"end":{"line":110,"column":null}},"13":{"start":{"line":112,"column":3},"end":{"line":124,"column":null}},"14":{"start":{"line":114,"column":5},"end":{"line":115,"column":null}},"15":{"start":{"line":117,"column":5},"end":{"line":117,"column":null}},"16":{"start":{"line":119,"column":5},"end":{"line":119,"column":null}},"17":{"start":{"line":121,"column":5},"end":{"line":121,"column":null}},"18":{"start":{"line":123,"column":5},"end":{"line":123,"column":null}},"19":{"start":{"line":127,"column":2},"end":{"line":134,"column":null}},"20":{"start":{"line":127,"column":15},"end":{"line":127,"column":18}},"21":{"start":{"line":128,"column":3},"end":{"line":133,"column":null}},"22":{"start":{"line":128,"column":16},"end":{"line":128,"column":19}},"23":{"start":{"line":129,"column":4},"end":{"line":132,"column":null}},"24":{"start":{"line":130,"column":18},"end":{"line":130,"column":null}},"25":{"start":{"line":131,"column":5},"end":{"line":131,"column":null}},"26":{"start":{"line":136,"column":2},"end":{"line":148,"column":null}}},"fnMap":{"0":{"name":"(anonymous_0)","decl":{"start":{"line":82,"column":9},"end":{"line":82,"column":10}},"loc":{"start":{"line":82,"column":27},"end":{"line":149,"column":null}},"line":82},"1":{"name":"(anonymous_1)","decl":{"start":{"line":96,"column":15},"end":{"line":96,"column":21}},"loc":{"start":{"line":96,"column":21},"end":{"line":99,"column":null}},"line":96},"2":{"name":"(anonymous_2)","decl":{"start":{"line":101,"column":21},"end":{"line":101,"column":null}},"loc":{"start":{"line":106,"column":7},"end":{"line":125,"column":null}},"line":106}},"branchMap":{"0":{"loc":{"start":{"line":112,"column":3},"end":{"line":124,"column":null}},"type":"switch","locations":[{"start":{"line":113,"column":4},"end":{"line":115,"column":null}},{"start":{"line":116,"column":4},"end":{"line":117,"column":null}},{"start":{"line":118,"column":4},"end":{"line":119,"column":null}},{"start":{"line":120,"column":4},"end":{"line":121,"column":null}},{"start":{"line":122,"column":4},"end":{"line":123,"column":null}}],"line":112},"1":{"loc":{"start":{"line":129,"column":4},"end":{"line":132,"column":null}},"type":"if","locations":[{"start":{"line":129,"column":4},"end":{"line":132,"column":null}},{"start":{},"end":{}}],"line":129},"2":{"loc":{"start":{"line":143,"column":10},"end":{"line":143,"column":82}},"type":"cond-expr","locations":[{"start":{"line":143,"column":24},"end":{"line":143,"column":29}},{"start":{"line":143,"column":29},"end":{"line":143,"column":82}}],"line":143}},"s":{"0":2,"1":18,"2":18,"3":18,"4":18,"5":18,"6":2049,"7":2049,"8":18,"9":897,"10":897,"11":897,"12":897,"13":897,"14":294,"15":167,"16":272,"17":164,"18":0,"19":18,"20":18,"21":144,"22":144,"23":1152,"24":897,"25":897,"26":18},"f":{"0":18,"1":2049,"2":897},"b":{"0":[294,167,272,164,0],"1":[897,255],"2":[2,16]},"meta":{"lastBranch":3,"lastFunction":3,"lastStatement":27,"seen":{"s:3:40:150:Infinity":0,"f:82:9:82:10":0,"s:91:6:91:Infinity":1,"s:92:15:92:Infinity":2,"s:93:28:93:Infinity":3,"s:95:10:95:Infinity":4,"s:96:15:99:Infinity":5,"f:96:15:96:21":1,"s:97:3:97:Infinity":6,"s:98:3:98:Infinity":7,"s:101:21:125:Infinity":8,"f:101:21:101:Infinity":2,"s:107:16:107:Infinity":9,"s:108:14:108:Infinity":10,"s:109:14:109:Infinity":11,"s:110:13:110:Infinity":12,"b:113:4:115:Infinity:116:4:117:Infinity:118:4:119:Infinity:120:4:121:Infinity:122:4:123:Infinity":0,"s:112:3:124:Infinity":13,"s:114:5:115:Infinity":14,"s:117:5:117:Infinity":15,"s:119:5:119:Infinity":16,"s:121:5:121:Infinity":17,"s:123:5:123:Infinity":18,"s:127:2:134:Infinity":19,"s:127:15:127:18":20,"s:128:3:133:Infinity":21,"s:128:16:128:19":22,"b:129:4:132:Infinity:undefined:undefined:undefined:undefined":1,"s:129:4:132:Infinity":23,"s:130:18:130:Infinity":24,"s:131:5:131:Infinity":25,"s:136:2:148:Infinity":26,"b:143:24:143:29:143:29:143:82":2}}}
,"D:\\SVG\\src\\lib\\engine\\generators\\layouts.ts": {"path":"D:\\SVG\\src\\lib\\engine\\generators\\layouts.ts","statementMap":{"0":{"start":{"line":4,"column":36},"end":{"line":146,"column":null}},"1":{"start":{"line":96,"column":6},"end":{"line":96,"column":null}},"2":{"start":{"line":98,"column":16},"end":{"line":98,"column":null}},"3":{"start":{"line":99,"column":20},"end":{"line":99,"column":null}},"4":{"start":{"line":100,"column":23},"end":{"line":100,"column":null}},"5":{"start":{"line":102,"column":2},"end":{"line":109,"column":null}},"6":{"start":{"line":103,"column":9},"end":{"line":103,"column":null}},"7":{"start":{"line":104,"column":3},"end":{"line":108,"column":null}},"8":{"start":{"line":105,"column":4},"end":{"line":105,"column":null}},"9":{"start":{"line":106,"column":4},"end":{"line":106,"column":null}},"10":{"start":{"line":107,"column":4},"end":{"line":107,"column":null}},"11":{"start":{"line":111,"column":27},"end":{"line":111,"column":null}},"12":{"start":{"line":113,"column":10},"end":{"line":113,"column":null}},"13":{"start":{"line":114,"column":15},"end":{"line":117,"column":null}},"14":{"start":{"line":115,"column":3},"end":{"line":115,"column":null}},"15":{"start":{"line":116,"column":3},"end":{"line":116,"column":null}},"16":{"start":{"line":119,"column":15},"end":{"line":119,"column":null}},"17":{"start":{"line":120,"column":2},"end":{"line":130,"column":null}},"18":{"start":{"line":120,"column":15},"end":{"line":120,"column":18}},"19":{"start":{"line":121,"column":13},"end":{"line":121,"column":null}},"20":{"start":{"line":122,"column":13},"end":{"line":122,"column":null}},"21":{"start":{"line":123,"column":13},"end":{"line":123,"column":null}},"22":{"start":{"line":124,"column":13},"end":{"line":124,"column":null}},"23":{"start":{"line":125,"column":17},"end":{"line":125,"column":null}},"24":{"start":{"line":127,"column":3},"end":{"line":129,"column":null}},"25":{"start":{"line":132,"column":2},"end":{"line":144,"column":null}}},"fnMap":{"0":{"name":"(anonymous_0)","decl":{"start":{"line":86,"column":9},"end":{"line":86,"column":10}},"loc":{"start":{"line":86,"column":27},"end":{"line":145,"column":null}},"line":86},"1":{"name":"(anonymous_1)","decl":{"start":{"line":114,"column":15},"end":{"line":114,"column":21}},"loc":{"start":{"line":114,"column":21},"end":{"line":117,"column":null}},"line":114}},"branchMap":{"0":{"loc":{"start":{"line":102,"column":2},"end":{"line":109,"column":null}},"type":"if","locations":[{"start":{"line":102,"column":2},"end":{"line":109,"column":null}},{"start":{},"end":{}}],"line":102},"1":{"loc":{"start":{"line":104,"column":3},"end":{"line":108,"column":null}},"type":"if","locations":[{"start":{"line":104,"column":3},"end":{"line":108,"column":null}},{"start":{},"end":{}}],"line":104},"2":{"loc":{"start":{"line":125,"column":17},"end":{"line":125,"column":null}},"type":"cond-expr","locations":[{"start":{"line":125,"column":32},"end":{"line":125,"column":46}},{"start":{"line":125,"column":46},"end":{"line":125,"column":null}}],"line":125},"3":{"loc":{"start":{"line":139,"column":10},"end":{"line":139,"column":82}},"type":"cond-expr","locations":[{"start":{"line":139,"column":24},"end":{"line":139,"column":29}},{"start":{"line":139,"column":29},"end":{"line":139,"column":82}}],"line":139}},"s":{"0":2,"1":14,"2":14,"3":14,"4":14,"5":14,"6":8,"7":8,"8":8,"9":8,"10":8,"11":14,"12":14,"13":14,"14":280,"15":280,"16":14,"17":14,"18":14,"19":56,"20":56,"21":56,"22":56,"23":56,"24":56,"25":14},"f":{"0":14,"1":280},"b":{"0":[8,6],"1":[8,0],"2":[22,34],"3":[3,11]},"meta":{"lastBranch":4,"lastFunction":2,"lastStatement":26,"seen":{"s:4:36:146:Infinity":0,"f:86:9:86:10":0,"s:96:6:96:Infinity":1,"s:98:16:98:Infinity":2,"s:99:20:99:Infinity":3,"s:100:23:100:Infinity":4,"b:102:2:109:Infinity:undefined:undefined:undefined:undefined":0,"s:102:2:109:Infinity":5,"s:103:9:103:Infinity":6,"b:104:3:108:Infinity:undefined:undefined:undefined:undefined":1,"s:104:3:108:Infinity":7,"s:105:4:105:Infinity":8,"s:106:4:106:Infinity":9,"s:107:4:107:Infinity":10,"s:111:27:111:Infinity":11,"s:113:10:113:Infinity":12,"s:114:15:117:Infinity":13,"f:114:15:114:21":1,"s:115:3:115:Infinity":14,"s:116:3:116:Infinity":15,"s:119:15:119:Infinity":16,"s:120:2:130:Infinity":17,"s:120:15:120:18":18,"s:121:13:121:Infinity":19,"s:122:13:122:Infinity":20,"s:123:13:123:Infinity":21,"s:124:13:124:Infinity":22,"s:125:17:125:Infinity":23,"b:125:32:125:46:125:46:125:Infinity":2,"s:127:3:129:Infinity":24,"s:132:2:144:Infinity":25,"b:139:24:139:29:139:29:139:82":3}}}
,"D:\\SVG\\src\\lib\\engine\\generators\\patterns.ts": {"path":"D:\\SVG\\src\\lib\\engine\\generators\\patterns.ts","statementMap":{"0":{"start":{"line":5,"column":12},"end":{"line":5,"column":null}},"1":{"start":{"line":5,"column":27},"end":{"line":5,"column":null}},"2":{"start":{"line":7,"column":34},"end":{"line":152,"column":null}},"3":{"start":{"line":106,"column":6},"end":{"line":106,"column":null}},"4":{"start":{"line":108,"column":16},"end":{"line":108,"column":null}},"5":{"start":{"line":109,"column":17},"end":{"line":109,"column":null}},"6":{"start":{"line":111,"column":2},"end":{"line":117,"column":null}},"7":{"start":{"line":112,"column":9},"end":{"line":112,"column":null}},"8":{"start":{"line":113,"column":3},"end":{"line":116,"column":null}},"9":{"start":{"line":114,"column":4},"end":{"line":114,"column":null}},"10":{"start":{"line":115,"column":4},"end":{"line":115,"column":null}},"11":{"start":{"line":119,"column":29},"end":{"line":119,"column":null}},"12":{"start":{"line":122,"column":10},"end":{"line":122,"column":null}},"13":{"start":{"line":123,"column":15},"end":{"line":126,"column":null}},"14":{"start":{"line":124,"column":3},"end":{"line":124,"column":null}},"15":{"start":{"line":125,"column":3},"end":{"line":125,"column":null}},"16":{"start":{"line":128,"column":2},"end":{"line":136,"column":null}},"17":{"start":{"line":128,"column":15},"end":{"line":128,"column":18}},"18":{"start":{"line":129,"column":3},"end":{"line":135,"column":null}},"19":{"start":{"line":129,"column":16},"end":{"line":129,"column":19}},"20":{"start":{"line":130,"column":15},"end":{"line":130,"column":null}},"21":{"start":{"line":131,"column":15},"end":{"line":131,"column":null}},"22":{"start":{"line":132,"column":4},"end":{"line":134,"column":null}},"23":{"start":{"line":138,"column":2},"end":{"line":150,"column":null}},"24":{"start":{"line":154,"column":34},"end":{"line":299,"column":null}},"25":{"start":{"line":249,"column":6},"end":{"line":249,"column":null}},"26":{"start":{"line":251,"column":16},"end":{"line":251,"column":null}},"27":{"start":{"line":252,"column":18},"end":{"line":252,"column":null}},"28":{"start":{"line":254,"column":2},"end":{"line":260,"column":null}},"29":{"start":{"line":255,"column":9},"end":{"line":255,"column":null}},"30":{"start":{"line":256,"column":3},"end":{"line":259,"column":null}},"31":{"start":{"line":257,"column":4},"end":{"line":257,"column":null}},"32":{"start":{"line":258,"column":4},"end":{"line":258,"column":null}},"33":{"start":{"line":262,"column":15},"end":{"line":262,"column":null}},"34":{"start":{"line":263,"column":26},"end":{"line":263,"column":null}},"35":{"start":{"line":264,"column":29},"end":{"line":264,"column":null}},"36":{"start":{"line":266,"column":2},"end":{"line":282,"column":null}},"37":{"start":{"line":266,"column":15},"end":{"line":266,"column":18}},"38":{"start":{"line":267,"column":15},"end":{"line":267,"column":null}},"39":{"start":{"line":268,"column":3},"end":{"line":270,"column":null}},"40":{"start":{"line":271,"column":3},"end":{"line":273,"column":null}},"41":{"start":{"line":275,"column":3},"end":{"line":281,"column":null}},"42":{"start":{"line":276,"column":4},"end":{"line":280,"column":null}},"43":{"start":{"line":276,"column":17},"end":{"line":276,"column":20}},"44":{"start":{"line":277,"column":5},"end":{"line":279,"column":null}},"45":{"start":{"line":284,"column":2},"end":{"line":297,"column":null}}},"fnMap":{"0":{"name":"(anonymous_0)","decl":{"start":{"line":5,"column":12},"end":{"line":5,"column":13}},"loc":{"start":{"line":5,"column":27},"end":{"line":5,"column":null}},"line":5},"1":{"name":"(anonymous_1)","decl":{"start":{"line":96,"column":9},"end":{"line":96,"column":10}},"loc":{"start":{"line":96,"column":27},"end":{"line":151,"column":null}},"line":96},"2":{"name":"(anonymous_2)","decl":{"start":{"line":123,"column":15},"end":{"line":123,"column":21}},"loc":{"start":{"line":123,"column":21},"end":{"line":126,"column":null}},"line":123},"3":{"name":"(anonymous_3)","decl":{"start":{"line":239,"column":9},"end":{"line":239,"column":10}},"loc":{"start":{"line":239,"column":27},"end":{"line":298,"column":null}},"line":239}},"branchMap":{"0":{"loc":{"start":{"line":111,"column":2},"end":{"line":117,"column":null}},"type":"if","locations":[{"start":{"line":111,"column":2},"end":{"line":117,"column":null}},{"start":{},"end":{}}],"line":111},"1":{"loc":{"start":{"line":113,"column":3},"end":{"line":116,"column":null}},"type":"if","locations":[{"start":{"line":113,"column":3},"end":{"line":116,"column":null}},{"start":{},"end":{}}],"line":113},"2":{"loc":{"start":{"line":130,"column":15},"end":{"line":130,"column":null}},"type":"cond-expr","locations":[{"start":{"line":130,"column":15},"end":{"line":130,"column":50}},{"start":{"line":130,"column":50},"end":{"line":130,"column":null}}],"line":130},"3":{"loc":{"start":{"line":131,"column":15},"end":{"line":131,"column":null}},"type":"cond-expr","locations":[{"start":{"line":131,"column":15},"end":{"line":131,"column":50}},{"start":{"line":131,"column":50},"end":{"line":131,"column":null}}],"line":131},"4":{"loc":{"start":{"line":145,"column":10},"end":{"line":145,"column":82}},"type":"cond-expr","locations":[{"start":{"line":145,"column":24},"end":{"line":145,"column":29}},{"start":{"line":145,"column":29},"end":{"line":145,"column":82}}],"line":145},"5":{"loc":{"start":{"line":254,"column":2},"end":{"line":260,"column":null}},"type":"if","locations":[{"start":{"line":254,"column":2},"end":{"line":260,"column":null}},{"start":{},"end":{}}],"line":254},"6":{"loc":{"start":{"line":256,"column":3},"end":{"line":259,"column":null}},"type":"if","locations":[{"start":{"line":256,"column":3},"end":{"line":259,"column":null}},{"start":{},"end":{}}],"line":256},"7":{"loc":{"start":{"line":275,"column":3},"end":{"line":281,"column":null}},"type":"if","locations":[{"start":{"line":275,"column":3},"end":{"line":281,"column":null}},{"start":{},"end":{}}],"line":275},"8":{"loc":{"start":{"line":291,"column":10},"end":{"line":291,"column":82}},"type":"cond-expr","locations":[{"start":{"line":291,"column":24},"end":{"line":291,"column":29}},{"start":{"line":291,"column":29},"end":{"line":291,"column":82}}],"line":291}},"s":{"0":2,"1":7104,"2":2,"3":20,"4":20,"5":20,"6":20,"7":16,"8":16,"9":16,"10":16,"11":20,"12":20,"13":20,"14":286,"15":286,"16":20,"17":20,"18":117,"19":117,"20":795,"21":795,"22":795,"23":20,"24":2,"25":16,"26":16,"27":16,"28":16,"29":14,"30":14,"31":14,"32":14,"33":16,"34":16,"35":16,"36":16,"37":16,"38":176,"39":176,"40":176,"41":176,"42":143,"43":143,"44":1573,"45":16},"f":{"0":7104,"1":20,"2":286,"3":16},"b":{"0":[16,4],"1":[16,0],"2":[143,652],"3":[143,652],"4":[1,19],"5":[14,2],"6":[14,0],"7":[143,33],"8":[3,13]},"meta":{"lastBranch":9,"lastFunction":4,"lastStatement":46,"seen":{"s:5:12:5:Infinity":0,"f:5:12:5:13":0,"s:5:27:5:Infinity":1,"s:7:34:152:Infinity":2,"f:96:9:96:10":1,"s:106:6:106:Infinity":3,"s:108:16:108:Infinity":4,"s:109:17:109:Infinity":5,"b:111:2:117:Infinity:undefined:undefined:undefined:undefined":0,"s:111:2:117:Infinity":6,"s:112:9:112:Infinity":7,"b:113:3:116:Infinity:undefined:undefined:undefined:undefined":1,"s:113:3:116:Infinity":8,"s:114:4:114:Infinity":9,"s:115:4:115:Infinity":10,"s:119:29:119:Infinity":11,"s:122:10:122:Infinity":12,"s:123:15:126:Infinity":13,"f:123:15:123:21":2,"s:124:3:124:Infinity":14,"s:125:3:125:Infinity":15,"s:128:2:136:Infinity":16,"s:128:15:128:18":17,"s:129:3:135:Infinity":18,"s:129:16:129:19":19,"s:130:15:130:Infinity":20,"b:130:15:130:50:130:50:130:Infinity":2,"s:131:15:131:Infinity":21,"b:131:15:131:50:131:50:131:Infinity":3,"s:132:4:134:Infinity":22,"s:138:2:150:Infinity":23,"b:145:24:145:29:145:29:145:82":4,"s:154:34:299:Infinity":24,"f:239:9:239:10":3,"s:249:6:249:Infinity":25,"s:251:16:251:Infinity":26,"s:252:18:252:Infinity":27,"b:254:2:260:Infinity:undefined:undefined:undefined:undefined":5,"s:254:2:260:Infinity":28,"s:255:9:255:Infinity":29,"b:256:3:259:Infinity:undefined:undefined:undefined:undefined":6,"s:256:3:259:Infinity":30,"s:257:4:257:Infinity":31,"s:258:4:258:Infinity":32,"s:262:15:262:Infinity":33,"s:263:26:263:Infinity":34,"s:264:29:264:Infinity":35,"s:266:2:282:Infinity":36,"s:266:15:266:18":37,"s:267:15:267:Infinity":38,"s:268:3:270:Infinity":39,"s:271:3:273:Infinity":40,"b:275:3:281:Infinity:undefined:undefined:undefined:undefined":7,"s:275:3:281:Infinity":41,"s:276:4:280:Infinity":42,"s:276:17:276:20":43,"s:277:5:279:Infinity":44,"s:284:2:297:Infinity":45,"b:291:24:291:29:291:29:291:82":8}}}
,"D:\\SVG\\src\\lib\\engine\\generators\\pro-complexity.ts": {"path":"D:\\SVG\\src\\lib\\engine\\generators\\pro-complexity.ts","statementMap":{"0":{"start":{"line":5,"column":21},"end":{"line":8,"column":null}},"1":{"start":{"line":6,"column":9},"end":{"line":6,"column":null}},"2":{"start":{"line":7,"column":1},"end":{"line":7,"column":null}},"3":{"start":{"line":11,"column":12},"end":{"line":11,"column":null}},"4":{"start":{"line":11,"column":27},"end":{"line":11,"column":null}},"5":{"start":{"line":13,"column":50},"end":{"line":346,"column":null}},"6":{"start":{"line":170,"column":20},"end":{"line":170,"column":null}},"7":{"start":{"line":171,"column":17},"end":{"line":171,"column":null}},"8":{"start":{"line":171,"column":23},"end":{"line":171,"column":null}},"9":{"start":{"line":188,"column":6},"end":{"line":188,"column":null}},"10":{"start":{"line":190,"column":15},"end":{"line":190,"column":null}},"11":{"start":{"line":191,"column":2},"end":{"line":194,"column":null}},"12":{"start":{"line":192,"column":9},"end":{"line":192,"column":null}},"13":{"start":{"line":193,"column":3},"end":{"line":193,"column":null}},"14":{"start":{"line":193,"column":12},"end":{"line":193,"column":null}},"15":{"start":{"line":196,"column":19},"end":{"line":196,"column":null}},"16":{"start":{"line":197,"column":18},"end":{"line":197,"column":null}},"17":{"start":{"line":199,"column":18},"end":{"line":199,"column":null}},"18":{"start":{"line":200,"column":2},"end":{"line":200,"column":null}},"19":{"start":{"line":201,"column":2},"end":{"line":201,"column":null}},"20":{"start":{"line":204,"column":2},"end":{"line":217,"column":null}},"21":{"start":{"line":237,"column":2},"end":{"line":245,"column":null}},"22":{"start":{"line":238,"column":3},"end":{"line":242,"column":null}},"23":{"start":{"line":247,"column":2},"end":{"line":260,"column":null}},"24":{"start":{"line":248,"column":26},"end":{"line":248,"column":null}},"25":{"start":{"line":250,"column":3},"end":{"line":252,"column":null}},"26":{"start":{"line":250,"column":16},"end":{"line":250,"column":19}},"27":{"start":{"line":251,"column":4},"end":{"line":251,"column":null}},"28":{"start":{"line":254,"column":3},"end":{"line":257,"column":null}},"29":{"start":{"line":261,"column":2},"end":{"line":261,"column":null}},"30":{"start":{"line":263,"column":2},"end":{"line":263,"column":null}},"31":{"start":{"line":265,"column":2},"end":{"line":267,"column":null}},"32":{"start":{"line":266,"column":3},"end":{"line":266,"column":null}},"33":{"start":{"line":272,"column":20},"end":{"line":272,"column":null}},"34":{"start":{"line":273,"column":20},"end":{"line":273,"column":null}},"35":{"start":{"line":276,"column":2},"end":{"line":276,"column":null}},"36":{"start":{"line":278,"column":2},"end":{"line":312,"column":null}},"37":{"start":{"line":278,"column":19},"end":{"line":278,"column":22}},"38":{"start":{"line":279,"column":21},"end":{"line":279,"column":null}},"39":{"start":{"line":281,"column":23},"end":{"line":281,"column":null}},"40":{"start":{"line":282,"column":26},"end":{"line":282,"column":null}},"41":{"start":{"line":284,"column":11},"end":{"line":284,"column":null}},"42":{"start":{"line":285,"column":3},"end":{"line":303,"column":null}},"43":{"start":{"line":285,"column":16},"end":{"line":285,"column":19}},"44":{"start":{"line":287,"column":15},"end":{"line":287,"column":null}},"45":{"start":{"line":290,"column":5},"end":{"line":293,"column":null}},"46":{"start":{"line":295,"column":14},"end":{"line":295,"column":null}},"47":{"start":{"line":296,"column":14},"end":{"line":296,"column":null}},"48":{"start":{"line":298,"column":4},"end":{"line":302,"column":null}},"49":{"start":{"line":299,"column":5},"end":{"line":299,"column":null}},"50":{"start":{"line":301,"column":5},"end":{"line":301,"column":null}},"51":{"start":{"line":304,"column":3},"end":{"line":304,"column":null}},"52":{"start":{"line":307,"column":4},"end":{"line":309,"column":null}},"53":{"start":{"line":311,"column":3},"end":{"line":311,"column":null}},"54":{"start":{"line":313,"column":2},"end":{"line":313,"column":null}},"55":{"start":{"line":316,"column":23},"end":{"line":316,"column":null}},"56":{"start":{"line":317,"column":2},"end":{"line":320,"column":null}},"57":{"start":{"line":317,"column":15},"end":{"line":317,"column":18}},"58":{"start":{"line":318,"column":21},"end":{"line":318,"column":null}},"59":{"start":{"line":319,"column":3},"end":{"line":319,"column":null}},"60":{"start":{"line":321,"column":2},"end":{"line":321,"column":null}},"61":{"start":{"line":326,"column":2},"end":{"line":330,"column":null}},"62":{"start":{"line":327,"column":3},"end":{"line":327,"column":null}},"63":{"start":{"line":329,"column":3},"end":{"line":329,"column":null}},"64":{"start":{"line":335,"column":20},"end":{"line":335,"column":null}},"65":{"start":{"line":336,"column":2},"end":{"line":336,"column":null}},"66":{"start":{"line":337,"column":2},"end":{"line":337,"column":null}},"67":{"start":{"line":339,"column":2},"end":{"line":341,"column":null}},"68":{"start":{"line":340,"column":3},"end":{"line":340,"column":null}},"69":{"start":{"line":343,"column":2},"end":{"line":343,"column":null}},"70":{"start":{"line":344,"column":2},"end":{"line":344,"column":null}}},"fnMap":{"0":{"name":"(anonymous_0)","decl":{"start":{"line":5,"column":21},"end":{"line":5,"column":22}},"loc":{"start":{"line":5,"column":39},"end":{"line":8,"column":null}},"line":5},"1":{"name":"(anonymous_1)","decl":{"start":{"line":11,"column":12},"end":{"line":11,"column":13}},"loc":{"start":{"line":11,"column":27},"end":{"line":11,"column":null}},"line":11},"2":{"name":"(anonymous_2)","decl":{"start":{"line":169,"column":9},"end":{"line":169,"column":10}},"loc":{"start":{"line":169,"column":27},"end":{"line":345,"column":null}},"line":169},"3":{"name":"(anonymous_3)","decl":{"start":{"line":171,"column":17},"end":{"line":171,"column":23}},"loc":{"start":{"line":171,"column":23},"end":{"line":171,"column":null}},"line":171}},"branchMap":{"0":{"loc":{"start":{"line":191,"column":2},"end":{"line":194,"column":null}},"type":"if","locations":[{"start":{"line":191,"column":2},"end":{"line":194,"column":null}},{"start":{},"end":{}}],"line":191},"1":{"loc":{"start":{"line":193,"column":3},"end":{"line":193,"column":null}},"type":"if","locations":[{"start":{"line":193,"column":3},"end":{"line":193,"column":null}},{"start":{},"end":{}}],"line":193},"2":{"loc":{"start":{"line":199,"column":108},"end":{"line":199,"column":145}},"type":"cond-expr","locations":[{"start":{"line":199,"column":122},"end":{"line":199,"column":138}},{"start":{"line":199,"column":138},"end":{"line":199,"column":145}}],"line":199},"3":{"loc":{"start":{"line":200,"column":25},"end":{"line":200,"column":54}},"type":"binary-expr","locations":[{"start":{"line":200,"column":25},"end":{"line":200,"column":40}},{"start":{"line":200,"column":40},"end":{"line":200,"column":54}}],"line":200},"4":{"loc":{"start":{"line":237,"column":2},"end":{"line":245,"column":null}},"type":"if","locations":[{"start":{"line":237,"column":2},"end":{"line":245,"column":null}},{"start":{},"end":{}}],"line":237},"5":{"loc":{"start":{"line":247,"column":2},"end":{"line":260,"column":null}},"type":"if","locations":[{"start":{"line":247,"column":2},"end":{"line":260,"column":null}},{"start":{},"end":{}}],"line":247},"6":{"loc":{"start":{"line":265,"column":2},"end":{"line":267,"column":null}},"type":"if","locations":[{"start":{"line":265,"column":2},"end":{"line":267,"column":null}},{"start":{},"end":{}}],"line":265},"7":{"loc":{"start":{"line":298,"column":4},"end":{"line":302,"column":null}},"type":"if","locations":[{"start":{"line":298,"column":4},"end":{"line":302,"column":null}},{"start":{"line":300,"column":11},"end":{"line":302,"column":null}}],"line":298},"8":{"loc":{"start":{"line":307,"column":4},"end":{"line":309,"column":null}},"type":"cond-expr","locations":[{"start":{"line":308,"column":7},"end":{"line":308,"column":null}},{"start":{"line":309,"column":7},"end":{"line":309,"column":null}}],"line":307},"9":{"loc":{"start":{"line":326,"column":2},"end":{"line":330,"column":null}},"type":"if","locations":[{"start":{"line":326,"column":2},"end":{"line":330,"column":null}},{"start":{"line":328,"column":9},"end":{"line":330,"column":null}}],"line":326},"10":{"loc":{"start":{"line":339,"column":2},"end":{"line":341,"column":null}},"type":"if","locations":[{"start":{"line":339,"column":2},"end":{"line":341,"column":null}},{"start":{},"end":{}}],"line":339}},"s":{"0":2,"1":295,"2":295,"3":2,"4":159866,"5":2,"6":32,"7":32,"8":295,"9":32,"10":32,"11":32,"12":28,"13":28,"14":28,"15":32,"16":32,"17":32,"18":32,"19":32,"20":32,"21":32,"22":5,"23":32,"24":2,"25":2,"26":2,"27":80,"28":2,"29":32,"30":32,"31":32,"32":5,"33":32,"34":32,"35":32,"36":32,"37":32,"38":133,"39":133,"40":133,"41":133,"42":133,"43":133,"44":79933,"45":79933,"46":79933,"47":79933,"48":79933,"49":133,"50":79800,"51":133,"52":133,"53":133,"54":32,"55":32,"56":32,"57":32,"58":192,"59":192,"60":32,"61":32,"62":2,"63":30,"64":32,"65":32,"66":32,"67":32,"68":5,"69":32,"70":32},"f":{"0":295,"1":159866,"2":32,"3":295},"b":{"0":[28,4],"1":[28,0],"2":[3,29],"3":[32,32],"4":[5,27],"5":[2,30],"6":[5,27],"7":[133,79800],"8":[33,100],"9":[2,30],"10":[5,27]},"meta":{"lastBranch":11,"lastFunction":4,"lastStatement":71,"seen":{"s:5:21:8:Infinity":0,"f:5:21:5:22":0,"s:6:9:6:Infinity":1,"s:7:1:7:Infinity":2,"s:11:12:11:Infinity":3,"f:11:12:11:13":1,"s:11:27:11:Infinity":4,"s:13:50:346:Infinity":5,"f:169:9:169:10":2,"s:170:20:170:Infinity":6,"s:171:17:171:Infinity":7,"f:171:17:171:23":3,"s:171:23:171:Infinity":8,"s:188:6:188:Infinity":9,"s:190:15:190:Infinity":10,"b:191:2:194:Infinity:undefined:undefined:undefined:undefined":0,"s:191:2:194:Infinity":11,"s:192:9:192:Infinity":12,"b:193:3:193:Infinity:undefined:undefined:undefined:undefined":1,"s:193:3:193:Infinity":13,"s:193:12:193:Infinity":14,"s:196:19:196:Infinity":15,"s:197:18:197:Infinity":16,"s:199:18:199:Infinity":17,"b:199:122:199:138:199:138:199:145":2,"s:200:2:200:Infinity":18,"b:200:25:200:40:200:40:200:54":3,"s:201:2:201:Infinity":19,"s:204:2:217:Infinity":20,"b:237:2:245:Infinity:undefined:undefined:undefined:undefined":4,"s:237:2:245:Infinity":21,"s:238:3:242:Infinity":22,"b:247:2:260:Infinity:undefined:undefined:undefined:undefined":5,"s:247:2:260:Infinity":23,"s:248:26:248:Infinity":24,"s:250:3:252:Infinity":25,"s:250:16:250:19":26,"s:251:4:251:Infinity":27,"s:254:3:257:Infinity":28,"s:261:2:261:Infinity":29,"s:263:2:263:Infinity":30,"b:265:2:267:Infinity:undefined:undefined:undefined:undefined":6,"s:265:2:267:Infinity":31,"s:266:3:266:Infinity":32,"s:272:20:272:Infinity":33,"s:273:20:273:Infinity":34,"s:276:2:276:Infinity":35,"s:278:2:312:Infinity":36,"s:278:19:278:22":37,"s:279:21:279:Infinity":38,"s:281:23:281:Infinity":39,"s:282:26:282:Infinity":40,"s:284:11:284:Infinity":41,"s:285:3:303:Infinity":42,"s:285:16:285:19":43,"s:287:15:287:Infinity":44,"s:290:5:293:Infinity":45,"s:295:14:295:Infinity":46,"s:296:14:296:Infinity":47,"b:298:4:302:Infinity:300:11:302:Infinity":7,"s:298:4:302:Infinity":48,"s:299:5:299:Infinity":49,"s:301:5:301:Infinity":50,"s:304:3:304:Infinity":51,"s:307:4:309:Infinity":52,"b:308:7:308:Infinity:309:7:309:Infinity":8,"s:311:3:311:Infinity":53,"s:313:2:313:Infinity":54,"s:316:23:316:Infinity":55,"s:317:2:320:Infinity":56,"s:317:15:317:18":57,"s:318:21:318:Infinity":58,"s:319:3:319:Infinity":59,"s:321:2:321:Infinity":60,"b:326:2:330:Infinity:328:9:330:Infinity":9,"s:326:2:330:Infinity":61,"s:327:3:327:Infinity":62,"s:329:3:329:Infinity":63,"s:335:20:335:Infinity":64,"s:336:2:336:Infinity":65,"s:337:2:337:Infinity":66,"b:339:2:341:Infinity:undefined:undefined:undefined:undefined":10,"s:339:2:341:Infinity":67,"s:340:3:340:Infinity":68,"s:343:2:343:Infinity":69,"s:344:2:344:Infinity":70}}}
,"D:\\SVG\\src\\lib\\engine\\generators\\sacred-geometry.ts": {"path":"D:\\SVG\\src\\lib\\engine\\generators\\sacred-geometry.ts","statementMap":{"0":{"start":{"line":4,"column":21},"end":{"line":7,"column":null}},"1":{"start":{"line":5,"column":9},"end":{"line":5,"column":null}},"2":{"start":{"line":6,"column":1},"end":{"line":6,"column":null}},"3":{"start":{"line":9,"column":53},"end":{"line":235,"column":null}},"4":{"start":{"line":105,"column":20},"end":{"line":105,"column":null}},"5":{"start":{"line":106,"column":17},"end":{"line":106,"column":null}},"6":{"start":{"line":106,"column":23},"end":{"line":106,"column":null}},"7":{"start":{"line":117,"column":6},"end":{"line":117,"column":null}},"8":{"start":{"line":119,"column":15},"end":{"line":119,"column":null}},"9":{"start":{"line":120,"column":2},"end":{"line":123,"column":null}},"10":{"start":{"line":121,"column":9},"end":{"line":121,"column":null}},"11":{"start":{"line":122,"column":3},"end":{"line":122,"column":null}},"12":{"start":{"line":122,"column":12},"end":{"line":122,"column":null}},"13":{"start":{"line":125,"column":19},"end":{"line":125,"column":null}},"14":{"start":{"line":126,"column":18},"end":{"line":126,"column":null}},"15":{"start":{"line":128,"column":18},"end":{"line":128,"column":null}},"16":{"start":{"line":129,"column":2},"end":{"line":129,"column":null}},"17":{"start":{"line":130,"column":2},"end":{"line":130,"column":null}},"18":{"start":{"line":133,"column":2},"end":{"line":157,"column":null}},"19":{"start":{"line":134,"column":3},"end":{"line":139,"column":null}},"20":{"start":{"line":159,"column":22},"end":{"line":159,"column":null}},"21":{"start":{"line":161,"column":3},"end":{"line":161,"column":null}},"22":{"start":{"line":164,"column":2},"end":{"line":164,"column":null}},"23":{"start":{"line":165,"column":2},"end":{"line":165,"column":null}},"24":{"start":{"line":167,"column":2},"end":{"line":229,"column":null}},"25":{"start":{"line":168,"column":3},"end":{"line":170,"column":null}},"26":{"start":{"line":168,"column":16},"end":{"line":168,"column":19}},"27":{"start":{"line":169,"column":4},"end":{"line":169,"column":null}},"28":{"start":{"line":171,"column":18},"end":{"line":171,"column":null}},"29":{"start":{"line":172,"column":3},"end":{"line":177,"column":null}},"30":{"start":{"line":172,"column":16},"end":{"line":172,"column":19}},"31":{"start":{"line":173,"column":19},"end":{"line":173,"column":null}},"32":{"start":{"line":174,"column":15},"end":{"line":174,"column":null}},"33":{"start":{"line":175,"column":15},"end":{"line":175,"column":null}},"34":{"start":{"line":176,"column":4},"end":{"line":176,"column":null}},"35":{"start":{"line":178,"column":2},"end":{"line":229,"column":null}},"36":{"start":{"line":179,"column":13},"end":{"line":179,"column":null}},"37":{"start":{"line":180,"column":3},"end":{"line":180,"column":null}},"38":{"start":{"line":181,"column":3},"end":{"line":186,"column":null}},"39":{"start":{"line":181,"column":16},"end":{"line":181,"column":19}},"40":{"start":{"line":182,"column":19},"end":{"line":182,"column":null}},"41":{"start":{"line":183,"column":15},"end":{"line":183,"column":null}},"42":{"start":{"line":184,"column":15},"end":{"line":184,"column":null}},"43":{"start":{"line":185,"column":4},"end":{"line":185,"column":null}},"44":{"start":{"line":187,"column":3},"end":{"line":187,"column":null}},"45":{"start":{"line":188,"column":3},"end":{"line":188,"column":null}},"46":{"start":{"line":189,"column":2},"end":{"line":229,"column":null}},"47":{"start":{"line":190,"column":13},"end":{"line":190,"column":null}},"48":{"start":{"line":191,"column":19},"end":{"line":191,"column":null}},"49":{"start":{"line":192,"column":3},"end":{"line":198,"column":null}},"50":{"start":{"line":192,"column":16},"end":{"line":192,"column":19}},"51":{"start":{"line":193,"column":19},"end":{"line":193,"column":null}},"52":{"start":{"line":194,"column":4},"end":{"line":197,"column":null}},"53":{"start":{"line":199,"column":3},"end":{"line":205,"column":null}},"54":{"start":{"line":199,"column":16},"end":{"line":199,"column":19}},"55":{"start":{"line":200,"column":19},"end":{"line":200,"column":null}},"56":{"start":{"line":201,"column":4},"end":{"line":204,"column":null}},"57":{"start":{"line":207,"column":3},"end":{"line":209,"column":null}},"58":{"start":{"line":208,"column":4},"end":{"line":208,"column":null}},"59":{"start":{"line":211,"column":3},"end":{"line":211,"column":null}},"60":{"start":{"line":212,"column":3},"end":{"line":216,"column":null}},"61":{"start":{"line":212,"column":16},"end":{"line":212,"column":19}},"62":{"start":{"line":213,"column":4},"end":{"line":215,"column":null}},"63":{"start":{"line":213,"column":17},"end":{"line":213,"column":24}},"64":{"start":{"line":214,"column":5},"end":{"line":214,"column":null}},"65":{"start":{"line":217,"column":3},"end":{"line":217,"column":null}},"66":{"start":{"line":220,"column":17},"end":{"line":220,"column":null}},"67":{"start":{"line":221,"column":22},"end":{"line":221,"column":null}},"68":{"start":{"line":222,"column":24},"end":{"line":222,"column":null}},"69":{"start":{"line":223,"column":3},"end":{"line":228,"column":null}},"70":{"start":{"line":223,"column":16},"end":{"line":223,"column":19}},"71":{"start":{"line":224,"column":19},"end":{"line":224,"column":null}},"72":{"start":{"line":225,"column":15},"end":{"line":225,"column":null}},"73":{"start":{"line":226,"column":15},"end":{"line":226,"column":null}},"74":{"start":{"line":227,"column":4},"end":{"line":227,"column":null}},"75":{"start":{"line":231,"column":2},"end":{"line":231,"column":null}},"76":{"start":{"line":232,"column":2},"end":{"line":232,"column":null}},"77":{"start":{"line":233,"column":2},"end":{"line":233,"column":null}}},"fnMap":{"0":{"name":"(anonymous_0)","decl":{"start":{"line":4,"column":21},"end":{"line":4,"column":22}},"loc":{"start":{"line":4,"column":39},"end":{"line":7,"column":null}},"line":4},"1":{"name":"(anonymous_1)","decl":{"start":{"line":104,"column":9},"end":{"line":104,"column":10}},"loc":{"start":{"line":104,"column":27},"end":{"line":234,"column":null}},"line":104},"2":{"name":"(anonymous_2)","decl":{"start":{"line":106,"column":17},"end":{"line":106,"column":23}},"loc":{"start":{"line":106,"column":23},"end":{"line":106,"column":null}},"line":106},"3":{"name":"(anonymous_3)","decl":{"start":{"line":207,"column":19},"end":{"line":207,"column":20}},"loc":{"start":{"line":207,"column":26},"end":{"line":209,"column":4}},"line":207}},"branchMap":{"0":{"loc":{"start":{"line":120,"column":2},"end":{"line":123,"column":null}},"type":"if","locations":[{"start":{"line":120,"column":2},"end":{"line":123,"column":null}},{"start":{},"end":{}}],"line":120},"1":{"loc":{"start":{"line":122,"column":3},"end":{"line":122,"column":null}},"type":"if","locations":[{"start":{"line":122,"column":3},"end":{"line":122,"column":null}},{"start":{},"end":{}}],"line":122},"2":{"loc":{"start":{"line":128,"column":108},"end":{"line":128,"column":145}},"type":"cond-expr","locations":[{"start":{"line":128,"column":122},"end":{"line":128,"column":138}},{"start":{"line":128,"column":138},"end":{"line":128,"column":145}}],"line":128},"3":{"loc":{"start":{"line":133,"column":2},"end":{"line":157,"column":null}},"type":"if","locations":[{"start":{"line":133,"column":2},"end":{"line":157,"column":null}},{"start":{},"end":{}}],"line":133},"4":{"loc":{"start":{"line":161,"column":3},"end":{"line":161,"column":null}},"type":"cond-expr","locations":[{"start":{"line":161,"column":23},"end":{"line":161,"column":62}},{"start":{"line":161,"column":62},"end":{"line":161,"column":null}}],"line":161},"5":{"loc":{"start":{"line":167,"column":2},"end":{"line":229,"column":null}},"type":"if","locations":[{"start":{"line":167,"column":2},"end":{"line":229,"column":null}},{"start":{"line":178,"column":2},"end":{"line":229,"column":null}}],"line":167},"6":{"loc":{"start":{"line":178,"column":2},"end":{"line":229,"column":null}},"type":"if","locations":[{"start":{"line":178,"column":2},"end":{"line":229,"column":null}},{"start":{"line":189,"column":2},"end":{"line":229,"column":null}}],"line":178},"7":{"loc":{"start":{"line":189,"column":2},"end":{"line":229,"column":null}},"type":"if","locations":[{"start":{"line":189,"column":2},"end":{"line":229,"column":null}},{"start":{"line":218,"column":9},"end":{"line":229,"column":null}}],"line":189}},"s":{"0":2,"1":48,"2":48,"3":2,"4":24,"5":24,"6":48,"7":24,"8":24,"9":24,"10":19,"11":19,"12":19,"13":24,"14":24,"15":24,"16":24,"17":24,"18":24,"19":23,"20":24,"21":24,"22":24,"23":24,"24":24,"25":2,"26":2,"27":24,"28":2,"29":2,"30":2,"31":48,"32":48,"33":48,"34":48,"35":22,"36":2,"37":2,"38":2,"39":2,"40":12,"41":12,"42":12,"43":12,"44":2,"45":2,"46":20,"47":18,"48":18,"49":18,"50":18,"51":108,"52":108,"53":18,"54":18,"55":108,"56":108,"57":18,"58":234,"59":18,"60":18,"61":18,"62":234,"63":234,"64":1404,"65":18,"66":2,"67":2,"68":2,"69":2,"70":2,"71":144,"72":144,"73":144,"74":144,"75":24,"76":24,"77":24},"f":{"0":48,"1":24,"2":48,"3":234},"b":{"0":[19,5],"1":[19,0],"2":[18,6],"3":[23,1],"4":[23,1],"5":[2,22],"6":[2,20],"7":[18,2]},"meta":{"lastBranch":8,"lastFunction":4,"lastStatement":78,"seen":{"s:4:21:7:Infinity":0,"f:4:21:4:22":0,"s:5:9:5:Infinity":1,"s:6:1:6:Infinity":2,"s:9:53:235:Infinity":3,"f:104:9:104:10":1,"s:105:20:105:Infinity":4,"s:106:17:106:Infinity":5,"f:106:17:106:23":2,"s:106:23:106:Infinity":6,"s:117:6:117:Infinity":7,"s:119:15:119:Infinity":8,"b:120:2:123:Infinity:undefined:undefined:undefined:undefined":0,"s:120:2:123:Infinity":9,"s:121:9:121:Infinity":10,"b:122:3:122:Infinity:undefined:undefined:undefined:undefined":1,"s:122:3:122:Infinity":11,"s:122:12:122:Infinity":12,"s:125:19:125:Infinity":13,"s:126:18:126:Infinity":14,"s:128:18:128:Infinity":15,"b:128:122:128:138:128:138:128:145":2,"s:129:2:129:Infinity":16,"s:130:2:130:Infinity":17,"b:133:2:157:Infinity:undefined:undefined:undefined:undefined":3,"s:133:2:157:Infinity":18,"s:134:3:139:Infinity":19,"s:159:22:159:Infinity":20,"s:161:3:161:Infinity":21,"b:161:23:161:62:161:62:161:Infinity":4,"s:164:2:164:Infinity":22,"s:165:2:165:Infinity":23,"b:167:2:229:Infinity:178:2:229:Infinity":5,"s:167:2:229:Infinity":24,"s:168:3:170:Infinity":25,"s:168:16:168:19":26,"s:169:4:169:Infinity":27,"s:171:18:171:Infinity":28,"s:172:3:177:Infinity":29,"s:172:16:172:19":30,"s:173:19:173:Infinity":31,"s:174:15:174:Infinity":32,"s:175:15:175:Infinity":33,"s:176:4:176:Infinity":34,"b:178:2:229:Infinity:189:2:229:Infinity":6,"s:178:2:229:Infinity":35,"s:179:13:179:Infinity":36,"s:180:3:180:Infinity":37,"s:181:3:186:Infinity":38,"s:181:16:181:19":39,"s:182:19:182:Infinity":40,"s:183:15:183:Infinity":41,"s:184:15:184:Infinity":42,"s:185:4:185:Infinity":43,"s:187:3:187:Infinity":44,"s:188:3:188:Infinity":45,"b:189:2:229:Infinity:218:9:229:Infinity":7,"s:189:2:229:Infinity":46,"s:190:13:190:Infinity":47,"s:191:19:191:Infinity":48,"s:192:3:198:Infinity":49,"s:192:16:192:19":50,"s:193:19:193:Infinity":51,"s:194:4:197:Infinity":52,"s:199:3:205:Infinity":53,"s:199:16:199:19":54,"s:200:19:200:Infinity":55,"s:201:4:204:Infinity":56,"s:207:3:209:Infinity":57,"f:207:19:207:20":3,"s:208:4:208:Infinity":58,"s:211:3:211:Infinity":59,"s:212:3:216:Infinity":60,"s:212:16:212:19":61,"s:213:4:215:Infinity":62,"s:213:17:213:24":63,"s:214:5:214:Infinity":64,"s:217:3:217:Infinity":65,"s:220:17:220:Infinity":66,"s:221:22:221:Infinity":67,"s:222:24:222:Infinity":68,"s:223:3:228:Infinity":69,"s:223:16:223:19":70,"s:224:19:224:Infinity":71,"s:225:15:225:Infinity":72,"s:226:15:226:Infinity":73,"s:227:4:227:Infinity":74,"s:231:2:231:Infinity":75,"s:232:2:232:Infinity":76,"s:233:2:233:Infinity":77}}}
,"D:\\SVG\\src\\lib\\engine\\generators\\svg-import.ts": {"path":"D:\\SVG\\src\\lib\\engine\\generators\\svg-import.ts","statementMap":{"0":{"start":{"line":4,"column":29},"end":{"line":4,"column":null}},"1":{"start":{"line":8,"column":39},"end":{"line":46,"column":null}},"2":{"start":{"line":27,"column":14},"end":{"line":27,"column":null}},"3":{"start":{"line":30,"column":16},"end":{"line":33,"column":null}},"4":{"start":{"line":37,"column":2},"end":{"line":37,"column":null}},"5":{"start":{"line":38,"column":2},"end":{"line":38,"column":null}},"6":{"start":{"line":40,"column":2},"end":{"line":43,"column":null}}},"fnMap":{"0":{"name":"(anonymous_0)","decl":{"start":{"line":26,"column":9},"end":{"line":26,"column":10}},"loc":{"start":{"line":26,"column":21},"end":{"line":45,"column":null}},"line":26}},"branchMap":{"0":{"loc":{"start":{"line":27,"column":21},"end":{"line":27,"column":41}},"type":"binary-expr","locations":[{"start":{"line":27,"column":21},"end":{"line":27,"column":39}},{"start":{"line":27,"column":39},"end":{"line":27,"column":41}}],"line":27}},"s":{"0":2,"1":2,"2":7,"3":7,"4":7,"5":7,"6":7},"f":{"0":7},"b":{"0":[7,0]},"meta":{"lastBranch":1,"lastFunction":1,"lastStatement":7,"seen":{"s:4:29:4:Infinity":0,"s:8:39:46:Infinity":1,"f:26:9:26:10":0,"s:27:14:27:Infinity":2,"b:27:21:27:39:27:39:27:41":0,"s:30:16:33:Infinity":3,"s:37:2:37:Infinity":4,"s:38:2:38:Infinity":5,"s:40:2:43:Infinity":6}}}
,"D:\\SVG\\src\\lib\\engine\\generators\\text-effects.ts": {"path":"D:\\SVG\\src\\lib\\engine\\generators\\text-effects.ts","statementMap":{"0":{"start":{"line":4,"column":12},"end":{"line":4,"column":null}},"1":{"start":{"line":4,"column":27},"end":{"line":4,"column":null}},"2":{"start":{"line":5,"column":12},"end":{"line":10,"column":null}},"3":{"start":{"line":5,"column":27},"end":{"line":10,"column":null}},"4":{"start":{"line":12,"column":41},"end":{"line":215,"column":null}},"5":{"start":{"line":109,"column":15},"end":{"line":109,"column":null}},"6":{"start":{"line":110,"column":17},"end":{"line":110,"column":null}},"7":{"start":{"line":111,"column":19},"end":{"line":111,"column":null}},"8":{"start":{"line":112,"column":16},"end":{"line":112,"column":null}},"9":{"start":{"line":113,"column":22},"end":{"line":113,"column":null}},"10":{"start":{"line":114,"column":22},"end":{"line":114,"column":null}},"11":{"start":{"line":115,"column":12},"end":{"line":115,"column":null}},"12":{"start":{"line":116,"column":18},"end":{"line":116,"column":null}},"13":{"start":{"line":117,"column":17},"end":{"line":117,"column":null}},"14":{"start":{"line":120,"column":19},"end":{"line":120,"column":null}},"15":{"start":{"line":121,"column":13},"end":{"line":121,"column":null}},"16":{"start":{"line":123,"column":17},"end":{"line":123,"column":null}},"17":{"start":{"line":124,"column":19},"end":{"line":124,"column":null}},"18":{"start":{"line":125,"column":24},"end":{"line":125,"column":null}},"19":{"start":{"line":127,"column":20},"end":{"line":127,"column":null}},"20":{"start":{"line":128,"column":22},"end":{"line":138,"column":null}},"21":{"start":{"line":140,"column":2},"end":{"line":142,"column":null}},"22":{"start":{"line":141,"column":3},"end":{"line":141,"column":null}},"23":{"start":{"line":144,"column":2},"end":{"line":181,"column":null}},"24":{"start":{"line":147,"column":16},"end":{"line":147,"column":null}},"25":{"start":{"line":148,"column":3},"end":{"line":148,"column":null}},"26":{"start":{"line":149,"column":2},"end":{"line":181,"column":null}},"27":{"start":{"line":152,"column":3},"end":{"line":152,"column":null}},"28":{"start":{"line":153,"column":2},"end":{"line":181,"column":null}},"29":{"start":{"line":156,"column":22},"end":{"line":156,"column":null}},"30":{"start":{"line":157,"column":18},"end":{"line":157,"column":null}},"31":{"start":{"line":158,"column":3},"end":{"line":158,"column":null}},"32":{"start":{"line":159,"column":3},"end":{"line":162,"column":null}},"33":{"start":{"line":159,"column":16},"end":{"line":159,"column":19}},"34":{"start":{"line":160,"column":15},"end":{"line":160,"column":null}},"35":{"start":{"line":161,"column":4},"end":{"line":161,"column":null}},"36":{"start":{"line":163,"column":2},"end":{"line":181,"column":null}},"37":{"start":{"line":166,"column":19},"end":{"line":166,"column":null}},"38":{"start":{"line":167,"column":19},"end":{"line":167,"column":null}},"39":{"start":{"line":168,"column":17},"end":{"line":168,"column":null}},"40":{"start":{"line":169,"column":18},"end":{"line":169,"column":null}},"41":{"start":{"line":170,"column":18},"end":{"line":170,"column":null}},"42":{"start":{"line":171,"column":3},"end":{"line":176,"column":null}},"43":{"start":{"line":171,"column":20},"end":{"line":171,"column":23}},"44":{"start":{"line":172,"column":26},"end":{"line":172,"column":null}},"45":{"start":{"line":173,"column":14},"end":{"line":173,"column":null}},"46":{"start":{"line":174,"column":14},"end":{"line":174,"column":null}},"47":{"start":{"line":175,"column":4},"end":{"line":175,"column":null}},"48":{"start":{"line":177,"column":17},"end":{"line":177,"column":null}},"49":{"start":{"line":178,"column":3},"end":{"line":178,"column":null}},"50":{"start":{"line":179,"column":3},"end":{"line":179,"column":null}},"51":{"start":{"line":180,"column":3},"end":{"line":180,"column":null}},"52":{"start":{"line":183,"column":22},"end":{"line":183,"column":null}},"53":{"start":{"line":185,"column":2},"end":{"line":213,"column":null}}},"fnMap":{"0":{"name":"(anonymous_0)","decl":{"start":{"line":4,"column":12},"end":{"line":4,"column":13}},"loc":{"start":{"line":4,"column":27},"end":{"line":4,"column":null}},"line":4},"1":{"name":"(anonymous_1)","decl":{"start":{"line":5,"column":12},"end":{"line":5,"column":13}},"loc":{"start":{"line":5,"column":27},"end":{"line":10,"column":null}},"line":5},"2":{"name":"(anonymous_2)","decl":{"start":{"line":108,"column":9},"end":{"line":108,"column":10}},"loc":{"start":{"line":108,"column":27},"end":{"line":214,"column":null}},"line":108}},"branchMap":{"0":{"loc":{"start":{"line":109,"column":22},"end":{"line":109,"column":51}},"type":"binary-expr","locations":[{"start":{"line":109,"column":22},"end":{"line":109,"column":40}},{"start":{"line":109,"column":40},"end":{"line":109,"column":51}}],"line":109},"1":{"loc":{"start":{"line":110,"column":24},"end":{"line":110,"column":51}},"type":"binary-expr","locations":[{"start":{"line":110,"column":24},"end":{"line":110,"column":41}},{"start":{"line":110,"column":41},"end":{"line":110,"column":51}}],"line":110},"2":{"loc":{"start":{"line":111,"column":26},"end":{"line":111,"column":46}},"type":"binary-expr","locations":[{"start":{"line":111,"column":26},"end":{"line":111,"column":45}},{"start":{"line":111,"column":45},"end":{"line":111,"column":46}}],"line":111},"3":{"loc":{"start":{"line":112,"column":23},"end":{"line":112,"column":48}},"type":"binary-expr","locations":[{"start":{"line":112,"column":23},"end":{"line":112,"column":39}},{"start":{"line":112,"column":39},"end":{"line":112,"column":48}}],"line":112},"4":{"loc":{"start":{"line":113,"column":29},"end":{"line":113,"column":60}},"type":"binary-expr","locations":[{"start":{"line":113,"column":29},"end":{"line":113,"column":51}},{"start":{"line":113,"column":51},"end":{"line":113,"column":60}}],"line":113},"5":{"loc":{"start":{"line":114,"column":29},"end":{"line":114,"column":52}},"type":"binary-expr","locations":[{"start":{"line":114,"column":29},"end":{"line":114,"column":51}},{"start":{"line":114,"column":51},"end":{"line":114,"column":52}}],"line":114},"6":{"loc":{"start":{"line":115,"column":19},"end":{"line":115,"column":38}},"type":"binary-expr","locations":[{"start":{"line":115,"column":19},"end":{"line":115,"column":36}},{"start":{"line":115,"column":36},"end":{"line":115,"column":38}}],"line":115},"7":{"loc":{"start":{"line":116,"column":25},"end":{"lin
[...]
,"D:\\SVG\\src\\lib\\engine\\generators\\ui-assets.ts": {"path":"D:\\SVG\\src\\lib\\engine\\generators\\ui-assets.ts","statementMap":{"0":{"start":{"line":4,"column":39},"end":{"line":144,"column":null}},"1":{"start":{"line":94,"column":6},"end":{"line":94,"column":null}},"2":{"start":{"line":96,"column":19},"end":{"line":96,"column":null}},"3":{"start":{"line":97,"column":2},"end":{"line":102,"column":null}},"4":{"start":{"line":98,"column":9},"end":{"line":98,"column":null}},"5":{"start":{"line":99,"column":3},"end":{"line":101,"column":null}},"6":{"start":{"line":100,"column":4},"end":{"line":100,"column":null}},"7":{"start":{"line":104,"column":8},"end":{"line":104,"column":null}},"8":{"start":{"line":105,"column":8},"end":{"line":105,"column":null}},"9":{"start":{"line":107,"column":22},"end":{"line":107,"column":null}},"10":{"start":{"line":108,"column":17},"end":{"line":108,"column":null}},"11":{"start":{"line":110,"column":2},"end":{"line":142,"column":null}}},"fnMap":{"0":{"name":"(anonymous_0)","decl":{"start":{"line":85,"column":9},"end":{"line":85,"column":10}},"loc":{"start":{"line":85,"column":27},"end":{"line":143,"column":null}},"line":85}},"branchMap":{"0":{"loc":{"start":{"line":97,"column":2},"end":{"line":102,"column":null}},"type":"if","locations":[{"start":{"line":97,"column":2},"end":{"line":102,"column":null}},{"start":{},"end":{}}],"line":97},"1":{"loc":{"start":{"line":99,"column":3},"end":{"line":101,"column":null}},"type":"if","locations":[{"start":{"line":99,"column":3},"end":{"line":101,"column":null}},{"start":{},"end":{}}],"line":99}},"s":{"0":2,"1":21,"2":21,"3":21,"4":17,"5":17,"6":17,"7":21,"8":21,"9":21,"10":21,"11":21},"f":{"0":21},"b":{"0":[17,4],"1":[17,0]},"meta":{"lastBranch":2,"lastFunction":1,"lastStatement":12,"seen":{"s:4:39:144:Infinity":0,"f:85:9:85:10":0,"s:94:6:94:Infinity":1,"s:96:19:96:Infinity":2,"b:97:2:102:Infinity:undefined:undefined:undefined:undefined":0,"s:97:2:102:Infinity":3,"s:98:9:98:Infinity":4,"b:99:3:101:Infinity:undefined:undefined:undefined:undefined":1,"s:99:3:101:Infinity":5,"s:100:4:100:Infinity":6,"s:104:8:104:Infinity":7,"s:105:8:105:Infinity":8,"s:107:22:107:Infinity":9,"s:108:17:108:Infinity":10,"s:110:2:142:Infinity":11}}}
,"D:\\SVG\\src\\lib\\services\\agentApi.ts": {"path":"D:\\SVG\\src\\lib\\services\\agentApi.ts","statementMap":{"0":{"start":{"line":37,"column":2},"end":{"line":42,"column":null}},"1":{"start":{"line":37,"column":32},"end":{"line":42,"column":4}},"2":{"start":{"line":46,"column":8},"end":{"line":46,"column":null}},"3":{"start":{"line":47,"column":2},"end":{"line":47,"column":null}},"4":{"start":{"line":47,"column":12},"end":{"line":47,"column":null}},"5":{"start":{"line":48,"column":2},"end":{"line":53,"column":null}},"6":{"start":{"line":57,"column":2},"end":{"line":67,"column":null}},"7":{"start":{"line":58,"column":3},"end":{"line":62,"column":null}},"8":{"start":{"line":65,"column":3},"end":{"line":65,"column":null}},"9":{"start":{"line":66,"column":3},"end":{"line":66,"column":null}},"10":{"start":{"line":71,"column":2},"end":{"line":89,"column":null}},"11":{"start":{"line":73,"column":7},"end":{"line":73,"column":null}},"12":{"start":{"line":76,"column":3},"end":{"line":80,"column":null}},"13":{"start":{"line":77,"column":4},"end":{"line":79,"column":null}},"14":{"start":{"line":78,"column":5},"end":{"line":78,"column":null}},"15":{"start":{"line":82,"column":3},"end":{"line":82,"column":null}},"16":{"start":{"line":82,"column":13},"end":{"line":82,"column":null}},"17":{"start":{"line":83,"column":3},"end":{"line":83,"column":null}},"18":{"start":{"line":84,"column":3},"end":{"line":84,"column":null}},"19":{"start":{"line":87,"column":3},"end":{"line":87,"column":null}},"20":{"start":{"line":88,"column":3},"end":{"line":88,"column":null}},"21":{"start":{"line":93,"column":2},"end":{"line":108,"column":null}},"22":{"start":{"line":94,"column":3},"end":{"line":102,"column":null}},"23":{"start":{"line":95,"column":4},"end":{"line":99,"column":null}},"24":{"start":{"line":100,"column":4},"end":{"line":100,"column":null}},"25":{"start":{"line":101,"column":4},"end":{"line":101,"column":null}},"26":{"start":{"line":103,"column":3},"end":{"line":103,"column":null}},"27":{"start":{"line":106,"column":3},"end":{"line":106,"column":null}},"28":{"start":{"line":107,"column":3},"end":{"line":107,"column":null}},"29":{"start":{"line":112,"column":2},"end":{"line":124,"column":null}},"30":{"start":{"line":113,"column":3},"end":{"line":113,"column":null}},"31":{"start":{"line":113,"column":33},"end":{"line":113,"column":null}},"32":{"start":{"line":114,"column":3},"end":{"line":118,"column":null}},"33":{"start":{"line":115,"column":4},"end":{"line":115,"column":null}},"34":{"start":{"line":116,"column":4},"end":{"line":116,"column":null}},"35":{"start":{"line":117,"column":4},"end":{"line":117,"column":null}},"36":{"start":{"line":119,"column":3},"end":{"line":119,"column":null}},"37":{"start":{"line":122,"column":3},"end":{"line":122,"column":null}},"38":{"start":{"line":123,"column":3},"end":{"line":123,"column":null}},"39":{"start":{"line":128,"column":2},"end":{"line":134,"column":null}},"40":{"start":{"line":129,"column":3},"end":{"line":129,"column":null}},"41":{"start":{"line":132,"column":3},"end":{"line":132,"column":null}},"42":{"start":{"line":133,"column":3},"end":{"line":133,"column":null}},"43":{"start":{"line":138,"column":2},"end":{"line":145,"column":null}},"44":{"start":{"line":139,"column":15},"end":{"line":139,"column":null}},"45":{"start":{"line":140,"column":3},"end":{"line":140,"column":null}},"46":{"start":{"line":143,"column":3},"end":{"line":143,"column":null}},"47":{"start":{"line":144,"column":3},"end":{"line":144,"column":null}},"48":{"start":{"line":149,"column":2},"end":{"line":157,"column":null}},"49":{"start":{"line":151,"column":3},"end":{"line":151,"column":null}},"50":{"start":{"line":152,"column":3},"end":{"line":152,"column":null}},"51":{"start":{"line":155,"column":3},"end":{"line":155,"column":null}},"52":{"start":{"line":156,"column":3},"end":{"line":156,"column":null}},"53":{"start":{"line":161,"column":2},"end":{"line":175,"column":null}},"54":{"start":{"line":162,"column":19},"end":{"line":162,"column":null}},"55":{"start":{"line":163,"column":3},"end":{"line":169,"column":null}},"56":{"start":{"line":164,"column":4},"end":{"line":168,"column":null}},"57":{"start":{"line":166,"column":6},"end":{"line":167,"column":null}},"58":{"start":{"line":167,"column":27},"end":{"line":167,"column":56}},"59":{"start":{"line":170,"column":3},"end":{"line":170,"column":null}},"60":{"start":{"line":173,"column":3},"end":{"line":173,"column":null}},"61":{"start":{"line":174,"column":3},"end":{"line":174,"column":null}},"62":{"start":{"line":179,"column":2},"end":{"line":188,"column":null}},"63":{"start":{"line":180,"column":3},"end":{"line":180,"column":null}},"64":{"start":{"line":181,"column":3},"end":{"line":181,"column":null}},"65":{"start":{"line":182,"column":3},"end":{"line":182,"column":null}},"66":{"start":{"line":183,"column":3},"end":{"line":183,"column":null}},"67":{"start":{"line":186,"column":3},"end":{"line":186,"column":null}},"68":{"start":{"line":187,"column":3},"end":{"line":187,"column":null}},"69":{"start":{"line":192,"column":2},"end":{"line":215,"column":null}},"70":{"start":{"line":193,"column":9},"end":{"line":193,"column":null}},"71":{"start":{"line":194,"column":3},"end":{"line":194,"column":null}},"72":{"start":{"line":194,"column":13},"end":{"line":194,"column":null}},"73":{"start":{"line":196,"column":20},"end":{"line":206,"column":null}},"74":{"start":{"line":207,"column":3},"end":{"line":207,"column":null}},"75":{"start":{"line":208,"column":3},"end":{"line":208,"column":null}},"76":{"start":{"line":209,"column":3},"end":{"line":209,"column":null}},"77":{"start":{"line":210,"column":3},"end":{"line":210,"column":null}},"78":{"start":{"line":213,"column":3},"end":{"line":213,"column":null}},"79":{"start":{"line":214,"column":3},"end":{"line":214,"column":null}},"80":{"start":{"line":219,"column":24},"end":{"line":219,"column":null}}},"fnMap":{"0":{"name":"(anonymous_0)","decl":{"start":{"line":36,"column":1},"end":{"line":36,"column":18}},"loc":{"start":{"line":36,"column":18},"end":{"line":43,"column":null}},"line":36},"1":{"name":"(anonymous_1)","decl":{"start":{"line":37,"column":24},"end":{"line":37,"column":25}},"loc":{"start":{"line":37,"column":32},"end":{"line":42,"column":4}},"line":37},"2":{"name":"(anonymous_2)","decl":{"start":{"line":45,"column":1},"end":{"line":45,"column":20}},"loc":{"start":{"line":45,"column":32},"end":{"line":54,"column":null}},"line":45},"3":{"name":"(anonymous_3)","decl":{"start":{"line":56,"column":1},"end":{"line":56,"column":19}},"loc":{"start":{"line":56,"column":19},"end":{"line":68,"column":null}},"line":56},"4":{"name":"(anonymous_4)","decl":{"start":{"line":70,"column":1},"end":{"line":70,"column":14}},"loc":{"start":{"line":70,"column":32},"end":{"line":90,"column":null}},"line":70},"5":{"name":"(anonymous_5)","decl":{"start":{"line":77,"column":26},"end":{"line":77,"column":27}},"loc":{"start":{"line":78,"column":5},"end":{"line":78,"column":null}},"line":78},"6":{"name":"(anonymous_6)","decl":{"start":{"line":92,"column":1},"end":{"line":92,"column":11}},"loc":{"start":{"line":92,"column":40},"end":{"line":109,"column":null}},"line":92},"7":{"name":"(anonymous_7)","decl":{"start":{"line":111,"column":1},"end":{"line":111,"column":9}},"loc":{"start":{"line":111,"column":23},"end":{"line":125,"column":null}},"line":111},"8":{"name":"(anonymous_8)","decl":{"start":{"line":127,"column":1},"end":{"line":127,"column":13}},"loc":{"start":{"line":127,"column":13},"end":{"line":135,"column":null}},"line":127},"9":{"name":"(anonymous_9)","decl":{"start":{"line":137,"column":7},"end":{"line":137,"column":27}},"loc":{"start":{"line":137,"column":27},"end":{"line":146,"column":null}},"line":137},"10":{"name":"(anonymous_10)","decl":{"start":{"line":148,"column":1},"end":{"line":148,"column":12}},"loc":{"start":{"line":148,"column":65},"end":{"line":158,"column":null}},"line":148},"11":{"name":"(anonymous_11)","decl":{"start":{"line":160,"column":1},"end":{"line":160,"column":13}},"loc":{"start":{"line":160,"column":35},"end":{"line":176,"column":null}},"line":160},"12":{"name":"(anonymous_12)","decl":{"start":{"line":165,"column":5},"end":{"line":165,"column":6}},"loc":{"start":{"line":166,"column":6},"end":{"line":167,"column":null}},"line":166},"13":{"name":"(anonymous_13)","decl":{"start":{"line":167,"column":20},"end":{"line":167,"column":21}},"loc":{"start":{"line":167,"column":27},"end":{"line":167,"column":56}},"line":167},"14":{"name":"(anonymous_14)","decl":{"start":{"line":178,"column":1},"end":{"line":178,"column":15}},"loc":{"start":{"line":178,"column":15},"end":{"line":189,"column":null}},"line":178},"15":{"name":"(anonymous_15)","decl":{"start":{"line":191,"column":1},"end":{"line":191,"column":10}},"loc":{"start":{"line":191,"column":65},"end":{"line":216,"column":null}},"line":191}},"branchMap":{"0":{"loc":{"start":{"line":47,"column":2},"end":{"line":47,"column":null}},"type":"if","locations":[{"start":{"line":47,"column":2},"end":{"line":47,"column":null}},{"start":{},"end":{}}],"line":47},"1":{"loc":{"start":{"line":59,"column":17},"end":{"line":59,"column":null}},"type":"binary-expr","locations":[{"start":{"line":59,"column":17},"end":{"line":59,"column":49}},{"start":{"line":59,"column":49},"end":{"line":59,"column":null}}],"line":59},"2":{"loc":{"start":{"line":60,"column":18},"end":{"line":60,"column":54}},"type":"binary-expr","locations":[{"start":{"line":60,"column":18},"end":{"line":60,"column":50}},{"start":{"line":60,"column":50},"end":{"line":60,"column":54}}],"line":60},"3":{"loc":{"start":{"line":61,"column":10},"end":{"line":61,"column":null}},"type":"binary-expr","locations":[{"start":{"line":61,"column":10},"end":{"line":61,"column":40}},{"start":{"line":61,"column":40},"end":{"line":61,"column":null}}],"line":61},"4":{"loc":{"start":{"line":76,"column":3},"end":{"line":80,"column":null}},"type":"if","locations":[{"start":{"line":76,"column":3},"end":{"line":80,"column":null}},{"start":{},"end":{}}],"line":76},"5":{"loc":{"start":{"line":82,"column":3},"end":{"line":82,"column":null}},"type":"if","locations":[{"start":{"line":82,"column":3},"end":{"line":82,"column":null}},{"start":{},"end":{}}],"line":82},"6":{"loc":{"start":{"line":94,"column":3},"end":{"line":102,"column":null}},"type":"if","locations":[{"start":{"line":94,"column":3},"end":{"line":102,"column":null}},{"start":{},"end":{}}],"line":94},"7":{"loc":{"start":{"line":94,"column":7},"end":{"line":94,"column":57}},"type":"binary-expr","locations":[{"start":{"line":94,"column":7},"end":{"line":94,"column":31}},{"start":{"line":94,"column":31},"end":{"line":94,"column":57}}],"line":94},"8":{"loc":{"start":{"line":113,"column":3},"end":{"line":113,"column":null}},"type":"if","locations":[{"start":{"line":113,"column":3},"end":{"line":113,"column":null}},{"start":{},"end":{}}],"line":113},"9":{"loc":{"start":{"line":114,"column":3},"end":{"line":118,"column":null}},"type":"if","locations":[{"start":{"line":114,"column":3},"end":{"line":118,"column":null}},{"start":{},"end":{}}],"line":114},"10":{"loc":{"start":{"line":163,"column":3},"end":{"line":169,"column":null}},"type":"if","locations":[{"start":{"line":163,"column":3},"end":{"line":169,"column":null}},{"start":{},"end":{}}],"line":163},"11":{"loc":{"start":{"line":166,"column":6},"end":{"line":167,"column":null}},"type":"binary-expr","locations":[{"start":{"line":166,"column":6},"end":{"line":166,"column":null}},{"start":{"line":167,"column":6},"end":{"line":167,"column":null}}],"line":166},"12":{"loc":{"start":{"line":191,"column":31},"end":{"line":191,"column":65}},"type":"default-arg","locations":[{"start":{"line":191,"column":61},"end":{"line":191,"column":65}}],"line":191},"13":{"loc":{"start":{"line":194,"column":3},"end":{"line":194,"column":null}},"type":"if","locations":[{"start":{"line":194,"column":3},"end":{"line":194,"column":null}},{"start":{},"end":{}}],"line":194}},"s":{"0":1,"1":14,"2":2,"3":2,"4":1,"5":1,"6":2,"7":2,"8":1,"9":1,"10":2,"11":2,"12":2,"13":1,"14":1,"15":2,"16":0,"17":2,"18":2,"19":0,"20":0,"21":2,"22":2,"23":1,"24":1,"25":1,"26":1,"27":0,"28":0,"29":2,"30":2,"31":1,"32":1,"33":1,"34":1,"35":1,"36":0,"37":0,"38":0,"39":2,"40":2,"41":1,"42":1,"43":2,"44":2,"45":2,"46":1,"47":1,"48":1,"49":1,"50":1,"51":0,"52":0,"53":2,"54":2,"55":2,"56":1,"57":0,"58":0,"59":0,"60":1,"61":1,"62":2,"63":2,"64":2,"65":2,"66":2,"67":1,"68":1,"69":8,"70":8,"71":8,"72":0,"73":8,"74":8,"75":8,"76":8,"77":8,"78":1,"79":1,"80":1},"f":{"0":1,"1":14,"2":2,"3":2,"4":2,"5":1,"6":2,"7":2,"8":2,"9":2,"10":1,"11":2,"12":0,"13":0,"14":2,"15":8},"b":{"0":[1,1],"1":[2,1],"2":[2,1],"3":[2,1],"4":[1,1],"5":[0,2],"6":[1,1],"7":[2,1],"8":[1,1],"9":[1,0],"10":[1,1],"11":[0,0],"12":[8],"13":[0,8]},"meta":{"lastBranch":14,"lastFunction":16,"lastStatement":81,"seen":{"f:36:1:36:18":0,"s:37:2:42:Infinity":0,"f:37:24:37:25":1,"s:37:32:42:4":1,"f:45:1:45:20":2,"s:46:8:46:Infinity":2,"b:47:2:47:Infinity:undefined:undefined:undefined:undefined":0,"s:47:2:47:Infinity":3,"s:47:12:47:Infinity":4,"s:48:2:53:Infinity":5,"f:56:1:56:19":3,"s:57:2:67:Infinity":6,"s:58:3:62:Infinity":7,"b:59:17:59:49:59:49:59:Infinity":1,"b:60:18:60:50:60:50:60:54":2,"b:61:10:61:40:61:40:61:Infinity":3,"s:65:3:65:Infinity":8,"s:66:3:66:Infinity":9,"f:70:1:70:14":4,"s:71:2:89:Infinity":10,"s:73:7:73:Infinity":11,"b:76:3:80:Infinity:undefined:undefined:undefined:undefined":4,"s:76:3:80:Infinity":12,"s:77:4:79:Infinity":13,"f:77:26:77:27":5,"s:78:5:78:Infinity":14,"b:82:3:82:Infinity:undefined:undefined:undefined:undefined":5,"s:82:3:82:Infinity":15,"s:82:13:82:Infinity":16,"s:83:3:83:Infinity":17,"s:84:3:84:Infinity":18,"s:87:3:87:Infinity":19,"s:88:3:88:Infinity":20,"f:92:1:92:11":6,"s:93:2:108:Infinity":21,"b:94:3:102:Infinity:undefined:undefined:undefined:undefined":6,"s:94:3:102:Infinity":22,"b:94:7:94:31:94:31:94:57":7,"s:95:4:99:Infinity":23,"s:100:4:100:Infinity":24,"s:101:4:101:Infinity":25,"s:103:3:103:Infinity":26,"s:106:3:106:Infinity":27,"s:107:3:107:Infinity":28,"f:111:1:111:9":7,"s:112:2:124:Infinity":29,"b:113:3:113:Infinity:undefined:undefined:undefined:undefined":8,"s:113:3:113:Infinity":30,"s:113:33:113:Infinity":31,"b:114:3:118:Infinity:undefined:undefined:undefined:undefined":9,"s:114:3:118:Infinity":32,"s:115:4:115:Infinity":33,"s:116:4:116:Infinity":34,"s:117:4:117:Infinity":35,"s:119:3:119:Infinity":36,"s:122:3:122:Infinity":37,"s:123:3:123:Infinity":38,"f:127:1:127:13":8,"s:128:2:134:Infinity":39,"s:129:3:129:Infinity":40,"s:132:3:132:Infinity":41,"s:133:3:133:Infinity":42,"f:137:7:137:27":9,"s:138:2:145:Infinity":43,"s:139:15:139:Infinity":44,"s:140:3:140:Infinity":45,"s:143:3:143:Infinity":46,"s:144:3:144:Infinity":47,"f:148:1:148:12":10,"s:149:2:157:Infinity":48,"s:151:3:151:Infinity":49,"s:152:3:152:Infinity":50,"s:155:3:155:Infinity":51,"s:156:3:156:Infinity":52,"f:160:1:160:13":11,"s:161:2:175:Infinity":53,"s:162:19:162:Infinity":54,"b:163:3:169:Infinity:undefined:undefined:undefined:undefined":10,"s:163:3:169:Infinity":55,"s:164:4:168:Infinity":56,"f:165:5:165:6":12,"s:166:6:167:Infinity":57,"b:166:6:166:Infinity:167:6:167:Infinity":11,"f:167:20:167:21":13,"s:167:27:167:56":58,"s:170:3:170:Infinity":59,"s:173:3:173:Infinity":60,"s:174:3:174:Infinity":61,"f:178:1:178:15":14,"s:179:2:188:Infinity":62,"s:180:3:180:Infinity":63,"s:181:3:181:Infinity":64,"s:182:3:182:Infinity":65,"s:183:3:183:Infinity":66,"s:186:3:186:Infinity":67,"s:187:3:187:Infinity":68,"f:191:1:191:10":15,"b:191:61:191:65":12,"s:192:2:215:Infinity":69,"s:193:9:193:Infinity":70,"b:194:3:194:Infinity:undefined:undefined:undefined:undefined":13,"s:194:3:194:Infinity":71,"s:194:13:194:Infinity":72,"s:196:20:206:Infinity":73,"s:207:3:207:Infinity":74,"s:208:3:208:Infinity":75,"s:209:3:209:Infinity":76,"s:210:3:210:Infinity":77,"s:213:3:213:Infinity":78,"s:214:3:214:Infinity":79,"s:219:24:219:Infinity":80}}}
}
