{
	"D:/SVG/src/lib/engine/a11y.ts": {
		"path": "D:/SVG/src/lib/engine/a11y.ts",
		"statementMap": {
			"0": {
				"start": { "line": 2, "column": 26 },
				"end": { "line": 2, "column": null }
			},
			"1": {
				"start": { "line": 5, "column": 1 },
				"end": { "line": 7, "column": null }
			},
			"2": {
				"start": { "line": 6, "column": 2 },
				"end": { "line": 6, "column": null }
			},
			"3": {
				"start": { "line": 10, "column": 1 },
				"end": { "line": 12, "column": null }
			},
			"4": {
				"start": { "line": 11, "column": 2 },
				"end": { "line": 11, "column": null }
			},
			"5": {
				"start": { "line": 15, "column": 1 },
				"end": { "line": 17, "column": null }
			},
			"6": {
				"start": { "line": 16, "column": 2 },
				"end": { "line": 16, "column": null }
			},
			"7": {
				"start": { "line": 19, "column": 1 },
				"end": { "line": 22, "column": null }
			}
		},
		"fnMap": {
			"0": {
				"name": "checkA11y",
				"decl": {
					"start": { "line": 1, "column": 16 },
					"end": { "line": 1, "column": 26 }
				},
				"loc": {
					"start": { "line": 1, "column": 45 },
					"end": { "line": 23, "column": null }
				}
			}
		},
		"branchMap": {
			"0": {
				"loc": {
					"start": { "line": 5, "column": 1 },
					"end": { "line": 7, "column": null }
				},
				"type": "if",
				"locations": [
					{
						"start": { "line": 5, "column": 1 },
						"end": { "line": 7, "column": null }
					},
					{ "start": {}, "end": {} }
				]
			},
			"1": {
				"loc": {
					"start": { "line": 10, "column": 1 },
					"end": { "line": 12, "column": null }
				},
				"type": "if",
				"locations": [
					{
						"start": { "line": 10, "column": 1 },
						"end": { "line": 12, "column": null }
					},
					{ "start": {}, "end": {} }
				]
			},
			"2": {
				"loc": {
					"start": { "line": 15, "column": 1 },
					"end": { "line": 17, "column": null }
				},
				"type": "if",
				"locations": [
					{
						"start": { "line": 15, "column": 1 },
						"end": { "line": 17, "column": null }
					},
					{ "start": {}, "end": {} }
				]
			}
		},
		"s": {
			"0": 226,
			"1": 226,
			"2": 0,
			"3": 226,
			"4": 0,
			"5": 226,
			"6": 0,
			"7": 226
		},
		"f": { "0": 226 },
		"b": { "0": [0, 226], "1": [0, 226], "2": [0, 226] }
	},
	"D:/SVG/src/lib/engine/core/palettes.ts": {
		"path": "D:/SVG/src/lib/engine/core/palettes.ts",
		"statementMap": {
			"0": {
				"start": { "line": 7, "column": 35 },
				"end": { "line": 94, "column": null }
			},
			"1": {
				"start": { "line": 97, "column": 1 },
				"end": { "line": 97, "column": null }
			},
			"2": {
				"start": { "line": 97, "column": 29 },
				"end": { "line": 97, "column": 40 }
			},
			"3": {
				"start": { "line": 108, "column": 16 },
				"end": { "line": 108, "column": null }
			},
			"4": {
				"start": { "line": 109, "column": 1 },
				"end": { "line": 122, "column": null }
			},
			"5": {
				"start": { "line": 111, "column": 3 },
				"end": { "line": 111, "column": null }
			},
			"6": {
				"start": { "line": 113, "column": 3 },
				"end": { "line": 113, "column": null }
			},
			"7": {
				"start": { "line": 115, "column": 3 },
				"end": { "line": 115, "column": null }
			},
			"8": {
				"start": { "line": 117, "column": 3 },
				"end": { "line": 117, "column": null }
			},
			"9": {
				"start": { "line": 119, "column": 3 },
				"end": { "line": 119, "column": null }
			},
			"10": {
				"start": { "line": 121, "column": 3 },
				"end": { "line": 121, "column": null }
			}
		},
		"fnMap": {
			"0": {
				"name": "getPalette",
				"decl": {
					"start": { "line": 96, "column": 16 },
					"end": { "line": 96, "column": 27 }
				},
				"loc": {
					"start": { "line": 96, "column": 60 },
					"end": { "line": 98, "column": null }
				}
			},
			"1": {
				"name": "(anonymous_1)",
				"decl": {
					"start": { "line": 97, "column": 22 },
					"end": { "line": 97, "column": 23 }
				},
				"loc": {
					"start": { "line": 97, "column": 29 },
					"end": { "line": 97, "column": 40 }
				}
			},
			"2": {
				"name": "getPaletteRole",
				"decl": {
					"start": { "line": 103, "column": 16 },
					"end": { "line": 103, "column": null }
				},
				"loc": {
					"start": { "line": 107, "column": 10 },
					"end": { "line": 123, "column": null }
				}
			}
		},
		"branchMap": {
			"0": {
				"loc": {
					"start": { "line": 106, "column": 1 },
					"end": { "line": 106, "column": null }
				},
				"type": "default-arg",
				"locations": [
					{
						"start": { "line": 106, "column": 17 },
						"end": { "line": 106, "column": null }
					}
				]
			},
			"1": {
				"loc": {
					"start": { "line": 109, "column": 1 },
					"end": { "line": 122, "column": null }
				},
				"type": "switch",
				"locations": [
					{
						"start": { "line": 110, "column": 2 },
						"end": { "line": 111, "column": null }
					},
					{
						"start": { "line": 112, "column": 2 },
						"end": { "line": 113, "column": null }
					},
					{
						"start": { "line": 114, "column": 2 },
						"end": { "line": 115, "column": null }
					},
					{
						"start": { "line": 116, "column": 2 },
						"end": { "line": 117, "column": null }
					},
					{
						"start": { "line": 118, "column": 2 },
						"end": { "line": 119, "column": null }
					},
					{
						"start": { "line": 120, "column": 2 },
						"end": { "line": 121, "column": null }
					}
				]
			}
		},
		"s": {
			"0": 2,
			"1": 132,
			"2": 308,
			"3": 144,
			"4": 144,
			"5": 51,
			"6": 1,
			"7": 80,
			"8": 10,
			"9": 1,
			"10": 1
		},
		"f": { "0": 132, "1": 308, "2": 144 },
		"b": { "0": [143], "1": [51, 1, 80, 10, 1, 1] }
	},
	"D:/SVG/src/lib/engine/core/registry.ts": {
		"path": "D:/SVG/src/lib/engine/core/registry.ts",
		"statementMap": {
			"0": {
				"start": { "line": 29, "column": 42 },
				"end": { "line": 55, "column": null }
			},
			"1": {
				"start": { "line": 58, "column": 1 },
				"end": { "line": 58, "column": null }
			},
			"2": {
				"start": { "line": 58, "column": 31 },
				"end": { "line": 58, "column": 42 }
			},
			"3": {
				"start": { "line": 62, "column": 1 },
				"end": { "line": 65, "column": null }
			},
			"4": {
				"start": { "line": 62, "column": 28 },
				"end": { "line": 62, "column": 49 }
			},
			"5": {
				"start": { "line": 63, "column": 2 },
				"end": { "line": 63, "column": null }
			},
			"6": {
				"start": { "line": 64, "column": 2 },
				"end": { "line": 64, "column": null }
			},
			"7": {
				"start": { "line": 66, "column": 1 },
				"end": { "line": 66, "column": null }
			}
		},
		"fnMap": {
			"0": {
				"name": "getGenerator",
				"decl": {
					"start": { "line": 57, "column": 16 },
					"end": { "line": 57, "column": 29 }
				},
				"loc": {
					"start": { "line": 57, "column": 67 },
					"end": { "line": 59, "column": null }
				}
			},
			"1": {
				"name": "(anonymous_1)",
				"decl": {
					"start": { "line": 58, "column": 24 },
					"end": { "line": 58, "column": 25 }
				},
				"loc": {
					"start": { "line": 58, "column": 31 },
					"end": { "line": 58, "column": 42 }
				}
			},
			"2": {
				"name": "registerGenerator",
				"decl": {
					"start": { "line": 61, "column": 16 },
					"end": { "line": 61, "column": 34 }
				},
				"loc": {
					"start": { "line": 61, "column": 59 },
					"end": { "line": 67, "column": null }
				}
			},
			"3": {
				"name": "(anonymous_3)",
				"decl": {
					"start": { "line": 62, "column": 21 },
					"end": { "line": 62, "column": 22 }
				},
				"loc": {
					"start": { "line": 62, "column": 28 },
					"end": { "line": 62, "column": 49 }
				}
			}
		},
		"branchMap": {
			"0": {
				"loc": {
					"start": { "line": 62, "column": 1 },
					"end": { "line": 65, "column": null }
				},
				"type": "if",
				"locations": [
					{
						"start": { "line": 62, "column": 1 },
						"end": { "line": 65, "column": null }
					},
					{ "start": {}, "end": {} }
				]
			}
		},
		"s": {
			"0": 2,
			"1": 39,
			"2": 261,
			"3": 0,
			"4": 0,
			"5": 0,
			"6": 0,
			"7": 0
		},
		"f": { "0": 39, "1": 261, "2": 0, "3": 0 },
		"b": { "0": [0, 0] }
	},
	"D:/SVG/src/lib/engine/core/starters.ts": {
		"path": "D:/SVG/src/lib/engine/core/starters.ts",
		"statementMap": {
			"0": {
				"start": { "line": 10, "column": 52 },
				"end": { "line": 158, "column": null }
			}
		},
		"fnMap": {},
		"branchMap": {},
		"s": { "0": 1 },
		"f": {},
		"b": {}
	},
	"D:/SVG/src/lib/engine/generators/abstract.ts": {
		"path": "D:/SVG/src/lib/engine/generators/abstract.ts",
		"statementMap": {
			"0": {
				"start": { "line": 4, "column": 39 },
				"end": { "line": 185, "column": null }
			},
			"1": {
				"start": { "line": 115, "column": 6 },
				"end": { "line": 115, "column": null }
			},
			"2": {
				"start": { "line": 117, "column": 16 },
				"end": { "line": 117, "column": null }
			},
			"3": {
				"start": { "line": 118, "column": 18 },
				"end": { "line": 118, "column": null }
			},
			"4": {
				"start": { "line": 120, "column": 2 },
				"end": { "line": 126, "column": null }
			},
			"5": {
				"start": { "line": 121, "column": 15 },
				"end": { "line": 121, "column": null }
			},
			"6": {
				"start": { "line": 122, "column": 3 },
				"end": { "line": 125, "column": null }
			},
			"7": {
				"start": { "line": 123, "column": 4 },
				"end": { "line": 123, "column": null }
			},
			"8": {
				"start": { "line": 124, "column": 4 },
				"end": { "line": 124, "column": null }
			},
			"9": {
				"start": { "line": 128, "column": 26 },
				"end": { "line": 128, "column": null }
			},
			"10": {
				"start": { "line": 130, "column": 10 },
				"end": { "line": 130, "column": null }
			},
			"11": {
				"start": { "line": 131, "column": 15 },
				"end": { "line": 134, "column": null }
			},
			"12": {
				"start": { "line": 132, "column": 3 },
				"end": { "line": 132, "column": null }
			},
			"13": {
				"start": { "line": 133, "column": 3 },
				"end": { "line": 133, "column": null }
			},
			"14": {
				"start": { "line": 137, "column": 19 },
				"end": { "line": 144, "column": null }
			},
			"15": {
				"start": { "line": 138, "column": 3 },
				"end": { "line": 142, "column": null }
			},
			"16": {
				"start": { "line": 146, "column": 2 },
				"end": { "line": 169, "column": null }
			},
			"17": {
				"start": { "line": 146, "column": 15 },
				"end": { "line": 146, "column": 18 }
			},
			"18": {
				"start": { "line": 147, "column": 11 },
				"end": { "line": 147, "column": null }
			},
			"19": {
				"start": { "line": 148, "column": 11 },
				"end": { "line": 148, "column": null }
			},
			"20": {
				"start": { "line": 149, "column": 11 },
				"end": { "line": 149, "column": null }
			},
			"21": {
				"start": { "line": 151, "column": 3 },
				"end": { "line": 165, "column": null }
			},
			"22": {
				"start": { "line": 151, "column": 16 },
				"end": { "line": 151, "column": 19 }
			},
			"23": {
				"start": { "line": 152, "column": 18 },
				"end": { "line": 152, "column": null }
			},
			"24": {
				"start": { "line": 153, "column": 4 },
				"end": { "line": 153, "column": null }
			},
			"25": {
				"start": { "line": 154, "column": 4 },
				"end": { "line": 154, "column": null }
			},
			"26": {
				"start": { "line": 155, "column": 4 },
				"end": { "line": 155, "column": null }
			},
			"27": {
				"start": { "line": 158, "column": 4 },
				"end": { "line": 164, "column": null }
			},
			"28": {
				"start": { "line": 164, "column": 5 },
				"end": { "line": 164, "column": null }
			},
			"29": {
				"start": { "line": 166, "column": 3 },
				"end": { "line": 168, "column": null }
			},
			"30": {
				"start": { "line": 171, "column": 2 },
				"end": { "line": 183, "column": null }
			}
		},
		"fnMap": {
			"0": {
				"name": "(anonymous_0)",
				"decl": {
					"start": { "line": 104, "column": 9 },
					"end": { "line": 104, "column": 10 }
				},
				"loc": {
					"start": { "line": 104, "column": 69 },
					"end": { "line": 184, "column": null }
				}
			},
			"1": {
				"name": "(anonymous_1)",
				"decl": {
					"start": { "line": 131, "column": 15 },
					"end": { "line": 131, "column": 21 }
				},
				"loc": {
					"start": { "line": 131, "column": 21 },
					"end": { "line": 134, "column": null }
				}
			},
			"2": {
				"name": "(anonymous_2)",
				"decl": {
					"start": { "line": 137, "column": 19 },
					"end": { "line": 137, "column": 20 }
				},
				"loc": {
					"start": { "line": 137, "column": 45 },
					"end": { "line": 144, "column": null }
				}
			}
		},
		"branchMap": {
			"0": {
				"loc": {
					"start": { "line": 104, "column": 24 },
					"end": { "line": 104, "column": 69 }
				},
				"type": "default-arg",
				"locations": [
					{
						"start": { "line": 104, "column": 34 },
						"end": { "line": 104, "column": 69 }
					}
				]
			},
			"1": {
				"loc": {
					"start": { "line": 120, "column": 2 },
					"end": { "line": 126, "column": null }
				},
				"type": "if",
				"locations": [
					{
						"start": { "line": 120, "column": 2 },
						"end": { "line": 126, "column": null }
					},
					{ "start": {}, "end": {} }
				]
			},
			"2": {
				"loc": {
					"start": { "line": 122, "column": 3 },
					"end": { "line": 125, "column": null }
				},
				"type": "if",
				"locations": [
					{
						"start": { "line": 122, "column": 3 },
						"end": { "line": 125, "column": null }
					},
					{ "start": {}, "end": {} }
				]
			},
			"3": {
				"loc": {
					"start": { "line": 158, "column": 4 },
					"end": { "line": 164, "column": null }
				},
				"type": "if",
				"locations": [
					{
						"start": { "line": 158, "column": 4 },
						"end": { "line": 164, "column": null }
					},
					{ "start": {}, "end": {} }
				]
			},
			"4": {
				"loc": {
					"start": { "line": 159, "column": 5 },
					"end": { "line": 162, "column": null }
				},
				"type": "binary-expr",
				"locations": [
					{
						"start": { "line": 159, "column": 5 },
						"end": { "line": 159, "column": null }
					},
					{
						"start": { "line": 160, "column": 5 },
						"end": { "line": 160, "column": null }
					},
					{
						"start": { "line": 161, "column": 5 },
						"end": { "line": 161, "column": null }
					},
					{
						"start": { "line": 162, "column": 5 },
						"end": { "line": 162, "column": null }
					}
				]
			},
			"5": {
				"loc": {
					"start": { "line": 178, "column": 10 },
					"end": { "line": 178, "column": 134 }
				},
				"type": "cond-expr",
				"locations": [
					{
						"start": { "line": 178, "column": 24 },
						"end": { "line": 178, "column": 29 }
					},
					{
						"start": { "line": 178, "column": 29 },
						"end": { "line": 178, "column": 134 }
					}
				]
			}
		},
		"s": {
			"0": 2,
			"1": 17,
			"2": 17,
			"3": 17,
			"4": 17,
			"5": 13,
			"6": 13,
			"7": 13,
			"8": 13,
			"9": 17,
			"10": 17,
			"11": 17,
			"12": 1700,
			"13": 1700,
			"14": 17,
			"15": 17711,
			"16": 17,
			"17": 17,
			"18": 850,
			"19": 850,
			"20": 850,
			"21": 850,
			"22": 850,
			"23": 17711,
			"24": 17711,
			"25": 17711,
			"26": 17711,
			"27": 17711,
			"28": 379,
			"29": 850,
			"30": 17
		},
		"f": { "0": 17, "1": 1700, "2": 17711 },
		"b": {
			"0": [0],
			"1": [13, 4],
			"2": [13, 0],
			"3": [379, 17332],
			"4": [17711, 17644, 17526, 17374],
			"5": [2, 15]
		}
	},
	"D:/SVG/src/lib/engine/generators/animations.ts": {
		"path": "D:/SVG/src/lib/engine/generators/animations.ts",
		"statementMap": {
			"0": {
				"start": { "line": 5, "column": 35 },
				"end": { "line": 126, "column": null }
			},
			"1": {
				"start": { "line": 84, "column": 3 },
				"end": { "line": 84, "column": null }
			},
			"2": {
				"start": { "line": 86, "column": 19 },
				"end": { "line": 86, "column": null }
			},
			"3": {
				"start": { "line": 87, "column": 2 },
				"end": { "line": 92, "column": null }
			},
			"4": {
				"start": { "line": 88, "column": 15 },
				"end": { "line": 88, "column": null }
			},
			"5": {
				"start": { "line": 89, "column": 3 },
				"end": { "line": 91, "column": null }
			},
			"6": {
				"start": { "line": 90, "column": 4 },
				"end": { "line": 90, "column": null }
			},
			"7": {
				"start": { "line": 94, "column": 29 },
				"end": { "line": 94, "column": null }
			},
			"8": {
				"start": { "line": 96, "column": 2 },
				"end": { "line": 111, "column": null }
			},
			"9": {
				"start": { "line": 96, "column": 15 },
				"end": { "line": 96, "column": 18 }
			},
			"10": {
				"start": { "line": 97, "column": 13 },
				"end": { "line": 97, "column": null }
			},
			"11": {
				"start": { "line": 98, "column": 9 },
				"end": { "line": 98, "column": null }
			},
			"12": {
				"start": { "line": 99, "column": 9 },
				"end": { "line": 99, "column": null }
			},
			"13": {
				"start": { "line": 102, "column": 3 },
				"end": { "line": 104, "column": null }
			},
			"14": {
				"start": { "line": 107, "column": 3 },
				"end": { "line": 110, "column": null }
			},
			"15": {
				"start": { "line": 113, "column": 2 },
				"end": { "line": 124, "column": null }
			},
			"16": {
				"start": { "line": 128, "column": 40 },
				"end": { "line": 271, "column": null }
			},
			"17": {
				"start": { "line": 199, "column": 18 },
				"end": { "line": 199, "column": null }
			},
			"18": {
				"start": { "line": 200, "column": 16 },
				"end": { "line": 200, "column": null }
			},
			"19": {
				"start": { "line": 201, "column": 19 },
				"end": { "line": 201, "column": null }
			},
			"20": {
				"start": { "line": 202, "column": 16 },
				"end": { "line": 202, "column": null }
			},
			"21": {
				"start": { "line": 203, "column": 16 },
				"end": { "line": 203, "column": null }
			},
			"22": {
				"start": { "line": 206, "column": 23 },
				"end": { "line": 209, "column": null }
			},
			"23": {
				"start": { "line": 207, "column": 13 },
				"end": { "line": 207, "column": null }
			},
			"24": {
				"start": { "line": 208, "column": 3 },
				"end": { "line": 208, "column": null }
			},
			"25": {
				"start": { "line": 212, "column": 3 },
				"end": { "line": 214, "column": null }
			},
			"26": {
				"start": { "line": 215, "column": 18 },
				"end": { "line": 216, "column": null }
			},
			"27": {
				"start": { "line": 216, "column": 3 },
				"end": { "line": 216, "column": null }
			},
			"28": {
				"start": { "line": 218, "column": 26 },
				"end": { "line": 218, "column": null }
			},
			"29": {
				"start": { "line": 219, "column": 22 },
				"end": { "line": 219, "column": null }
			},
			"30": {
				"start": { "line": 221, "column": 2 },
				"end": { "line": 254, "column": null }
			},
			"31": {
				"start": { "line": 221, "column": 15 },
				"end": { "line": 221, "column": 18 }
			},
			"32": {
				"start": { "line": 222, "column": 13 },
				"end": { "line": 222, "column": null }
			},
			"33": {
				"start": { "line": 223, "column": 9 },
				"end": { "line": 223, "column": null }
			},
			"34": {
				"start": { "line": 224, "column": 9 },
				"end": { "line": 224, "column": null }
			},
			"35": {
				"start": { "line": 225, "column": 18 },
				"end": { "line": 225, "column": null }
			},
			"36": {
				"start": { "line": 227, "column": 20 },
				"end": { "line": 227, "column": null }
			},
			"37": {
				"start": { "line": 228, "column": 3 },
				"end": { "line": 231, "column": null }
			},
			"38": {
				"start": { "line": 228, "column": 16 },
				"end": { "line": 228, "column": 19 }
			},
			"39": {
				"start": { "line": 229, "column": 17 },
				"end": { "line": 229, "column": null }
			},
			"40": {
				"start": { "line": 230, "column": 4 },
				"end": { "line": 230, "column": null }
			},
			"41": {
				"start": { "line": 233, "column": 3 },
				"end": { "line": 253, "column": null }
			},
			"42": {
				"start": { "line": 256, "column": 2 },
				"end": { "line": 269, "column": null }
			},
			"43": {
				"start": { "line": 273, "column": 42 },
				"end": { "line": 357, "column": null }
			},
			"44": {
				"start": { "line": 320, "column": 20 },
				"end": { "line": 320, "column": null }
			},
			"45": {
				"start": { "line": 321, "column": 20 },
				"end": { "line": 321, "column": null }
			},
			"46": {
				"start": { "line": 322, "column": 16 },
				"end": { "line": 322, "column": null }
			},
			"47": {
				"start": { "line": 324, "column": 19 },
				"end": { "line": 324, "column": null }
			},
			"48": {
				"start": { "line": 325, "column": 19 },
				"end": { "line": 325, "column": null }
			},
			"49": {
				"start": { "line": 326, "column": 21 },
				"end": { "line": 326, "column": null }
			},
			"50": {
				"start": { "line": 327, "column": 21 },
				"end": { "line": 327, "column": null }
			},
			"51": {
				"start": { "line": 329, "column": 2 },
				"end": { "line": 355, "column": null }
			},
			"52": {
				"start": { "line": 359, "column": 41 },
				"end": { "line": 487, "column": null }
			},
			"53": {
				"start": { "line": 418, "column": 16 },
				"end": { "line": 418, "column": null }
			},
			"54": {
				"start": { "line": 419, "column": 16 },
				"end": { "line": 419, "column": null }
			},
			"55": {
				"start": { "line": 420, "column": 21 },
				"end": { "line": 420, "column": null }
			},
			"56": {
				"start": { "line": 421, "column": 16 },
				"end": { "line": 421, "column": null }
			},
			"57": {
				"start": { "line": 423, "column": 10 },
				"end": { "line": 423, "column": null }
			},
			"58": {
				"start": { "line": 424, "column": 15 },
				"end": { "line": 427, "column": null }
			},
			"59": {
				"start": { "line": 425, "column": 3 },
				"end": { "line": 425, "column": null }
			},
			"60": {
				"start": { "line": 426, "column": 3 },
				"end": { "line": 426, "column": null }
			},
			"61": {
				"start": { "line": 429, "column": 19 },
				"end": { "line": 436, "column": null }
			},
			"62": {
				"start": { "line": 430, "column": 3 },
				"end": { "line": 434, "column": null }
			},
			"63": {
				"start": { "line": 438, "column": 26 },
				"end": { "line": 438, "column": null }
			},
			"64": {
				"start": { "line": 439, "column": 2 },
				"end": { "line": 475, "column": null }
			},
			"65": {
				"start": { "line": 439, "column": 15 },
				"end": { "line": 439, "column": 18 }
			},
			"66": {
				"start": { "line": 440, "column": 11 },
				"end": { "line": 440, "column": null }
			},
			"67": {
				"start": { "line": 441, "column": 11 },
				"end": { "line": 441, "column": null }
			},
			"68": {
				"start": { "line": 442, "column": 11 },
				"end": { "line": 442, "column": null }
			},
			"69": {
				"start": { "line": 443, "column": 16 },
				"end": { "line": 443, "column": null }
			},
			"70": {
				"start": { "line": 445, "column": 3 },
				"end": { "line": 454, "column": null }
			},
			"71": {
				"start": { "line": 445, "column": 16 },
				"end": { "line": 445, "column": 19 }
			},
			"72": {
				"start": { "line": 446, "column": 18 },
				"end": { "line": 446, "column": null }
			},
			"73": {
				"start": { "line": 447, "column": 15 },
				"end": { "line": 447, "column": null }
			},
			"74": {
				"start": { "line": 448, "column": 15 },
				"end": { "line": 448, "column": null }
			},
			"75": {
				"start": { "line": 449, "column": 4 },
				"end": { "line": 449, "column": null }
			},
			"76": {
				"start": { "line": 450, "column": 4 },
				"end": { "line": 450, "column": null }
			},
			"77": {
				"start": { "line": 451, "column": 4 },
				"end": { "line": 451, "column": null }
			},
			"78": {
				"start": { "line": 452, "column": 4 },
				"end": { "line": 452, "column": null }
			},
			"79": {
				"start": { "line": 453, "column": 4 },
				"end": { "line": 453, "column": null }
			},
			"80": {
				"start": { "line": 453, "column": 50 },
				"end": { "line": 453, "column": null }
			},
			"81": {
				"start": { "line": 456, "column": 9 },
				"end": { "line": 456, "column": null }
			},
			"82": {
				"start": { "line": 457, "column": 3 },
				"end": { "line": 474, "column": null }
			},
			"83": {
				"start": { "line": 477, "column": 2 },
				"end": { "line": 485, "column": null }
			},
			"84": {
				"start": { "line": 489, "column": 48 },
				"end": { "line": 625, "column": null }
			},
			"85": {
				"start": { "line": 548, "column": 20 },
				"end": { "line": 548, "column": null }
			},
			"86": {
				"start": { "line": 549, "column": 20 },
				"end": { "line": 549, "column": null }
			},
			"87": {
				"start": { "line": 550, "column": 16 },
				"end": { "line": 550, "column": null }
			},
			"88": {
				"start": { "line": 551, "column": 16 },
				"end": { "line": 551, "column": null }
			},
			"89": {
				"start": { "line": 553, "column": 8 },
				"end": { "line": 553, "column": null }
			},
			"90": {
				"start": { "line": 556, "column": 23 },
				"end": { "line": 559, "column": null }
			},
			"91": {
				"start": { "line": 557, "column": 13 },
				"end": { "line": 557, "column": null }
			},
			"92": {
				"start": { "line": 558, "column": 3 },
				"end": { "line": 558, "column": null }
			},
			"93": {
				"start": { "line": 562, "column": 28 },
				"end": { "line": 573, "column": null }
			},
			"94": {
				"start": { "line": 563, "column": 17 },
				"end": { "line": 563, "column": null }
			},
			"95": {
				"start": { "line": 564, "column": 16 },
				"end": { "line": 564, "column": null }
			},
			"96": {
				"start": { "line": 565, "column": 3 },
				"end": { "line": 570, "column": null }
			},
			"97": {
				"start": { "line": 565, "column": 16 },
				"end": { "line": 565, "column": 19 }
			},
			"98": {
				"start": { "line": 566, "column": 10 },
				"end": { "line": 568, "column": null }
			},
			"99": {
				"start": { "line": 569, "column": 4 },
				"end": { "line": 569, "column": null }
			},
			"100": {
				"start": { "line": 571, "column": 3 },
				"end": { "line": 571, "column": null }
			},
			"101": {
				"start": { "line": 572, "column": 3 },
				"end": { "line": 572, "column": null }
			},
			"102": {
				"start": { "line": 575, "column": 18 },
				"end": { "line": 575, "column": null }
			},
			"103": {
				"start": { "line": 576, "column": 18 },
				"end": { "line": 576, "column": null }
			},
			"104": {
				"start": { "line": 578, "column": 2 },
				"end": { "line": 623, "column": null }
			},
			"105": {
				"start": { "line": 627, "column": 41 },
				"end": { "line": 710, "column": null }
			},
			"106": {
				"start": { "line": 675, "column": 16 },
				"end": { "line": 675, "column": null }
			},
			"107": {
				"start": { "line": 676, "column": 18 },
				"end": { "line": 676, "column": null }
			},
			"108": {
				"start": { "line": 677, "column": 16 },
				"end": { "line": 677, "column": null }
			},
			"109": {
				"start": { "line": 678, "column": 18 },
				"end": { "line": 678, "column": null }
			},
			"110": {
				"start": { "line": 679, "column": 8 },
				"end": { "line": 679, "column": null }
			},
			"111": {
				"start": { "line": 680, "column": 8 },
				"end": { "line": 680, "column": null }
			},
			"112": {
				"start": { "line": 682, "column": 2 },
				"end": { "line": 708, "column": null }
			},
			"113": {
				"start": { "line": 712, "column": 43 },
				"end": { "line": 788, "column": null }
			},
			"114": {
				"start": { "line": 759, "column": 16 },
				"end": { "line": 759, "column": null }
			},
			"115": {
				"start": { "line": 760, "column": 20 },
				"end": { "line": 760, "column": null }
			},
			"116": {
				"start": { "line": 761, "column": 18 },
				"end": { "line": 761, "column": null }
			},
			"117": {
				"start": { "line": 762, "column": 8 },
				"end": { "line": 762, "column": null }
			},
			"118": {
				"start": { "line": 764, "column": 2 },
				"end": { "line": 786, "column": null }
			},
			"119": {
				"start": { "line": 782, "column": 7 },
				"end": { "line": 782, "column": null }
			},
			"120": {
				"start": { "line": 790, "column": 43 },
				"end": { "line": 850, "column": null }
			},
			"121": {
				"start": { "line": 829, "column": 16 },
				"end": { "line": 829, "column": null }
			},
			"122": {
				"start": { "line": 830, "column": 20 },
				"end": { "line": 830, "column": null }
			},
			"123": {
				"start": { "line": 831, "column": 8 },
				"end": { "line": 831, "column": null }
			},
			"124": {
				"start": { "line": 833, "column": 2 },
				"end": { "line": 848, "column": null }
			},
			"125": {
				"start": { "line": 852, "column": 42 },
				"end": { "line": 921, "column": null }
			},
			"126": {
				"start": { "line": 890, "column": 16 },
				"end": { "line": 890, "column": null }
			},
			"127": {
				"start": { "line": 891, "column": 16 },
				"end": { "line": 891, "column": null }
			},
			"128": {
				"start": { "line": 892, "column": 8 },
				"end": { "line": 892, "column": null }
			},
			"129": {
				"start": { "line": 894, "column": 2 },
				"end": { "line": 919, "column": null }
			},
			"130": {
				"start": { "line": 907, "column": 22 },
				"end": { "line": 907, "column": null }
			},
			"131": {
				"start": { "line": 908, "column": 17 },
				"end": { "line": 908, "column": null }
			},
			"132": {
				"start": { "line": 909, "column": 17 },
				"end": { "line": 909, "column": null }
			},
			"133": {
				"start": { "line": 910, "column": 7 },
				"end": { "line": 912, "column": null }
			},
			"134": {
				"start": { "line": 923, "column": 48 },
				"end": { "line": 974, "column": null }
			},
			"135": {
				"start": { "line": 949, "column": 16 },
				"end": { "line": 949, "column": null }
			},
			"136": {
				"start": { "line": 950, "column": 8 },
				"end": { "line": 950, "column": null }
			},
			"137": {
				"start": { "line": 952, "column": 2 },
				"end": { "line": 972, "column": null }
			},
			"138": {
				"start": { "line": 976, "column": 43 },
				"end": { "line": 1055, "column": null }
			},
			"139": {
				"start": { "line": 1014, "column": 18 },
				"end": { "line": 1014, "column": null }
			},
			"140": {
				"start": { "line": 1015, "column": 16 },
				"end": { "line": 1015, "column": null }
			},
			"141": {
				"start": { "line": 1016, "column": 8 },
				"end": { "line": 1016, "column": null }
			},
			"142": {
				"start": { "line": 1018, "column": 10 },
				"end": { "line": 1018, "column": null }
			},
			"143": {
				"start": { "line": 1019, "column": 15 },
				"end": { "line": 1022, "column": null }
			},
			"144": {
				"start": { "line": 1020, "column": 3 },
				"end": { "line": 1020, "column": null }
			},
			"145": {
				"start": { "line": 1021, "column": 3 },
				"end": { "line": 1021, "column": null }
			},
			"146": {
				"start": { "line": 1024, "column": 16 },
				"end": { "line": 1044, "column": null }
			},
			"147": {
				"start": { "line": 1026, "column": 10 },
				"end": { "line": 1026, "column": null }
			},
			"148": {
				"start": { "line": 1027, "column": 10 },
				"end": { "line": 1027, "column": null }
			},
			"149": {
				"start": { "line": 1028, "column": 10 },
				"end": { "line": 1028, "column": null }
			},
			"150": {
				"start": { "line": 1029, "column": 4 },
				"end": { "line": 1037, "column": null }
			},
			"151": {
				"start": { "line": 1046, "column": 2 },
				"end": { "line": 1053, "column": null }
			},
			"152": {
				"start": { "line": 1057, "column": 45 },
				"end": { "line": 1134, "column": null }
			},
			"153": {
				"start": { "line": 1083, "column": 16 },
				"end": { "line": 1083, "column": null }
			},
			"154": {
				"start": { "line": 1085, "column": 10 },
				"end": { "line": 1085, "column": null }
			},
			"155": {
				"start": { "line": 1086, "column": 15 },
				"end": { "line": 1089, "column": null }
			},
			"156": {
				"start": { "line": 1087, "column": 3 },
				"end": { "line": 1087, "column": null }
			},
			"157": {
				"start": { "line": 1088, "column": 3 },
				"end": { "line": 1088, "column": null }
			},
			"158": {
				"start": { "line": 1091, "column": 19 },
				"end": { "line": 1095, "column": null }
			},
			"159": {
				"start": { "line": 1091, "column": 64 },
				"end": { "line": 1095, "column": 4 }
			},
			"160": {
				"start": { "line": 1097, "column": 16 },
				"end": { "line": 1097, "column": null }
			},
			"161": {
				"start": { "line": 1098, "column": 2 },
				"end": { "line": 1112, "column": null }
			},
			"162": {
				"start": { "line": 1098, "column": 15 },
				"end": { "line": 1098, "column": 18 }
			},
			"163": {
				"start": { "line": 1099, "column": 3 },
				"end": { "line": 1111, "column": null }
			},
			"164": {
				"start": { "line": 1099, "column": 16 },
				"end": { "line": 1099, "column": 23 }
			},
			"165": {
				"start": { "line": 1100, "column": 17 },
				"end": { "line": 1103, "column": null }
			},
			"166": {
				"start": { "line": 1104, "column": 4 },
				"end": { "line": 1110, "column": null }
			},
			"167": {
				"start": { "line": 1105, "column": 5 },
				"end": { "line": 1109, "column": null }
			},
			"168": {
				"start": { "line": 1114, "column": 16 },
				"end": { "line": 1123, "column": null }
			},
			"169": {
				"start": { "line": 1116, "column": 11 },
				"end": { "line": 1119, "column": null }
			},
			"170": {
				"start": { "line": 1125, "column": 2 },
				"end": { "line": 1132, "column": null }
			},
			"171": {
				"start": { "line": 1136, "column": 44 },
				"end": { "line": 1191, "column": null }
			},
			"172": {
				"start": { "line": 1171, "column": 16 },
				"end": { "line": 1171, "column": null }
			},
			"173": {
				"start": { "line": 1172, "column": 16 },
				"end": { "line": 1172, "column": null }
			},
			"174": {
				"start": { "line": 1173, "column": 8 },
				"end": { "line": 1173, "column": null }
			},
			"175": {
				"start": { "line": 1176, "column": 16 },
				"end": { "line": 1176, "column": null }
			},
			"176": {
				"start": { "line": 1178, "column": 16 },
				"end": { "line": 1178, "column": null }
			},
			"177": {
				"start": { "line": 1180, "column": 16 },
				"end": { "line": 1180, "column": null }
			},
			"178": {
				"start": { "line": 1182, "column": 2 },
				"end": { "line": 1189, "column": null }
			}
		},
		"fnMap": {
			"0": {
				"name": "(anonymous_0)",
				"decl": {
					"start": { "line": 82, "column": 9 },
					"end": { "line": 82, "column": 10 }
				},
				"loc": {
					"start": { "line": 82, "column": 69 },
					"end": { "line": 125, "column": null }
				}
			},
			"1": {
				"name": "(anonymous_1)",
				"decl": {
					"start": { "line": 198, "column": 9 },
					"end": { "line": 198, "column": 10 }
				},
				"loc": {
					"start": { "line": 198, "column": 69 },
					"end": { "line": 270, "column": null }
				}
			},
			"2": {
				"name": "(anonymous_2)",
				"decl": {
					"start": { "line": 206, "column": 23 },
					"end": { "line": 206, "column": 24 }
				},
				"loc": {
					"start": { "line": 206, "column": 39 },
					"end": { "line": 209, "column": null }
				}
			},
			"3": {
				"name": "(anonymous_3)",
				"decl": {
					"start": { "line": 215, "column": 18 },
					"end": { "line": 215, "column": 19 }
				},
				"loc": {
					"start": { "line": 216, "column": 3 },
					"end": { "line": 216, "column": null }
				}
			},
			"4": {
				"name": "(anonymous_4)",
				"decl": {
					"start": { "line": 319, "column": 9 },
					"end": { "line": 319, "column": 10 }
				},
				"loc": {
					"start": { "line": 319, "column": 69 },
					"end": { "line": 356, "column": null }
				}
			},
			"5": {
				"name": "(anonymous_5)",
				"decl": {
					"start": { "line": 417, "column": 9 },
					"end": { "line": 417, "column": 10 }
				},
				"loc": {
					"start": { "line": 417, "column": 69 },
					"end": { "line": 486, "column": null }
				}
			},
			"6": {
				"name": "(anonymous_6)",
				"decl": {
					"start": { "line": 424, "column": 15 },
					"end": { "line": 424, "column": 21 }
				},
				"loc": {
					"start": { "line": 424, "column": 21 },
					"end": { "line": 427, "column": null }
				}
			},
			"7": {
				"name": "(anonymous_7)",
				"decl": {
					"start": { "line": 429, "column": 19 },
					"end": { "line": 429, "column": 20 }
				},
				"loc": {
					"start": { "line": 429, "column": 45 },
					"end": { "line": 436, "column": null }
				}
			},
			"8": {
				"name": "(anonymous_8)",
				"decl": {
					"start": { "line": 547, "column": 9 },
					"end": { "line": 547, "column": 10 }
				},
				"loc": {
					"start": { "line": 547, "column": 69 },
					"end": { "line": 624, "column": null }
				}
			},
			"9": {
				"name": "(anonymous_9)",
				"decl": {
					"start": { "line": 556, "column": 23 },
					"end": { "line": 556, "column": 24 }
				},
				"loc": {
					"start": { "line": 556, "column": 43 },
					"end": { "line": 559, "column": null }
				}
			},
			"10": {
				"name": "(anonymous_10)",
				"decl": {
					"start": { "line": 562, "column": 28 },
					"end": { "line": 562, "column": 29 }
				},
				"loc": {
					"start": { "line": 562, "column": 63 },
					"end": { "line": 573, "column": null }
				}
			},
			"11": {
				"name": "(anonymous_11)",
				"decl": {
					"start": { "line": 674, "column": 9 },
					"end": { "line": 674, "column": 10 }
				},
				"loc": {
					"start": { "line": 674, "column": 69 },
					"end": { "line": 709, "column": null }
				}
			},
			"12": {
				"name": "(anonymous_12)",
				"decl": {
					"start": { "line": 758, "column": 9 },
					"end": { "line": 758, "column": 10 }
				},
				"loc": {
					"start": { "line": 758, "column": 69 },
					"end": { "line": 787, "column": null }
				}
			},
			"13": {
				"name": "(anonymous_13)",
				"decl": {
					"start": { "line": 781, "column": 6 },
					"end": { "line": 781, "column": 7 }
				},
				"loc": {
					"start": { "line": 782, "column": 7 },
					"end": { "line": 782, "column": null }
				}
			},
			"14": {
				"name": "(anonymous_14)",
				"decl": {
					"start": { "line": 828, "column": 9 },
					"end": { "line": 828, "column": 10 }
				},
				"loc": {
					"start": { "line": 828, "column": 69 },
					"end": { "line": 849, "column": null }
				}
			},
			"15": {
				"name": "(anonymous_15)",
				"decl": {
					"start": { "line": 889, "column": 9 },
					"end": { "line": 889, "column": 10 }
				},
				"loc": {
					"start": { "line": 889, "column": 69 },
					"end": { "line": 920, "column": null }
				}
			},
			"16": {
				"name": "(anonymous_16)",
				"decl": {
					"start": { "line": 906, "column": 11 },
					"end": { "line": 906, "column": 12 }
				},
				"loc": {
					"start": { "line": 906, "column": 21 },
					"end": { "line": 915, "column": 7 }
				}
			},
			"17": {
				"name": "(anonymous_17)",
				"decl": {
					"start": { "line": 948, "column": 9 },
					"end": { "line": 948, "column": 10 }
				},
				"loc": {
					"start": { "line": 948, "column": 69 },
					"end": { "line": 973, "column": null }
				}
			},
			"18": {
				"name": "(anonymous_18)",
				"decl": {
					"start": { "line": 1013, "column": 9 },
					"end": { "line": 1013, "column": 10 }
				},
				"loc": {
					"start": { "line": 1013, "column": 69 },
					"end": { "line": 1054, "column": null }
				}
			},
			"19": {
				"name": "(anonymous_19)",
				"decl": {
					"start": { "line": 1019, "column": 15 },
					"end": { "line": 1019, "column": 21 }
				},
				"loc": {
					"start": { "line": 1019, "column": 21 },
					"end": { "line": 1022, "column": null }
				}
			},
			"20": {
				"name": "(anonymous_20)",
				"decl": {
					"start": { "line": 1025, "column": 8 },
					"end": { "line": 1025, "column": 9 }
				},
				"loc": {
					"start": { "line": 1025, "column": 18 },
					"end": { "line": 1043, "column": 4 }
				}
			},
			"21": {
				"name": "(anonymous_21)",
				"decl": {
					"start": { "line": 1082, "column": 9 },
					"end": { "line": 1082, "column": 10 }
				},
				"loc": {
					"start": { "line": 1082, "column": 69 },
					"end": { "line": 1133, "column": null }
				}
			},
			"22": {
				"name": "(anonymous_22)",
				"decl": {
					"start": { "line": 1086, "column": 15 },
					"end": { "line": 1086, "column": 21 }
				},
				"loc": {
					"start": { "line": 1086, "column": 21 },
					"end": { "line": 1089, "column": null }
				}
			},
			"23": {
				"name": "(anonymous_23)",
				"decl": {
					"start": { "line": 1091, "column": 53 },
					"end": { "line": 1091, "column": 54 }
				},
				"loc": {
					"start": { "line": 1091, "column": 64 },
					"end": { "line": 1095, "column": 4 }
				}
			},
			"24": {
				"name": "(anonymous_24)",
				"decl": {
					"start": { "line": 1116, "column": 4 },
					"end": { "line": 1116, "column": 5 }
				},
				"loc": {
					"start": { "line": 1116, "column": 11 },
					"end": { "line": 1119, "column": null }
				}
			},
			"25": {
				"name": "(anonymous_25)",
				"decl": {
					"start": { "line": 1170, "column": 9 },
					"end": { "line": 1170, "column": 10 }
				},
				"loc": {
					"start": { "line": 1170, "column": 69 },
					"end": { "line": 1190, "column": null }
				}
			}
		},
		"branchMap": {
			"0": {
				"loc": {
					"start": { "line": 82, "column": 24 },
					"end": { "line": 82, "column": 69 }
				},
				"type": "default-arg",
				"locations": [
					{
						"start": { "line": 82, "column": 34 },
						"end": { "line": 82, "column": 69 }
					}
				]
			},
			"1": {
				"loc": {
					"start": { "line": 87, "column": 2 },
					"end": { "line": 92, "column": null }
				},
				"type": "if",
				"locations": [
					{
						"start": { "line": 87, "column": 2 },
						"end": { "line": 92, "column": null }
					},
					{ "start": {}, "end": {} }
				]
			},
			"2": {
				"loc": {
					"start": { "line": 89, "column": 3 },
					"end": { "line": 91, "column": null }
				},
				"type": "if",
				"locations": [
					{
						"start": { "line": 89, "column": 3 },
						"end": { "line": 91, "column": null }
					},
					{ "start": {}, "end": {} }
				]
			},
			"3": {
				"loc": {
					"start": { "line": 198, "column": 24 },
					"end": { "line": 198, "column": 69 }
				},
				"type": "default-arg",
				"locations": [
					{
						"start": { "line": 198, "column": 34 },
						"end": { "line": 198, "column": 69 }
					}
				]
			},
			"4": {
				"loc": {
					"start": { "line": 199, "column": 36 },
					"end": { "line": 199, "column": 56 }
				},
				"type": "binary-expr",
				"locations": [
					{
						"start": { "line": 199, "column": 36 },
						"end": { "line": 199, "column": 54 }
					},
					{
						"start": { "line": 199, "column": 54 },
						"end": { "line": 199, "column": 56 }
					}
				]
			},
			"5": {
				"loc": {
					"start": { "line": 200, "column": 23 },
					"end": { "line": 200, "column": 40 }
				},
				"type": "binary-expr",
				"locations": [
					{
						"start": { "line": 200, "column": 23 },
						"end": { "line": 200, "column": 39 }
					},
					{
						"start": { "line": 200, "column": 39 },
						"end": { "line": 200, "column": 40 }
					}
				]
			},
			"6": {
				"loc": {
					"start": { "line": 201, "column": 26 },
					"end": { "line": 201, "column": 46 }
				},
				"type": "binary-expr",
				"locations": [
					{
						"start": { "line": 201, "column": 26 },
						"end": { "line": 201, "column": 45 }
					},
					{
						"start": { "line": 201, "column": 45 },
						"end": { "line": 201, "column": 46 }
					}
				]
			},
			"7": {
				"loc": {
					"start": { "line": 202, "column": 23 },
					"end": { "line": 202, "column": 48 }
				},
				"type": "binary-expr",
				"locations": [
					{
						"start": { "line": 202, "column": 23 },
						"end": { "line": 202, "column": 39 }
					},
					{
						"start": { "line": 202, "column": 39 },
						"end": { "line": 202, "column": 48 }
					}
				]
			},
			"8": {
				"loc": {
					"start": { "line": 203, "column": 23 },
					"end": { "line": 203, "column": 47 }
				},
				"type": "binary-expr",
				"locations": [
					{
						"start": { "line": 203, "column": 23 },
						"end": { "line": 203, "column": 45 }
					},
					{
						"start": { "line": 203, "column": 45 },
						"end": { "line": 203, "column": 47 }
					}
				]
			},
			"9": {
				"loc": {
					"start": { "line": 319, "column": 24 },
					"end": { "line": 319, "column": 69 }
				},
				"type": "default-arg",
				"locations": [
					{
						"start": { "line": 319, "column": 34 },
						"end": { "line": 319, "column": 69 }
					}
				]
			},
			"10": {
				"loc": {
					"start": { "line": 320, "column": 27 },
					"end": { "line": 320, "column": 48 }
				},
				"type": "binary-expr",
				"locations": [
					{
						"start": { "line": 320, "column": 27 },
						"end": { "line": 320, "column": 47 }
					},
					{
						"start": { "line": 320, "column": 47 },
						"end": { "line": 320, "column": 48 }
					}
				]
			},
			"11": {
				"loc": {
					"start": { "line": 321, "column": 27 },
					"end": { "line": 321, "column": 50 }
				},
				"type": "binary-expr",
				"locations": [
					{
						"start": { "line": 321, "column": 27 },
						"end": { "line": 321, "column": 47 }
					},
					{
						"start": { "line": 321, "column": 47 },
						"end": { "line": 321, "column": 50 }
					}
				]
			},
			"12": {
				"loc": {
					"start": { "line": 322, "column": 23 },
					"end": { "line": 322, "column": 48 }
				},
				"type": "binary-expr",
				"locations": [
					{
						"start": { "line": 322, "column": 23 },
						"end": { "line": 322, "column": 39 }
					},
					{
						"start": { "line": 322, "column": 39 },
						"end": { "line": 322, "column": 48 }
					}
				]
			},
			"13": {
				"loc": {
					"start": { "line": 417, "column": 24 },
					"end": { "line": 417, "column": 69 }
				},
				"type": "default-arg",
				"locations": [
					{
						"start": { "line": 417, "column": 34 },
						"end": { "line": 417, "column": 69 }
					}
				]
			},
			"14": {
				"loc": {
					"start": { "line": 418, "column": 23 },
					"end": { "line": 418, "column": 41 }
				},
				"type": "binary-expr",
				"locations": [
					{
						"start": { "line": 418, "column": 23 },
						"end": { "line": 418, "column": 39 }
					},
					{
						"start": { "line": 418, "column": 39 },
						"end": { "line": 418, "column": 41 }
					}
				]
			},
			"15": {
				"loc": {
					"start": { "line": 419, "column": 23 },
					"end": { "line": 419, "column": 42 }
				},
				"type": "binary-expr",
				"locations": [
					{
						"start": { "line": 419, "column": 23 },
						"end": { "line": 419, "column": 39 }
					},
					{
						"start": { "line": 419, "column": 39 },
						"end": { "line": 419, "column": 42 }
					}
				]
			},
			"16": {
				"loc": {
					"start": { "line": 420, "column": 28 },
					"end": { "line": 420, "column": 53 }
				},
				"type": "binary-expr",
				"locations": [
					{
						"start": { "line": 420, "column": 28 },
						"end": { "line": 420, "column": 49 }
					},
					{
						"start": { "line": 420, "column": 49 },
						"end": { "line": 420, "column": 53 }
					}
				]
			},
			"17": {
				"loc": {
					"start": { "line": 421, "column": 23 },
					"end": { "line": 421, "column": 48 }
				},
				"type": "binary-expr",
				"locations": [
					{
						"start": { "line": 421, "column": 23 },
						"end": { "line": 421, "column": 39 }
					},
					{
						"start": { "line": 421, "column": 39 },
						"end": { "line": 421, "column": 48 }
					}
				]
			},
			"18": {
				"loc": {
					"start": { "line": 453, "column": 4 },
					"end": { "line": 453, "column": null }
				},
				"type": "if",
				"locations": [
					{
						"start": { "line": 453, "column": 4 },
						"end": { "line": 453, "column": null }
					},
					{ "start": {}, "end": {} }
				]
			},
			"19": {
				"loc": {
					"start": { "line": 453, "column": 8 },
					"end": { "line": 453, "column": 50 }
				},
				"type": "binary-expr",
				"locations": [
					{
						"start": { "line": 453, "column": 8 },
						"end": { "line": 453, "column": 19 }
					},
					{
						"start": { "line": 453, "column": 19 },
						"end": { "line": 453, "column": 30 }
					},
					{
						"start": { "line": 453, "column": 30 },
						"end": { "line": 453, "column": 41 }
					},
					{
						"start": { "line": 453, "column": 41 },
						"end": { "line": 453, "column": 50 }
					}
				]
			},
			"20": {
				"loc": {
					"start": { "line": 547, "column": 24 },
					"end": { "line": 547, "column": 69 }
				},
				"type": "default-arg",
				"locations": [
					{
						"start": { "line": 547, "column": 34 },
						"end": { "line": 547, "column": 69 }
					}
				]
			},
			"21": {
				"loc": {
					"start": { "line": 548, "column": 27 },
					"end": { "line": 548, "column": 48 }
				},
				"type": "binary-expr",
				"locations": [
					{
						"start": { "line": 548, "column": 27 },
						"end": { "line": 548, "column": 47 }
					},
					{
						"start": { "line": 548, "column": 47 },
						"end": { "line": 548, "column": 48 }
					}
				]
			},
			"22": {
				"loc": {
					"start": { "line": 549, "column": 27 },
					"end": { "line": 549, "column": 48 }
				},
				"type": "binary-expr",
				"locations": [
					{
						"start": { "line": 549, "column": 27 },
						"end": { "line": 549, "column": 47 }
					},
					{
						"start": { "line": 549, "column": 47 },
						"end": { "line": 549, "column": 48 }
					}
				]
			},
			"23": {
				"loc": {
					"start": { "line": 550, "column": 23 },
					"end": { "line": 550, "column": 42 }
				},
				"type": "binary-expr",
				"locations": [
					{
						"start": { "line": 550, "column": 23 },
						"end": { "line": 550, "column": 39 }
					},
					{
						"start": { "line": 550, "column": 39 },
						"end": { "line": 550, "column": 42 }
					}
				]
			},
			"24": {
				"loc": {
					"start": { "line": 551, "column": 23 },
					"end": { "line": 551, "column": 48 }
				},
				"type": "binary-expr",
				"locations": [
					{
						"start": { "line": 551, "column": 23 },
						"end": { "line": 551, "column": 39 }
					},
					{
						"start": { "line": 551, "column": 39 },
						"end": { "line": 551, "column": 48 }
					}
				]
			},
			"25": {
				"loc": {
					"start": { "line": 674, "column": 24 },
					"end": { "line": 674, "column": 69 }
				},
				"type": "default-arg",
				"locations": [
					{
						"start": { "line": 674, "column": 34 },
						"end": { "line": 674, "column": 69 }
					}
				]
			},
			"26": {
				"loc": {
					"start": { "line": 675, "column": 23 },
					"end": { "line": 675, "column": 40 }
				},
				"type": "binary-expr",
				"locations": [
					{
						"start": { "line": 675, "column": 23 },
						"end": { "line": 675, "column": 39 }
					},
					{
						"start": { "line": 675, "column": 39 },
						"end": { "line": 675, "column": 40 }
					}
				]
			},
			"27": {
				"loc": {
					"start": { "line": 676, "column": 25 },
					"end": { "line": 676, "column": 46 }
				},
				"type": "binary-expr",
				"locations": [
					{
						"start": { "line": 676, "column": 25 },
						"end": { "line": 676, "column": 43 }
					},
					{
						"start": { "line": 676, "column": 43 },
						"end": { "line": 676, "column": 46 }
					}
				]
			},
			"28": {
				"loc": {
					"start": { "line": 677, "column": 23 },
					"end": { "line": 677, "column": 48 }
				},
				"type": "binary-expr",
				"locations": [
					{
						"start": { "line": 677, "column": 23 },
						"end": { "line": 677, "column": 39 }
					},
					{
						"start": { "line": 677, "column": 39 },
						"end": { "line": 677, "column": 48 }
					}
				]
			},
			"29": {
				"loc": {
					"start": { "line": 678, "column": 25 },
					"end": { "line": 678, "column": 52 }
				},
				"type": "binary-expr",
				"locations": [
					{
						"start": { "line": 678, "column": 25 },
						"end": { "line": 678, "column": 43 }
					},
					{
						"start": { "line": 678, "column": 43 },
						"end": { "line": 678, "column": 52 }
					}
				]
			},
			"30": {
				"loc": {
					"start": { "line": 758, "column": 24 },
					"end": { "line": 758, "column": 69 }
				},
				"type": "default-arg",
				"locations": [
					{
						"start": { "line": 758, "column": 34 },
						"end": { "line": 758, "column": 69 }
					}
				]
			},
			"31": {
				"loc": {
					"start": { "line": 759, "column": 23 },
					"end": { "line": 759, "column": 40 }
				},
				"type": "binary-expr",
				"locations": [
					{
						"start": { "line": 759, "column": 23 },
						"end": { "line": 759, "column": 39 }
					},
					{
						"start": { "line": 759, "column": 39 },
						"end": { "line": 759, "column": 40 }
					}
				]
			},
			"32": {
				"loc": {
					"start": { "line": 760, "column": 27 },
					"end": { "line": 760, "column": 48 }
				},
				"type": "binary-expr",
				"locations": [
					{
						"start": { "line": 760, "column": 27 },
						"end": { "line": 760, "column": 47 }
					},
					{
						"start": { "line": 760, "column": 47 },
						"end": { "line": 760, "column": 48 }
					}
				]
			},
			"33": {
				"loc": {
					"start": { "line": 761, "column": 25 },
					"end": { "line": 761, "column": 49 }
				},
				"type": "binary-expr",
				"locations": [
					{
						"start": { "line": 761, "column": 25 },
						"end": { "line": 761, "column": 43 }
					},
					{
						"start": { "line": 761, "column": 43 },
						"end": { "line": 761, "column": 49 }
					}
				]
			},
			"34": {
				"loc": {
					"start": { "line": 828, "column": 24 },
					"end": { "line": 828, "column": 69 }
				},
				"type": "default-arg",
				"locations": [
					{
						"start": { "line": 828, "column": 34 },
						"end": { "line": 828, "column": 69 }
					}
				]
			},
			"35": {
				"loc": {
					"start": { "line": 829, "column": 23 },
					"end": { "line": 829, "column": 40 }
				},
				"type": "binary-expr",
				"locations": [
					{
						"start": { "line": 829, "column": 23 },
						"end": { "line": 829, "column": 39 }
					},
					{
						"start": { "line": 829, "column": 39 },
						"end": { "line": 829, "column": 40 }
					}
				]
			},
			"36": {
				"loc": {
					"start": { "line": 830, "column": 27 },
					"end": { "line": 830, "column": 49 }
				},
				"type": "binary-expr",
				"locations": [
					{
						"start": { "line": 830, "column": 27 },
						"end": { "line": 830, "column": 47 }
					},
					{
						"start": { "line": 830, "column": 47 },
						"end": { "line": 830, "column": 49 }
					}
				]
			},
			"37": {
				"loc": {
					"start": { "line": 889, "column": 24 },
					"end": { "line": 889, "column": 69 }
				},
				"type": "default-arg",
				"locations": [
					{
						"start": { "line": 889, "column": 34 },
						"end": { "line": 889, "column": 69 }
					}
				]
			},
			"38": {
				"loc": {
					"start": { "line": 890, "column": 23 },
					"end": { "line": 890, "column": 40 }
				},
				"type": "binary-expr",
				"locations": [
					{
						"start": { "line": 890, "column": 23 },
						"end": { "line": 890, "column": 39 }
					},
					{
						"start": { "line": 890, "column": 39 },
						"end": { "line": 890, "column": 40 }
					}
				]
			},
			"39": {
				"loc": {
					"start": { "line": 891, "column": 23 },
					"end": { "line": 891, "column": 40 }
				},
				"type": "binary-expr",
				"locations": [
					{
						"start": { "line": 891, "column": 23 },
						"end": { "line": 891, "column": 39 }
					},
					{
						"start": { "line": 891, "column": 39 },
						"end": { "line": 891, "column": 40 }
					}
				]
			},
			"40": {
				"loc": {
					"start": { "line": 948, "column": 24 },
					"end": { "line": 948, "column": 69 }
				},
				"type": "default-arg",
				"locations": [
					{
						"start": { "line": 948, "column": 34 },
						"end": { "line": 948, "column": 69 }
					}
				]
			},
			"41": {
				"loc": {
					"start": { "line": 949, "column": 23 },
					"end": { "line": 949, "column": 40 }
				},
				"type": "binary-expr",
				"locations": [
					{
						"start": { "line": 949, "column": 23 },
						"end": { "line": 949, "column": 39 }
					},
					{
						"start": { "line": 949, "column": 39 },
						"end": { "line": 949, "column": 40 }
					}
				]
			},
			"42": {
				"loc": {
					"start": { "line": 1013, "column": 24 },
					"end": { "line": 1013, "column": 69 }
				},
				"type": "default-arg",
				"locations": [
					{
						"start": { "line": 1013, "column": 34 },
						"end": { "line": 1013, "column": 69 }
					}
				]
			},
			"43": {
				"loc": {
					"start": { "line": 1014, "column": 25 },
					"end": { "line": 1014, "column": 46 }
				},
				"type": "binary-expr",
				"locations": [
					{
						"start": { "line": 1014, "column": 25 },
						"end": { "line": 1014, "column": 43 }
					},
					{
						"start": { "line": 1014, "column": 43 },
						"end": { "line": 1014, "column": 46 }
					}
				]
			},
			"44": {
				"loc": {
					"start": { "line": 1015, "column": 23 },
					"end": { "line": 1015, "column": 40 }
				},
				"type": "binary-expr",
				"locations": [
					{
						"start": { "line": 1015, "column": 23 },
						"end": { "line": 1015, "column": 39 }
					},
					{
						"start": { "line": 1015, "column": 39 },
						"end": { "line": 1015, "column": 40 }
					}
				]
			},
			"45": {
				"loc": {
					"start": { "line": 1082, "column": 24 },
					"end": { "line": 1082, "column": 69 }
				},
				"type": "default-arg",
				"locations": [
					{
						"start": { "line": 1082, "column": 34 },
						"end": { "line": 1082, "column": 69 }
					}
				]
			},
			"46": {
				"loc": {
					"start": { "line": 1083, "column": 23 },
					"end": { "line": 1083, "column": 41 }
				},
				"type": "binary-expr",
				"locations": [
					{
						"start": { "line": 1083, "column": 23 },
						"end": { "line": 1083, "column": 39 }
					},
					{
						"start": { "line": 1083, "column": 39 },
						"end": { "line": 1083, "column": 41 }
					}
				]
			},
			"47": {
				"loc": {
					"start": { "line": 1104, "column": 4 },
					"end": { "line": 1110, "column": null }
				},
				"type": "if",
				"locations": [
					{
						"start": { "line": 1104, "column": 4 },
						"end": { "line": 1110, "column": null }
					},
					{ "start": {}, "end": {} }
				]
			},
			"48": {
				"loc": {
					"start": { "line": 1170, "column": 24 },
					"end": { "line": 1170, "column": 69 }
				},
				"type": "default-arg",
				"locations": [
					{
						"start": { "line": 1170, "column": 34 },
						"end": { "line": 1170, "column": 69 }
					}
				]
			},
			"49": {
				"loc": {
					"start": { "line": 1171, "column": 23 },
					"end": { "line": 1171, "column": 40 }
				},
				"type": "binary-expr",
				"locations": [
					{
						"start": { "line": 1171, "column": 23 },
						"end": { "line": 1171, "column": 39 }
					},
					{
						"start": { "line": 1171, "column": 39 },
						"end": { "line": 1171, "column": 40 }
					}
				]
			},
			"50": {
				"loc": {
					"start": { "line": 1172, "column": 23 },
					"end": { "line": 1172, "column": 48 }
				},
				"type": "binary-expr",
				"locations": [
					{
						"start": { "line": 1172, "column": 23 },
						"end": { "line": 1172, "column": 39 }
					},
					{
						"start": { "line": 1172, "column": 39 },
						"end": { "line": 1172, "column": 48 }
					}
				]
			}
		},
		"s": {
			"0": 2,
			"1": 15,
			"2": 15,
			"3": 15,
			"4": 10,
			"5": 10,
			"6": 10,
			"7": 15,
			"8": 15,
			"9": 15,
			"10": 45,
			"11": 45,
			"12": 45,
			"13": 45,
			"14": 45,
			"15": 15,
			"16": 2,
			"17": 19,
			"18": 19,
			"19": 19,
			"20": 19,
			"21": 19,
			"22": 19,
			"23": 9265,
			"24": 9265,
			"25": 19,
			"26": 19,
			"27": 7354,
			"28": 19,
			"29": 19,
			"30": 19,
			"31": 19,
			"32": 637,
			"33": 637,
			"34": 637,
			"35": 637,
			"36": 637,
			"37": 637,
			"38": 637,
			"39": 7354,
			"40": 7354,
			"41": 637,
			"42": 19,
			"43": 2,
			"44": 13,
			"45": 13,
			"46": 13,
			"47": 13,
			"48": 13,
			"49": 13,
			"50": 13,
			"51": 13,
			"52": 2,
			"53": 13,
			"54": 13,
			"55": 13,
			"56": 13,
			"57": 13,
			"58": 13,
			"59": 1040,
			"60": 1040,
			"61": 13,
			"62": 13406,
			"63": 13,
			"64": 13,
			"65": 13,
			"66": 520,
			"67": 520,
			"68": 520,
			"69": 520,
			"70": 520,
			"71": 520,
			"72": 13406,
			"73": 13406,
			"74": 13406,
			"75": 13406,
			"76": 13406,
			"77": 13406,
			"78": 13406,
			"79": 13406,
			"80": 161,
			"81": 520,
			"82": 520,
			"83": 13,
			"84": 2,
			"85": 16,
			"86": 16,
			"87": 16,
			"88": 16,
			"89": 16,
			"90": 16,
			"91": 192,
			"92": 192,
			"93": 16,
			"94": 32,
			"95": 32,
			"96": 32,
			"97": 32,
			"98": 192,
			"99": 192,
			"100": 32,
			"101": 32,
			"102": 16,
			"103": 16,
			"104": 16,
			"105": 2,
			"106": 13,
			"107": 13,
			"108": 13,
			"109": 13,
			"110": 13,
			"111": 13,
			"112": 13,
			"113": 2,
			"114": 13,
			"115": 13,
			"116": 13,
			"117": 13,
			"118": 13,
			"119": 260,
			"120": 2,
			"121": 13,
			"122": 13,
			"123": 13,
			"124": 13,
			"125": 2,
			"126": 13,
			"127": 13,
			"128": 13,
			"129": 13,
			"130": 156,
			"131": 156,
			"132": 156,
			"133": 156,
			"134": 2,
			"135": 10,
			"136": 10,
			"137": 10,
			"138": 2,
			"139": 10,
			"140": 10,
			"141": 10,
			"142": 10,
			"143": 10,
			"144": 6000,
			"145": 6000,
			"146": 10,
			"147": 2000,
			"148": 2000,
			"149": 2000,
			"150": 2000,
			"151": 10,
			"152": 2,
			"153": 7,
			"154": 7,
			"155": 7,
			"156": 315,
			"157": 315,
			"158": 7,
			"159": 105,
			"160": 7,
			"161": 7,
			"162": 7,
			"163": 105,
			"164": 105,
			"165": 735,
			"166": 735,
			"167": 322,
			"168": 7,
			"169": 105,
			"170": 7,
			"171": 2,
			"172": 10,
			"173": 10,
			"174": 10,
			"175": 10,
			"176": 10,
			"177": 10,
			"178": 10
		},
		"f": {
			"0": 15,
			"1": 19,
			"2": 9265,
			"3": 7354,
			"4": 13,
			"5": 13,
			"6": 1040,
			"7": 13406,
			"8": 16,
			"9": 192,
			"10": 32,
			"11": 13,
			"12": 13,
			"13": 260,
			"14": 13,
			"15": 13,
			"16": 156,
			"17": 10,
			"18": 10,
			"19": 6000,
			"20": 2000,
			"21": 7,
			"22": 315,
			"23": 105,
			"24": 105,
			"25": 10
		},
		"b": {
			"0": [0],
			"1": [10, 5],
			"2": [10, 0],
			"3": [0],
			"4": [19, 0],
			"5": [19, 0],
			"6": [19, 0],
			"7": [19, 0],
			"8": [19, 0],
			"9": [0],
			"10": [13, 0],
			"11": [13, 1],
			"12": [13, 0],
			"13": [0],
			"14": [13, 0],
			"15": [13, 0],
			"16": [13, 0],
			"17": [13, 0],
			"18": [161, 13245],
			"19": [13406, 13359, 13316, 13275],
			"20": [0],
			"21": [16, 0],
			"22": [16, 0],
			"23": [16, 1],
			"24": [16, 0],
			"25": [0],
			"26": [13, 0],
			"27": [13, 1],
			"28": [13, 0],
			"29": [13, 13],
			"30": [0],
			"31": [13, 0],
			"32": [13, 0],
			"33": [13, 0],
			"34": [0],
			"35": [13, 0],
			"36": [13, 0],
			"37": [0],
			"38": [13, 0],
			"39": [13, 0],
			"40": [0],
			"41": [10, 0],
			"42": [0],
			"43": [10, 0],
			"44": [10, 0],
			"45": [0],
			"46": [7, 0],
			"47": [322, 413],
			"48": [0],
			"49": [10, 0],
			"50": [10, 0]
		}
	},
	"D:/SVG/src/lib/engine/generators/filters.ts": {
		"path": "D:/SVG/src/lib/engine/generators/filters.ts",
		"statementMap": {
			"0": {
				"start": { "line": 3, "column": 32 },
				"end": { "line": 5, "column": null }
			},
			"1": {
				"start": { "line": 7, "column": 40 },
				"end": { "line": 11, "column": null }
			},
			"2": {
				"start": { "line": 13, "column": 33 },
				"end": { "line": 18, "column": null }
			},
			"3": {
				"start": { "line": 27, "column": 67 },
				"end": { "line": 59, "column": null }
			},
			"4": {
				"start": { "line": 32, "column": 26 },
				"end": { "line": 34, "column": null }
			},
			"5": {
				"start": { "line": 42, "column": 26 },
				"end": { "line": 45, "column": null }
			},
			"6": {
				"start": { "line": 53, "column": 26 },
				"end": { "line": 55, "column": null }
			}
		},
		"fnMap": {
			"0": {
				"name": "(anonymous_0)",
				"decl": {
					"start": { "line": 32, "column": 10 },
					"end": { "line": 32, "column": 11 }
				},
				"loc": {
					"start": { "line": 32, "column": 26 },
					"end": { "line": 34, "column": null }
				}
			},
			"1": {
				"name": "(anonymous_1)",
				"decl": {
					"start": { "line": 42, "column": 10 },
					"end": { "line": 42, "column": 11 }
				},
				"loc": {
					"start": { "line": 42, "column": 26 },
					"end": { "line": 45, "column": null }
				}
			},
			"2": {
				"name": "(anonymous_2)",
				"decl": {
					"start": { "line": 53, "column": 10 },
					"end": { "line": 53, "column": 11 }
				},
				"loc": {
					"start": { "line": 53, "column": 26 },
					"end": { "line": 55, "column": null }
				}
			}
		},
		"branchMap": {},
		"s": { "0": 1, "1": 1, "2": 1, "3": 1, "4": 0, "5": 0, "6": 0 },
		"f": { "0": 0, "1": 0, "2": 0 },
		"b": {}
	},
	"D:/SVG/src/lib/engine/generators/free-draw.ts": {
		"path": "D:/SVG/src/lib/engine/generators/free-draw.ts",
		"statementMap": {
			"0": {
				"start": { "line": 3, "column": 38 },
				"end": { "line": 108, "column": null }
			},
			"1": {
				"start": { "line": 54, "column": 24 },
				"end": { "line": 54, "column": null }
			},
			"2": {
				"start": { "line": 55, "column": 24 },
				"end": { "line": 55, "column": null }
			},
			"3": {
				"start": { "line": 56, "column": 22 },
				"end": { "line": 56, "column": null }
			},
			"4": {
				"start": { "line": 57, "column": 18 },
				"end": { "line": 57, "column": null }
			},
			"5": {
				"start": { "line": 59, "column": 2 },
				"end": { "line": 61, "column": null }
			},
			"6": {
				"start": { "line": 60, "column": 3 },
				"end": { "line": 60, "column": null }
			},
			"7": {
				"start": { "line": 67, "column": 18 },
				"end": { "line": 67, "column": null }
			},
			"8": {
				"start": { "line": 67, "column": 51 },
				"end": { "line": 67, "column": 70 }
			},
			"9": {
				"start": { "line": 69, "column": 12 },
				"end": { "line": 69, "column": null }
			},
			"10": {
				"start": { "line": 73, "column": 2 },
				"end": { "line": 104, "column": null }
			},
			"11": {
				"start": { "line": 75, "column": 3 },
				"end": { "line": 84, "column": null }
			},
			"12": {
				"start": { "line": 76, "column": 18 },
				"end": { "line": 76, "column": null }
			},
			"13": {
				"start": { "line": 77, "column": 15 },
				"end": { "line": 77, "column": null }
			},
			"14": {
				"start": { "line": 78, "column": 15 },
				"end": { "line": 78, "column": null }
			},
			"15": {
				"start": { "line": 79, "column": 15 },
				"end": { "line": 79, "column": null }
			},
			"16": {
				"start": { "line": 80, "column": 15 },
				"end": { "line": 80, "column": null }
			},
			"17": {
				"start": { "line": 81, "column": 20 },
				"end": { "line": 81, "column": null }
			},
			"18": {
				"start": { "line": 82, "column": 4 },
				"end": { "line": 82, "column": null }
			},
			"19": {
				"start": { "line": 83, "column": 4 },
				"end": { "line": 83, "column": null }
			},
			"20": {
				"start": { "line": 86, "column": 17 },
				"end": { "line": 86, "column": null }
			},
			"21": {
				"start": { "line": 89, "column": 3 },
				"end": { "line": 101, "column": null }
			},
			"22": {
				"start": { "line": 91, "column": 4 },
				"end": { "line": 91, "column": null }
			},
			"23": {
				"start": { "line": 92, "column": 4 },
				"end": { "line": 92, "column": null }
			},
			"24": {
				"start": { "line": 93, "column": 4 },
				"end": { "line": 93, "column": null }
			},
			"25": {
				"start": { "line": 94, "column": 4 },
				"end": { "line": 94, "column": null }
			},
			"26": {
				"start": { "line": 97, "column": 4 },
				"end": { "line": 97, "column": null }
			},
			"27": {
				"start": { "line": 98, "column": 4 },
				"end": { "line": 98, "column": null }
			},
			"28": {
				"start": { "line": 99, "column": 4 },
				"end": { "line": 99, "column": null }
			},
			"29": {
				"start": { "line": 100, "column": 4 },
				"end": { "line": 100, "column": null }
			},
			"30": {
				"start": { "line": 103, "column": 3 },
				"end": { "line": 103, "column": null }
			},
			"31": {
				"start": { "line": 106, "column": 2 },
				"end": { "line": 106, "column": null }
			}
		},
		"fnMap": {
			"0": {
				"name": "(anonymous_0)",
				"decl": {
					"start": { "line": 53, "column": 9 },
					"end": { "line": 53, "column": 10 }
				},
				"loc": {
					"start": { "line": 53, "column": 21 },
					"end": { "line": 107, "column": null }
				}
			},
			"1": {
				"name": "(anonymous_1)",
				"decl": {
					"start": { "line": 67, "column": 44 },
					"end": { "line": 67, "column": 45 }
				},
				"loc": {
					"start": { "line": 67, "column": 51 },
					"end": { "line": 67, "column": 70 }
				}
			}
		},
		"branchMap": {
			"0": {
				"loc": {
					"start": { "line": 54, "column": 31 },
					"end": { "line": 54, "column": 62 }
				},
				"type": "binary-expr",
				"locations": [
					{
						"start": { "line": 54, "column": 31 },
						"end": { "line": 54, "column": 53 }
					},
					{
						"start": { "line": 54, "column": 53 },
						"end": { "line": 54, "column": 62 }
					}
				]
			},
			"1": {
				"loc": {
					"start": { "line": 55, "column": 31 },
					"end": { "line": 55, "column": 56 }
				},
				"type": "binary-expr",
				"locations": [
					{
						"start": { "line": 55, "column": 31 },
						"end": { "line": 55, "column": 53 }
					},
					{
						"start": { "line": 55, "column": 53 },
						"end": { "line": 55, "column": 56 }
					}
				]
			},
			"2": {
				"loc": {
					"start": { "line": 56, "column": 29 },
					"end": { "line": 56, "column": 54 }
				},
				"type": "binary-expr",
				"locations": [
					{
						"start": { "line": 56, "column": 29 },
						"end": { "line": 56, "column": 47 }
					},
					{
						"start": { "line": 56, "column": 47 },
						"end": { "line": 56, "column": 54 }
					}
				]
			},
			"3": {
				"loc": {
					"start": { "line": 57, "column": 25 },
					"end": { "line": 57, "column": 46 }
				},
				"type": "binary-expr",
				"locations": [
					{
						"start": { "line": 57, "column": 25 },
						"end": { "line": 57, "column": 44 }
					},
					{
						"start": { "line": 57, "column": 44 },
						"end": { "line": 57, "column": 46 }
					}
				]
			},
			"4": {
				"loc": {
					"start": { "line": 59, "column": 2 },
					"end": { "line": 61, "column": null }
				},
				"type": "if",
				"locations": [
					{
						"start": { "line": 59, "column": 2 },
						"end": { "line": 61, "column": null }
					},
					{ "start": {}, "end": {} }
				]
			},
			"5": {
				"loc": {
					"start": { "line": 75, "column": 3 },
					"end": { "line": 84, "column": null }
				},
				"type": "if",
				"locations": [
					{
						"start": { "line": 75, "column": 3 },
						"end": { "line": 84, "column": null }
					},
					{ "start": {}, "end": {} }
				]
			},
			"6": {
				"loc": {
					"start": { "line": 77, "column": 15 },
					"end": { "line": 77, "column": null }
				},
				"type": "binary-expr",
				"locations": [
					{
						"start": { "line": 77, "column": 15 },
						"end": { "line": 77, "column": 27 }
					},
					{
						"start": { "line": 77, "column": 27 },
						"end": { "line": 77, "column": null }
					}
				]
			},
			"7": {
				"loc": {
					"start": { "line": 78, "column": 15 },
					"end": { "line": 78, "column": null }
				},
				"type": "binary-expr",
				"locations": [
					{
						"start": { "line": 78, "column": 15 },
						"end": { "line": 78, "column": 27 }
					},
					{
						"start": { "line": 78, "column": 27 },
						"end": { "line": 78, "column": null }
					}
				]
			},
			"8": {
				"loc": {
					"start": { "line": 79, "column": 15 },
					"end": { "line": 79, "column": null }
				},
				"type": "binary-expr",
				"locations": [
					{
						"start": { "line": 79, "column": 15 },
						"end": { "line": 79, "column": 27 }
					},
					{
						"start": { "line": 79, "column": 27 },
						"end": { "line": 79, "column": null }
					}
				]
			},
			"9": {
				"loc": {
					"start": { "line": 80, "column": 15 },
					"end": { "line": 80, "column": null }
				},
				"type": "binary-expr",
				"locations": [
					{
						"start": { "line": 80, "column": 15 },
						"end": { "line": 80, "column": 27 }
					},
					{
						"start": { "line": 80, "column": 27 },
						"end": { "line": 80, "column": null }
					}
				]
			},
			"10": {
				"loc": {
					"start": { "line": 89, "column": 3 },
					"end": { "line": 101, "column": null }
				},
				"type": "if",
				"locations": [
					{
						"start": { "line": 89, "column": 3 },
						"end": { "line": 101, "column": null }
					},
					{
						"start": { "line": 95, "column": 10 },
						"end": { "line": 101, "column": null }
					}
				]
			},
			"11": {
				"loc": {
					"start": { "line": 92, "column": 9 },
					"end": { "line": 92, "column": null }
				},
				"type": "binary-expr",
				"locations": [
					{
						"start": { "line": 92, "column": 9 },
						"end": { "line": 92, "column": 29 }
					},
					{
						"start": { "line": 92, "column": 29 },
						"end": { "line": 92, "column": null }
					}
				]
			},
			"12": {
				"loc": {
					"start": { "line": 93, "column": 10 },
					"end": { "line": 93, "column": null }
				},
				"type": "binary-expr",
				"locations": [
					{
						"start": { "line": 93, "column": 10 },
						"end": { "line": 93, "column": 22 }
					},
					{
						"start": { "line": 93, "column": 22 },
						"end": { "line": 93, "column": null }
					}
				]
			}
		},
		"s": {
			"0": 2,
			"1": 14,
			"2": 14,
			"3": 14,
			"4": 14,
			"5": 14,
			"6": 14,
			"7": 0,
			"8": 0,
			"9": 0,
			"10": 0,
			"11": 0,
			"12": 0,
			"13": 0,
			"14": 0,
			"15": 0,
			"16": 0,
			"17": 0,
			"18": 0,
			"19": 0,
			"20": 0,
			"21": 0,
			"22": 0,
			"23": 0,
			"24": 0,
			"25": 0,
			"26": 0,
			"27": 0,
			"28": 0,
			"29": 0,
			"30": 0,
			"31": 0
		},
		"f": { "0": 14, "1": 0 },
		"b": {
			"0": [14, 0],
			"1": [14, 0],
			"2": [14, 0],
			"3": [14, 14],
			"4": [14, 0],
			"5": [0, 0],
			"6": [0, 0],
			"7": [0, 0],
			"8": [0, 0],
			"9": [0, 0],
			"10": [0, 0],
			"11": [0, 0],
			"12": [0, 0]
		}
	},
	"D:/SVG/src/lib/engine/generators/gradient.ts": {
		"path": "D:/SVG/src/lib/engine/generators/gradient.ts",
		"statementMap": {
			"0": {
				"start": { "line": 3, "column": 44 },
				"end": { "line": 74, "column": null }
			},
			"1": {
				"start": { "line": 50, "column": 49 },
				"end": { "line": 50, "column": null }
			},
			"2": {
				"start": { "line": 51, "column": 17 },
				"end": { "line": 51, "column": null }
			},
			"3": {
				"start": { "line": 54, "column": 8 },
				"end": { "line": 54, "column": null }
			},
			"4": {
				"start": { "line": 55, "column": 13 },
				"end": { "line": 55, "column": null }
			},
			"5": {
				"start": { "line": 56, "column": 13 },
				"end": { "line": 56, "column": null }
			},
			"6": {
				"start": { "line": 57, "column": 13 },
				"end": { "line": 57, "column": null }
			},
			"7": {
				"start": { "line": 58, "column": 13 },
				"end": { "line": 58, "column": null }
			},
			"8": {
				"start": { "line": 60, "column": 2 },
				"end": { "line": 72, "column": null }
			}
		},
		"fnMap": {
			"0": {
				"name": "(anonymous_0)",
				"decl": {
					"start": { "line": 49, "column": 9 },
					"end": { "line": 49, "column": 10 }
				},
				"loc": {
					"start": { "line": 49, "column": 27 },
					"end": { "line": 73, "column": null }
				}
			}
		},
		"branchMap": {
			"0": {
				"loc": {
					"start": { "line": 70, "column": 10 },
					"end": { "line": 70, "column": 87 }
				},
				"type": "cond-expr",
				"locations": [
					{
						"start": { "line": 70, "column": 24 },
						"end": { "line": 70, "column": 29 }
					},
					{
						"start": { "line": 70, "column": 29 },
						"end": { "line": 70, "column": 87 }
					}
				]
			}
		},
		"s": {
			"0": 2,
			"1": 12,
			"2": 12,
			"3": 12,
			"4": 12,
			"5": 12,
			"6": 12,
			"7": 12,
			"8": 12
		},
		"f": { "0": 12 },
		"b": { "0": [2, 10] }
	},
	"D:/SVG/src/lib/engine/generators/icons.ts": {
		"path": "D:/SVG/src/lib/engine/generators/icons.ts",
		"statementMap": {
			"0": {
				"start": { "line": 3, "column": 40 },
				"end": { "line": 150, "column": null }
			},
			"1": {
				"start": { "line": 91, "column": 6 },
				"end": { "line": 91, "column": null }
			},
			"2": {
				"start": { "line": 92, "column": 15 },
				"end": { "line": 92, "column": null }
			},
			"3": {
				"start": { "line": 93, "column": 28 },
				"end": { "line": 93, "column": null }
			},
			"4": {
				"start": { "line": 95, "column": 10 },
				"end": { "line": 95, "column": null }
			},
			"5": {
				"start": { "line": 96, "column": 15 },
				"end": { "line": 99, "column": null }
			},
			"6": {
				"start": { "line": 97, "column": 3 },
				"end": { "line": 97, "column": null }
			},
			"7": {
				"start": { "line": 98, "column": 3 },
				"end": { "line": 98, "column": null }
			},
			"8": {
				"start": { "line": 101, "column": 21 },
				"end": { "line": 125, "column": null }
			},
			"9": {
				"start": { "line": 107, "column": 16 },
				"end": { "line": 107, "column": null }
			},
			"10": {
				"start": { "line": 108, "column": 14 },
				"end": { "line": 108, "column": null }
			},
			"11": {
				"start": { "line": 109, "column": 14 },
				"end": { "line": 109, "column": null }
			},
			"12": {
				"start": { "line": 110, "column": 13 },
				"end": { "line": 110, "column": null }
			},
			"13": {
				"start": { "line": 112, "column": 3 },
				"end": { "line": 124, "column": null }
			},
			"14": {
				"start": { "line": 114, "column": 5 },
				"end": { "line": 115, "column": null }
			},
			"15": {
				"start": { "line": 117, "column": 5 },
				"end": { "line": 117, "column": null }
			},
			"16": {
				"start": { "line": 119, "column": 5 },
				"end": { "line": 119, "column": null }
			},
			"17": {
				"start": { "line": 121, "column": 5 },
				"end": { "line": 121, "column": null }
			},
			"18": {
				"start": { "line": 123, "column": 5 },
				"end": { "line": 123, "column": null }
			},
			"19": {
				"start": { "line": 127, "column": 2 },
				"end": { "line": 134, "column": null }
			},
			"20": {
				"start": { "line": 127, "column": 15 },
				"end": { "line": 127, "column": 18 }
			},
			"21": {
				"start": { "line": 128, "column": 3 },
				"end": { "line": 133, "column": null }
			},
			"22": {
				"start": { "line": 128, "column": 16 },
				"end": { "line": 128, "column": 19 }
			},
			"23": {
				"start": { "line": 129, "column": 4 },
				"end": { "line": 132, "column": null }
			},
			"24": {
				"start": { "line": 130, "column": 18 },
				"end": { "line": 130, "column": null }
			},
			"25": {
				"start": { "line": 131, "column": 5 },
				"end": { "line": 131, "column": null }
			},
			"26": {
				"start": { "line": 136, "column": 2 },
				"end": { "line": 148, "column": null }
			}
		},
		"fnMap": {
			"0": {
				"name": "(anonymous_0)",
				"decl": {
					"start": { "line": 82, "column": 9 },
					"end": { "line": 82, "column": 10 }
				},
				"loc": {
					"start": { "line": 82, "column": 69 },
					"end": { "line": 149, "column": null }
				}
			},
			"1": {
				"name": "(anonymous_1)",
				"decl": {
					"start": { "line": 96, "column": 15 },
					"end": { "line": 96, "column": 21 }
				},
				"loc": {
					"start": { "line": 96, "column": 21 },
					"end": { "line": 99, "column": null }
				}
			},
			"2": {
				"name": "(anonymous_2)",
				"decl": {
					"start": { "line": 101, "column": 21 },
					"end": { "line": 101, "column": null }
				},
				"loc": {
					"start": { "line": 106, "column": 7 },
					"end": { "line": 125, "column": null }
				}
			}
		},
		"branchMap": {
			"0": {
				"loc": {
					"start": { "line": 82, "column": 24 },
					"end": { "line": 82, "column": 69 }
				},
				"type": "default-arg",
				"locations": [
					{
						"start": { "line": 82, "column": 34 },
						"end": { "line": 82, "column": 69 }
					}
				]
			},
			"1": {
				"loc": {
					"start": { "line": 112, "column": 3 },
					"end": { "line": 124, "column": null }
				},
				"type": "switch",
				"locations": [
					{
						"start": { "line": 113, "column": 4 },
[...]
						"end": { "line": 865, "column": null }
					},
					{ "start": {}, "end": {} }
				]
			},
			"113": {
				"loc": {
					"start": { "line": 873, "column": 16 },
					"end": { "line": 878, "column": null }
				},
				"type": "binary-expr",
				"locations": [
					{
						"start": { "line": 873, "column": 16 },
						"end": { "line": 873, "column": null }
					},
					{
						"start": { "line": 873, "column": 22 },
						"end": { "line": 878, "column": null }
					}
				]
			},
			"114": {
				"loc": {
					"start": { "line": 880, "column": 11 },
					"end": { "line": 883, "column": null }
				},
				"type": "cond-expr",
				"locations": [
					{
						"start": { "line": 882, "column": 9 },
						"end": { "line": 882, "column": null }
					},
					{
						"start": { "line": 883, "column": 10 },
						"end": { "line": 883, "column": null }
					}
				]
			},
			"115": {
				"loc": {
					"start": { "line": 883, "column": 10 },
					"end": { "line": 883, "column": null }
				},
				"type": "binary-expr",
				"locations": [
					{
						"start": { "line": 883, "column": 10 },
						"end": { "line": 883, "column": 30 }
					},
					{
						"start": { "line": 883, "column": 30 },
						"end": { "line": 883, "column": null }
					}
				]
			},
			"116": {
				"loc": {
					"start": { "line": 884, "column": 11 },
					"end": { "line": 887, "column": null }
				},
				"type": "cond-expr",
				"locations": [
					{
						"start": { "line": 886, "column": 9 },
						"end": { "line": 886, "column": null }
					},
					{
						"start": { "line": 887, "column": 10 },
						"end": { "line": 887, "column": null }
					}
				]
			},
			"117": {
				"loc": {
					"start": { "line": 887, "column": 10 },
					"end": { "line": 887, "column": null }
				},
				"type": "binary-expr",
				"locations": [
					{
						"start": { "line": 887, "column": 10 },
						"end": { "line": 887, "column": 30 }
					},
					{
						"start": { "line": 887, "column": 30 },
						"end": { "line": 887, "column": null }
					}
				]
			},
			"118": {
				"loc": {
					"start": { "line": 892, "column": 9 },
					"end": { "line": 895, "column": null }
				},
				"type": "if",
				"locations": [
					{
						"start": { "line": 892, "column": 9 },
						"end": { "line": 895, "column": null }
					},
					{ "start": {}, "end": {} }
				]
			},
			"119": {
				"loc": {
					"start": { "line": 892, "column": 9 },
					"end": { "line": 892, "column": 31 }
				},
				"type": "binary-expr",
				"locations": [
					{
						"start": { "line": 892, "column": 9 },
						"end": { "line": 892, "column": 21 }
					},
					{
						"start": { "line": 892, "column": 21 },
						"end": { "line": 892, "column": 31 }
					}
				]
			},
			"120": {
				"loc": {
					"start": { "line": 893, "column": 60 },
					"end": { "line": 893, "column": 73 }
				},
				"type": "binary-expr",
				"locations": [
					{
						"start": { "line": 893, "column": 60 },
						"end": { "line": 893, "column": 72 }
					},
					{
						"start": { "line": 893, "column": 72 },
						"end": { "line": 893, "column": 73 }
					}
				]
			},
			"121": {
				"loc": {
					"start": { "line": 893, "column": 81 },
					"end": { "line": 893, "column": 94 }
				},
				"type": "binary-expr",
				"locations": [
					{
						"start": { "line": 893, "column": 81 },
						"end": { "line": 893, "column": 93 }
					},
					{
						"start": { "line": 893, "column": 93 },
						"end": { "line": 893, "column": 94 }
					}
				]
			},
			"122": {
				"loc": {
					"start": { "line": 925, "column": 6 },
					"end": { "line": 937, "column": null }
				},
				"type": "if",
				"locations": [
					{
						"start": { "line": 925, "column": 6 },
						"end": { "line": 937, "column": null }
					},
					{ "start": {}, "end": {} }
				]
			},
			"123": {
				"loc": {
					"start": { "line": 930, "column": 4 },
					"end": { "line": 935, "column": null }
				},
				"type": "if",
				"locations": [
					{
						"start": { "line": 930, "column": 4 },
						"end": { "line": 935, "column": null }
					},
					{ "start": {}, "end": {} }
				]
			},
			"124": {
				"loc": {
					"start": { "line": 930, "column": 4 },
					"end": { "line": 932, "column": null }
				},
				"type": "binary-expr",
				"locations": [
					{
						"start": { "line": 930, "column": 4 },
						"end": { "line": 930, "column": null }
					},
					{
						"start": { "line": 930, "column": 25 },
						"end": { "line": 931, "column": null }
					},
					{
						"start": { "line": 931, "column": 11 },
						"end": { "line": 932, "column": null }
					}
				]
			},
			"125": {
				"loc": {
					"start": { "line": 942, "column": 6 },
					"end": { "line": 954, "column": null }
				},
				"type": "if",
				"locations": [
					{
						"start": { "line": 942, "column": 6 },
						"end": { "line": 954, "column": null }
					},
					{ "start": {}, "end": {} }
				]
			},
			"126": {
				"loc": {
					"start": { "line": 947, "column": 4 },
					"end": { "line": 952, "column": null }
				},
				"type": "if",
				"locations": [
					{
						"start": { "line": 947, "column": 4 },
						"end": { "line": 952, "column": null }
					},
					{ "start": {}, "end": {} }
				]
			},
			"127": {
				"loc": {
					"start": { "line": 947, "column": 4 },
					"end": { "line": 949, "column": null }
				},
				"type": "binary-expr",
				"locations": [
					{
						"start": { "line": 947, "column": 4 },
						"end": { "line": 947, "column": null }
					},
					{
						"start": { "line": 947, "column": 25 },
						"end": { "line": 948, "column": null }
					},
					{
						"start": { "line": 948, "column": 11 },
						"end": { "line": 949, "column": null }
					}
				]
			},
			"128": {
				"loc": {
					"start": { "line": 967, "column": 2 },
					"end": { "line": 967, "column": null }
				},
				"type": "default-arg",
				"locations": [
					{
						"start": { "line": 967, "column": 2 },
						"end": { "line": 967, "column": null }
					}
				]
			},
			"129": {
				"loc": {
					"start": { "line": 978, "column": 7 },
					"end": { "line": 983, "column": null }
				},
				"type": "if",
				"locations": [
					{
						"start": { "line": 978, "column": 7 },
						"end": { "line": 983, "column": null }
					},
					{ "start": {}, "end": {} }
				]
			},
			"130": {
				"loc": {
					"start": { "line": 985, "column": 10 },
					"end": { "line": 985, "column": 24 }
				},
				"type": "default-arg",
				"locations": [
					{
						"start": { "line": 985, "column": 18 },
						"end": { "line": 985, "column": 24 }
					}
				]
			},
			"131": {
				"loc": {
					"start": { "line": 985, "column": 24 },
					"end": { "line": 985, "column": 39 }
				},
				"type": "default-arg",
				"locations": [
					{
						"start": { "line": 985, "column": 33 },
						"end": { "line": 985, "column": 39 }
					}
				]
			},
			"132": {
				"loc": {
					"start": { "line": 985, "column": 39 },
					"end": { "line": 985, "column": 49 }
				},
				"type": "default-arg",
				"locations": [
					{
						"start": { "line": 985, "column": 45 },
						"end": { "line": 985, "column": 49 }
					}
				]
			},
			"133": {
				"loc": {
					"start": { "line": 985, "column": 49 },
					"end": { "line": 985, "column": 66 }
				},
				"type": "default-arg",
				"locations": [
					{
						"start": { "line": 985, "column": 60 },
						"end": { "line": 985, "column": 66 }
					}
				]
			},
			"134": {
				"loc": {
					"start": { "line": 990, "column": 7 },
					"end": { "line": 1043, "column": null }
				},
				"type": "if",
				"locations": [
					{
						"start": { "line": 990, "column": 7 },
						"end": { "line": 1043, "column": null }
					},
					{
						"start": { "line": 994, "column": 3 },
						"end": { "line": 1043, "column": null }
					}
				]
			},
			"135": {
				"loc": {
					"start": { "line": 994, "column": 3 },
					"end": { "line": 1043, "column": null }
				},
				"type": "if",
				"locations": [
					{
						"start": { "line": 994, "column": 3 },
						"end": { "line": 1043, "column": null }
					},
					{
						"start": { "line": 1032, "column": 10 },
						"end": { "line": 1043, "column": null }
					}
				]
			},
			"136": {
				"loc": {
					"start": { "line": 994, "column": 3 },
					"end": { "line": 997, "column": null }
				},
				"type": "binary-expr",
				"locations": [
					{
						"start": { "line": 994, "column": 3 },
						"end": { "line": 995, "column": null }
					},
					{
						"start": { "line": 995, "column": 15 },
						"end": { "line": 996, "column": null }
					},
					{
						"start": { "line": 996, "column": 15 },
						"end": { "line": 997, "column": null }
					}
				]
			},
			"137": {
				"loc": {
					"start": { "line": 1018, "column": 12 },
					"end": { "line": 1023, "column": null }
				},
				"type": "cond-expr",
				"locations": [
					{
						"start": { "line": 1020, "column": 10 },
						"end": { "line": 1020, "column": null }
					},
					{
						"start": { "line": 1021, "column": 10 },
						"end": { "line": 1023, "column": null }
					}
				]
			},
			"138": {
				"loc": {
					"start": { "line": 1021, "column": 10 },
					"end": { "line": 1023, "column": null }
				},
				"type": "cond-expr",
				"locations": [
					{
						"start": { "line": 1022, "column": 11 },
						"end": { "line": 1022, "column": null }
					},
					{
						"start": { "line": 1023, "column": 11 },
						"end": { "line": 1023, "column": null }
					}
				]
			},
			"139": {
				"loc": {
					"start": { "line": 1050, "column": 36 },
					"end": { "line": 1050, "column": 92 }
				},
				"type": "cond-expr",
				"locations": [
					{
						"start": { "line": 1050, "column": 61 },
						"end": { "line": 1050, "column": 77 }
					},
					{
						"start": { "line": 1050, "column": 77 },
						"end": { "line": 1050, "column": 92 }
					}
				]
			},
			"140": {
				"loc": {
					"start": { "line": 1052, "column": 8 },
					"end": { "line": 1054, "column": null }
				},
				"type": "if",
				"locations": [
					{
						"start": { "line": 1052, "column": 8 },
						"end": { "line": 1054, "column": null }
					},
					{ "start": {}, "end": {} }
				]
			},
			"141": {
				"loc": {
					"start": { "line": 1078, "column": 6 },
					"end": { "line": 1082, "column": null }
				},
				"type": "if",
				"locations": [
					{
						"start": { "line": 1078, "column": 6 },
						"end": { "line": 1082, "column": null }
					},
					{
						"start": { "line": 1080, "column": 9 },
						"end": { "line": 1082, "column": null }
					}
				]
			}
		},
		"s": {
			"0": 1,
			"1": 1,
			"2": 1,
			"3": 1,
			"4": 1,
			"5": 1,
			"6": 1,
			"7": 1,
			"8": 1,
			"9": 1,
			"10": 1,
			"11": 1,
			"12": 1,
			"13": 1,
			"14": 1,
			"15": 0,
			"16": 0,
			"17": 12,
			"18": 9,
			"19": 9,
			"20": 4,
			"21": 4,
			"22": 4,
			"23": 4,
			"24": 4,
			"25": 0,
			"26": 4,
			"27": 4,
			"28": 4,
			"29": 4,
			"30": 4,
			"31": 4,
			"32": 4,
			"33": 4,
			"34": 4,
			"35": 4,
			"36": 4,
			"37": 0,
			"38": 4,
			"39": 4,
			"40": 0,
			"41": 4,
			"42": 4,
			"43": 4,
			"44": 4,
			"45": 0,
			"46": 0,
			"47": 4,
			"48": 0,
			"49": 0,
			"50": 0,
			"51": 0,
			"52": 0,
			"53": 0,
			"54": 0,
			"55": 0,
			"56": 4,
			"57": 4,
			"58": 4,
			"59": 4,
			"60": 4,
			"61": 4,
			"62": 0,
			"63": 0,
			"64": 0,
			"65": 1,
			"66": 1,
			"67": 1,
			"68": 0,
			"69": 0,
			"70": 0,
			"71": 0,
			"72": 0,
			"73": 0,
			"74": 0,
			"75": 0,
			"76": 0,
			"77": 0,
			"78": 0,
			"79": 0,
			"80": 0,
			"81": 1,
			"82": 0,
			"83": 0,
			"84": 0,
			"85": 0,
			"86": 1,
			"87": 1,
			"88": 1,
			"89": 1,
			"90": 1,
			"91": 1,
			"92": 0,
			"93": 0,
			"94": 0,
			"95": 1,
			"96": 0,
			"97": 1,
			"98": 1,
			"99": 1,
			"100": 0,
			"101": 0,
			"102": 0,
			"103": 0,
			"104": 1,
			"105": 1,
			"106": 1,
			"107": 1,
			"108": 1,
			"109": 0,
			"110": 0,
			"111": 0,
			"112": 0,
			"113": 0,
			"114": 0,
			"115": 0,
			"116": 0,
			"117": 0,
			"118": 0,
			"119": 0,
			"120": 0,
			"121": 0,
			"122": 0,
			"123": 0,
			"124": 0,
			"125": 0,
			"126": 0,
			"127": 0,
			"128": 0,
			"129": 0,
			"130": 0,
			"131": 0,
			"132": 0,
			"133": 0,
			"134": 0,
			"135": 0,
			"136": 0,
			"137": 0,
			"138": 0,
			"139": 0,
			"140": 0,
			"141": 0,
			"142": 0,
			"143": 0,
			"144": 0,
			"145": 0,
			"146": 0,
			"147": 0,
			"148": 0,
			"149": 0,
			"150": 0,
			"151": 0,
			"152": 0,
			"153": 0,
			"154": 0,
			"155": 0,
			"156": 0,
			"157": 0,
			"158": 0,
			"159": 0,
			"160": 0,
			"161": 0,
			"162": 0,
			"163": 0,
			"164": 0,
			"165": 0,
			"166": 0,
			"167": 0,
			"168": 0,
			"169": 0,
			"170": 0,
			"171": 0,
			"172": 0,
			"173": 0,
			"174": 0,
			"175": 0,
			"176": 0,
			"177": 0,
			"178": 0,
			"179": 0,
			"180": 0,
			"181": 0,
			"182": 0,
			"183": 0,
			"184": 0,
			"185": 0,
			"186": 0,
			"187": 0,
			"188": 0,
			"189": 0,
			"190": 0,
			"191": 0,
			"192": 0,
			"193": 0,
			"194": 0,
			"195": 0,
			"196": 0,
			"197": 0,
			"198": 0,
			"199": 0,
			"200": 0,
			"201": 0,
			"202": 0,
			"203": 0,
			"204": 0,
			"205": 0,
			"206": 0,
			"207": 0,
			"208": 0,
			"209": 0,
			"210": 0,
			"211": 0,
			"212": 0,
			"213": 0,
			"214": 0,
			"215": 0,
			"216": 0,
			"217": 0,
			"218": 0,
			"219": 0,
			"220": 0,
			"221": 0,
			"222": 20,
			"223": 24,
			"224": 20,
			"225": 20,
			"226": 1,
			"227": 0,
			"228": 1,
			"229": 1,
			"230": 0,
			"231": 1,
			"232": 1,
			"233": 1,
			"234": 1,
			"235": 1,
			"236": 1,
			"237": 3,
			"238": 1,
			"239": 1,
			"240": 1,
			"241": 1,
			"242": 0,
			"243": 1,
			"244": 0,
			"245": 20,
			"246": 0,
			"247": 20,
			"248": 20,
			"249": 20,
			"250": 0,
			"251": 20,
			"252": 20,
			"253": 0,
			"254": 0,
			"255": 5,
			"256": 5,
			"257": 5,
			"258": 5,
			"259": 5,
			"260": 5,
			"261": 5,
			"262": 0,
			"263": 0,
			"264": 0,
			"265": 0,
			"266": 0,
			"267": 0,
			"268": 0,
			"269": 0,
			"270": 0,
			"271": 0,
			"272": 0,
			"273": 0,
			"274": 0,
			"275": 0,
			"276": 0,
			"277": 0,
			"278": 0,
			"279": 0,
			"280": 0,
			"281": 0,
			"282": 0,
			"283": 0,
			"284": 0,
			"285": 0,
			"286": 0,
			"287": 0,
			"288": 0,
			"289": 0,
			"290": 0,
			"291": 0,
			"292": 0,
			"293": 0,
			"294": 0,
			"295": 0,
			"296": 0,
			"297": 0,
			"298": 0,
			"299": 0,
			"300": 0,
			"301": 0,
			"302": 0,
			"303": 0,
			"304": 0,
			"305": 0,
			"306": 0,
			"307": 0,
			"308": 0,
			"309": 0,
			"310": 0,
			"311": 0,
			"312": 0,
			"313": 0,
			"314": 0,
			"315": 0,
			"316": 0,
			"317": 0,
			"318": 0,
			"319": 0,
			"320": 0,
			"321": 1,
			"322": 1,
			"323": 1,
			"324": 1,
			"325": 1,
			"326": 3,
			"327": 1,
			"328": 1,
			"329": 1,
			"330": 0,
			"331": 0,
			"332": 0,
			"333": 0,
			"334": 0,
			"335": 0,
			"336": 0,
			"337": 0,
			"338": 0,
			"339": 0,
			"340": 0,
			"341": 0,
			"342": 0,
			"343": 0,
			"344": 0,
			"345": 0,
			"346": 0,
			"347": 0,
			"348": 0,
			"349": 0,
			"350": 0,
			"351": 0,
			"352": 0,
			"353": 0,
			"354": 0,
			"355": 0,
			"356": 0,
			"357": 0,
			"358": 0,
			"359": 0,
			"360": 0,
			"361": 0,
			"362": 0,
			"363": 0,
			"364": 0,
			"365": 0,
			"366": 0,
			"367": 0,
			"368": 0,
			"369": 0,
			"370": 0,
			"371": 0,
			"372": 0,
			"373": 0,
			"374": 0,
			"375": 0,
			"376": 0,
			"377": 0,
			"378": 20,
			"379": 20,
			"380": 7,
			"381": 7,
			"382": 0,
			"383": 0,
			"384": 0,
			"385": 0,
			"386": 0,
			"387": 0,
			"388": 0,
			"389": 0,
			"390": 0,
			"391": 0,
			"392": 0,
			"393": 0,
			"394": 0,
			"395": 0,
			"396": 0,
			"397": 0,
			"398": 2,
			"399": 2,
			"400": 0,
			"401": 2,
			"402": 2,
			"403": 2,
			"404": 1,
			"405": 1,
			"406": 1,
			"407": 1,
			"408": 1,
			"409": 1,
			"410": 1,
			"411": 1,
			"412": 1,
			"413": 1,
			"414": 1,
			"415": 1,
			"416": 0,
			"417": 0,
			"418": 0,
			"419": 0,
			"420": 0,
			"421": 0,
			"422": 0,
			"423": 1,
			"424": 1,
			"425": 1,
			"426": 1,
			"427": 0,
			"428": 0,
			"429": 1,
			"430": 1,
			"431": 1,
			"432": 1,
			"433": 1,
			"434": 0,
			"435": 0,
			"436": 1,
			"437": 1,
			"438": 1,
			"439": 0,
			"440": 0,
			"441": 0,
			"442": 0,
			"443": 0,
			"444": 0,
			"445": 0,
			"446": 1
		},
		"f": {
			"0": 133,
			"1": 50,
			"2": 28,
			"3": 0,
			"4": 1,
			"5": 0,
			"6": 0,
			"7": 108,
			"8": 0,
			"9": 0,
			"10": 0,
			"11": 1,
			"12": 0,
			"13": 0,
			"14": 0,
			"15": 11,
			"16": 9,
			"17": 40,
			"18": 8,
			"19": 16,
			"20": 4,
			"21": 0,
			"22": 4,
			"23": 0,
			"24": 4,
			"25": 1,
			"26": 0,
			"27": 0,
			"28": 0,
			"29": 0,
			"30": 0,
			"31": 0,
			"32": 0,
			"33": 0,
			"34": 0,
			"35": 0,
			"36": 0,
			"37": 0,
			"38": 0,
			"39": 0,
			"40": 0,
			"41": 1,
			"42": 0,
			"43": 0,
			"44": 0,
			"45": 0,
			"46": 0,
			"47": 0,
			"48": 0,
			"49": 0,
			"50": 0,
			"51": 0,
			"52": 0,
			"53": 0,
			"54": 0,
			"55": 0,
			"56": 0,
			"57": 0,
			"58": 20,
			"59": 24,
			"60": 1,
			"61": 3,
			"62": 20,
			"63": 0,
			"64": 5,
			"65": 5,
			"66": 0,
			"67": 0,
			"68": 0,
			"69": 0,
			"70": 0,
			"71": 0,
			"72": 0,
			"73": 0,
			"74": 0,
			"75": 0,
			"76": 0,
			"77": 0,
			"78": 0,
			"79": 0,
			"80": 1,
			"81": 1,
			"82": 1,
			"83": 3,
			"84": 0,
			"85": 0,
			"86": 20,
			"87": 7,
			"88": 0,
			"89": 0,
			"90": 0,
			"91": 0,
			"92": 2,
			"93": 1,
			"94": 0,
			"95": 0,
			"96": 1,
			"97": 0,
			"98": 1,
			"99": 0,
			"100": 0
		},
		"b": {
			"0": [11, 3],
			"1": [7, 1],
			"2": [0, 4],
			"3": [0, 4],
			"4": [4, 0],
			"5": [4, 0],
			"6": [0, 0],
			"7": [4, 0],
			"8": [0, 0],
			"9": [0, 4],
			"10": [4, 0],
			"11": [0, 4],
			"12": [0, 4],
			"13": [4, 0],
			"14": [0, 4],
			"15": [0, 0],
			"16": [0, 0],
			"17": [4],
			"18": [1, 0],
			"19": [0, 0],
			"20": [1, 0],
			"21": [0, 0],
			"22": [0, 0, 0, 0],
			"23": [0, 1],
			"24": [1, 0],
			"25": [0, 0],
			"26": [0, 0],
			"27": [0, 0],
			"28": [0, 0],
			"29": [0, 0],
			"30": [0, 0],
			"31": [0, 0],
			"32": [0, 0],
			"33": [0, 0],
			"34": [0, 0],
			"35": [0, 0, 0],
			"36": [0, 0],
			"37": [0, 0],
			"38": [0, 0],
			"39": [0, 0],
			"40": [0, 0],
			"41": [0, 0],
			"42": [0, 0],
			"43": [0, 0],
			"44": [0, 0, 0],
			"45": [0, 0, 0],
			"46": [0, 0],
			"47": [0, 0],
			"48": [0, 0],
			"49": [0, 0],
			"50": [0, 0],
			"51": [0, 0],
			"52": [0, 0],
			"53": [0, 0],
			"54": [0, 0],
			"55": [0, 1],
			"56": [0, 1],
			"57": [1, 1],
			"58": [0, 1],
			"59": [1, 0],
			"60": [1, 1],
			"61": [3, 0],
			"62": [3, 0],
			"63": [3, 0],
			"64": [3, 0],
			"65": [3, 0],
			"66": [0],
			"67": [3, 3],
			"68": [3, 3],
			"69": [3, 0],
			"70": [0, 0],
			"71": [3, 0],
			"72": [0, 0],
			"73": [3, 3],
			"74": [1, 0],
			"75": [1, 0],
			"76": [0, 20],
			"77": [0, 5],
			"78": [0, 5],
			"79": [0, 0],
			"80": [0, 0],
			"81": [0, 0],
			"82": [0, 0],
			"83": [0, 0],
			"84": [0, 0],
			"85": [0, 0],
			"86": [0, 0],
			"87": [0, 0],
			"88": [0, 0],
			"89": [0, 0],
			"90": [0, 0],
			"91": [0, 0],
			"92": [0, 0],
			"93": [0, 0],
			"94": [1, 0],
			"95": [3, 0],
			"96": [3, 0],
			"97": [3, 1],
			"98": [1, 2],
			"99": [1, 0],
			"100": [0],
			"101": [0, 0],
			"102": [0, 0],
			"103": [0, 0],
			"104": [0, 0],
			"105": [0, 0],
			"106": [0, 0],
			"107": [0, 0],
			"108": [0, 0],
			"109": [0, 0],
			"110": [0, 0],
			"111": [0, 0],
			"112": [0, 0],
			"113": [0, 0],
			"114": [0, 0],
			"115": [0, 0],
			"116": [0, 0],
			"117": [0, 0],
			"118": [0, 0],
			"119": [0, 0],
			"120": [0, 0],
			"121": [0, 0],
			"122": [0, 0],
			"123": [0, 0],
			"124": [0, 0, 0],
			"125": [0, 0],
			"126": [0, 0],
			"127": [0, 0, 0],
			"128": [0],
			"129": [0, 2],
			"130": [0],
			"131": [0],
			"132": [2],
			"133": [2],
			"134": [1, 1],
			"135": [1, 0],
			"136": [1, 0, 0],
			"137": [0, 0],
			"138": [0, 0],
			"139": [1, 0],
			"140": [0, 0],
			"141": [0, 0]
		}
	}
}
